<?xml version="1.0" encoding="UTF-8"?>
<!-- Generated by org.testng.reporters.JUnitXMLReporter -->
<testsuite ignored="10" hostname="DESKTOP-FLAG05I" failures="0" tests="1" name="Default test" time="0.065" errors="0" timestamp="2024-10-30T16:10:31 EDT">
  <testcase classname="tests.BaseSteps" name="@BeforeMethod Setup" time="-1.730319031405E9">
    <failure type="org.testng.TestNGException" message="
Parameter &amp;apos;os&amp;apos; is required by BeforeMethod on method Setup but has not been marked @Optional or defined
in C:\Users\Vishnu\AppData\Local\Temp\testng-eclipse--998905008\testng-customsuite.xml">
      <![CDATA[org.testng.TestNGException: 
Parameter 'os' is required by BeforeMethod on method Setup but has not been marked @Optional or defined
in C:\Users\Vishnu\AppData\Local\Temp\testng-eclipse--998905008\testng-customsuite.xml
at org.testng.internal.Parameters.createParams(Parameters.java:264)
at org.testng.internal.Parameters.createParametersForMethod(Parameters.java:352)
at org.testng.internal.Parameters.createParameters(Parameters.java:690)
at org.testng.internal.Parameters.createConfigurationParameters(Parameters.java:163)
at org.testng.internal.invokers.ConfigInvoker.invokeConfigurations(ConfigInvoker.java:313)
at org.testng.internal.invokers.TestInvoker.runConfigMethods(TestInvoker.java:833)
at org.testng.internal.invokers.TestInvoker.invokeMethod(TestInvoker.java:600)
at org.testng.internal.invokers.TestInvoker.invokeTestMethod(TestInvoker.java:230)
at org.testng.internal.invokers.MethodRunner.runInSequence(MethodRunner.java:63)
at org.testng.internal.invokers.TestInvoker$MethodInvocationAgent.invoke(TestInvoker.java:992)
at org.testng.internal.invokers.TestInvoker.invokeTestMethods(TestInvoker.java:203)
at org.testng.internal.invokers.TestMethodWorker.invokeTestMethods(TestMethodWorker.java:154)
at org.testng.internal.invokers.TestMethodWorker.run(TestMethodWorker.java:134)
at java.base/java.util.ArrayList.forEach(ArrayList.java:1596)
at org.testng.TestRunner.privateRun(TestRunner.java:739)
at org.testng.TestRunner.run(TestRunner.java:614)
at org.testng.SuiteRunner.runTest(SuiteRunner.java:421)
at org.testng.SuiteRunner.runSequentially(SuiteRunner.java:413)
at org.testng.SuiteRunner.privateRun(SuiteRunner.java:373)
at org.testng.SuiteRunner.run(SuiteRunner.java:312)
at org.testng.SuiteRunnerWorker.runSuite(SuiteRunnerWorker.java:52)
at org.testng.SuiteRunnerWorker.run(SuiteRunnerWorker.java:95)
at org.testng.TestNG.runSuitesSequentially(TestNG.java:1274)
at org.testng.TestNG.runSuitesLocally(TestNG.java:1208)
at org.testng.TestNG.runSuites(TestNG.java:1112)
at org.testng.TestNG.run(TestNG.java:1079)
at org.testng.remote.AbstractRemoteTestNG.run(AbstractRemoteTestNG.java:115)
at org.testng.remote.RemoteTestNG.initAndRun(RemoteTestNG.java:293)
at org.testng.remote.RemoteTestNG.main(RemoteTestNG.java:91)
]]>
    </failure>
  </testcase> <!-- @BeforeMethod Setup -->
  <testcase classname="tests.BaseSteps" name="@AfterMethod tearDown" time="0.0">
    <skipped/>
  </testcase> <!-- @AfterMethod tearDown -->
  <testcase classname="tests.LoginTest" name="verifyLoggingAfterchangingPassword" time="0.0">
    <skipped/>
  </testcase> <!-- verifyLoggingAfterchangingPassword -->
  <testcase classname="tests.LoginTest" name="verifyMaxLoginAttempts" time="0.0">
    <ignored/>
  </testcase> <!-- verifyMaxLoginAttempts -->
  <testcase classname="tests.LoginTest" name="verifyPasswordCannotCopied" time="0.0">
    <ignored/>
  </testcase> <!-- verifyPasswordCannotCopied -->
  <testcase classname="tests.LoginTest" name="verifyNavigatingBackAfterLogout" time="0.0">
    <ignored/>
  </testcase> <!-- verifyNavigatingBackAfterLogout -->
  <testcase classname="tests.LoginTest" name="verifyPlaceholdersOnLoginPage" time="0.0">
    <ignored/>
  </testcase> <!-- verifyPlaceholdersOnLoginPage -->
  <testcase classname="tests.LoginTest" name="verifyForgotPasswordLink" time="0.0">
    <ignored/>
  </testcase> <!-- verifyForgotPasswordLink -->
  <testcase classname="tests.LoginTest" name="verifyLoginToApplicationUsingvalidCredentials" time="0.0">
    <ignored/>
  </testcase> <!-- verifyLoginToApplicationUsingvalidCredentials -->
  <testcase classname="tests.LoginTest" name="verifyPasswordFieldToggleToHide" time="0.0">
    <ignored/>
  </testcase> <!-- verifyPasswordFieldToggleToHide -->
  <testcase classname="tests.LoginTest" name="verifyLoginToApplicationUsingInvalidCredentials" time="0.0">
    <ignored/>
  </testcase> <!-- verifyLoginToApplicationUsingInvalidCredentials -->
  <testcase classname="tests.LoginTest" name="verifyPasswordNotVisibleInPageSource" time="0.0">
    <ignored/>
  </testcase> <!-- verifyPasswordNotVisibleInPageSource -->
  <testcase classname="tests.LoginTest" name="verifyNavigatingBackAfterSuccessfullLogin" time="0.0">
    <ignored/>
  </testcase> <!-- verifyNavigatingBackAfterSuccessfullLogin -->
</testsuite> <!-- Default test -->
