<?xml version="1.0" encoding="UTF-8"?>
<!-- Generated by org.testng.reporters.JUnitXMLReporter -->
<testsuite ignored="0" hostname="DESKTOP-FLAG05I" failures="4" tests="32" name="edgetest" time="310.391" errors="0" timestamp="2024-10-29T16:14:41 EDT">
  <testcase classname="tests.LoginTest" name="verifyLoginToApplicationUsingvalidCredentials" time="2.367"/>
  <testcase classname="tests.LoginTest" name="verifyLoginToApplicationUsingInvalidCredentials" time="1.931"/>
  <testcase classname="tests.LoginTest" name="verifyLoginToApplicationUsingInvalidEmailValidPass" time="1.978"/>
  <testcase classname="tests.LoginTest" name="verifyLoginToApplicationUsingValidEmailInvalidPass" time="3.225"/>
  <testcase classname="tests.LoginTest" name="verifyLoginToApplicationUsingNoCredentilals" time="1.926"/>
  <testcase classname="tests.LoginTest" name="verifyForgotPasswordLink" time="1.4"/>
  <testcase classname="tests.LoginTest" name="verifyPlaceholdersOnLoginPage" time="2.819"/>
  <testcase classname="tests.LoginTest" name="verifyNavigatingBackAfterSuccessfullLogin" time="7.976">
    <failure type="org.openqa.selenium.NoSuchElementException" message="no such element: Unable to locate element: {&amp;quot;method&amp;quot;:&amp;quot;xpath&amp;quot;,&amp;quot;selector&amp;quot;:&amp;quot;(//a[text()=&amp;apos;Logout&amp;apos;])[1]&amp;quot;}
  (Session info: MicrosoftEdge=130.0.2849.56)
For documentation on this error, please visit: https://www.selenium.dev/documentation/webdriver/troubleshooting/errors#no-such-element-exception
Build info: version: &amp;apos;4.25.0&amp;apos;, revision: &amp;apos;8a8aea2337&amp;apos;
System info: os.name: &amp;apos;Windows 11&amp;apos;, os.arch: &amp;apos;amd64&amp;apos;, os.version: &amp;apos;10.0&amp;apos;, java.version: &amp;apos;21&amp;apos;
Driver info: org.openqa.selenium.edge.EdgeDriver
Command: [1d8c5e6073bbb3438c9980f857c313f7, findElement {value=(//a[text()=&amp;apos;Logout&amp;apos;])[1], using=xpath}]
Capabilities {acceptInsecureCerts: false, browserName: MicrosoftEdge, browserVersion: 130.0.2849.56, fedcm:accounts: true, ms:edgeOptions: {debuggerAddress: localhost:59599}, msedge: {msedgedriverVersion: 130.0.2849.56 (85245383cd01..., userDataDir: C:\Users\Vishnu\AppData\Loc...}, networkConnectionEnabled: false, pageLoadStrategy: normal, platformName: windows, proxy: Proxy(), se:cdp: ws://localhost:59599/devtoo..., se:cdpVersion: 130.0.2849.56, setWindowRect: true, strictFileInteractability: false, timeouts: {implicit: 0, pageLoad: 300000, script: 30000}, unhandledPromptBehavior: dismiss and notify, webauthn:extension:credBlob: true, webauthn:extension:largeBlob: true, webauthn:extension:minPinLength: true, webauthn:extension:prf: true, webauthn:virtualAuthenticators: true}
Session ID: 1d8c5e6073bbb3438c9980f857c313f7">
      <![CDATA[org.openqa.selenium.NoSuchElementException: no such element: Unable to locate element: {"method":"xpath","selector":"(//a[text()='Logout'])[1]"}
  (Session info: MicrosoftEdge=130.0.2849.56)
For documentation on this error, please visit: https://www.selenium.dev/documentation/webdriver/troubleshooting/errors#no-such-element-exception
Build info: version: '4.25.0', revision: '8a8aea2337'
System info: os.name: 'Windows 11', os.arch: 'amd64', os.version: '10.0', java.version: '21'
Driver info: org.openqa.selenium.edge.EdgeDriver
Command: [1d8c5e6073bbb3438c9980f857c313f7, findElement {value=(//a[text()='Logout'])[1], using=xpath}]
Capabilities {acceptInsecureCerts: false, browserName: MicrosoftEdge, browserVersion: 130.0.2849.56, fedcm:accounts: true, ms:edgeOptions: {debuggerAddress: localhost:59599}, msedge: {msedgedriverVersion: 130.0.2849.56 (85245383cd01..., userDataDir: C:\Users\Vishnu\AppData\Loc...}, networkConnectionEnabled: false, pageLoadStrategy: normal, platformName: windows, proxy: Proxy(), se:cdp: ws://localhost:59599/devtoo..., se:cdpVersion: 130.0.2849.56, setWindowRect: true, strictFileInteractability: false, timeouts: {implicit: 0, pageLoad: 300000, script: 30000}, unhandledPromptBehavior: dismiss and notify, webauthn:extension:credBlob: true, webauthn:extension:largeBlob: true, webauthn:extension:minPinLength: true, webauthn:extension:prf: true, webauthn:virtualAuthenticators: true}
Session ID: 1d8c5e6073bbb3438c9980f857c313f7
at org.openqa.selenium.remote.ErrorCodec.decode(ErrorCodec.java:167)
at org.openqa.selenium.remote.codec.w3c.W3CHttpResponseCodec.decode(W3CHttpResponseCodec.java:138)
at org.openqa.selenium.remote.codec.w3c.W3CHttpResponseCodec.decode(W3CHttpResponseCodec.java:50)
at org.openqa.selenium.remote.HttpCommandExecutor.execute(HttpCommandExecutor.java:190)
at org.openqa.selenium.remote.service.DriverCommandExecutor.invokeExecute(DriverCommandExecutor.java:216)
at org.openqa.selenium.remote.service.DriverCommandExecutor.execute(DriverCommandExecutor.java:174)
at org.openqa.selenium.remote.RemoteWebDriver.execute(RemoteWebDriver.java:545)
at org.openqa.selenium.remote.ElementLocation$ElementFinder$2.findElement(ElementLocation.java:165)
at org.openqa.selenium.remote.ElementLocation.findElement(ElementLocation.java:59)
at org.openqa.selenium.remote.RemoteWebDriver.findElement(RemoteWebDriver.java:368)
at org.openqa.selenium.remote.RemoteWebDriver.findElement(RemoteWebDriver.java:362)
at org.openqa.selenium.support.pagefactory.DefaultElementLocator.findElement(DefaultElementLocator.java:68)
at org.openqa.selenium.support.pagefactory.internal.LocatingElementHandler.invoke(LocatingElementHandler.java:38)
at jdk.proxy2/jdk.proxy2.$Proxy15.isDisplayed(Unknown Source)
at tests.LoginTest.verifyNavigatingBackAfterSuccessfullLogin(LoginTest.java:68)
at java.base/java.util.ArrayList.forEach(ArrayList.java:1596)
... Removed 28 stack frames]]>
    </failure>
  </testcase> <!-- verifyNavigatingBackAfterSuccessfullLogin -->
  <testcase classname="tests.LoginTest" name="verifyNavigatingBackAfterLogout" time="8.404">
    <failure type="org.openqa.selenium.NoSuchElementException" message="no such element: Unable to locate element: {&amp;quot;method&amp;quot;:&amp;quot;xpath&amp;quot;,&amp;quot;selector&amp;quot;:&amp;quot;(//a[text()=&amp;apos;Login&amp;apos;])[1]&amp;quot;}
  (Session info: MicrosoftEdge=130.0.2849.56)
For documentation on this error, please visit: https://www.selenium.dev/documentation/webdriver/troubleshooting/errors#no-such-element-exception
Build info: version: &amp;apos;4.25.0&amp;apos;, revision: &amp;apos;8a8aea2337&amp;apos;
System info: os.name: &amp;apos;Windows 11&amp;apos;, os.arch: &amp;apos;amd64&amp;apos;, os.version: &amp;apos;10.0&amp;apos;, java.version: &amp;apos;21&amp;apos;
Driver info: org.openqa.selenium.edge.EdgeDriver
Command: [b991e4ddf21067be1f0f6fdc4174fb3a, findElement {value=(//a[text()=&amp;apos;Login&amp;apos;])[1], using=xpath}]
Capabilities {acceptInsecureCerts: false, browserName: MicrosoftEdge, browserVersion: 130.0.2849.56, fedcm:accounts: true, ms:edgeOptions: {debuggerAddress: localhost:59632}, msedge: {msedgedriverVersion: 130.0.2849.56 (85245383cd01..., userDataDir: C:\Users\Vishnu\AppData\Loc...}, networkConnectionEnabled: false, pageLoadStrategy: normal, platformName: windows, proxy: Proxy(), se:cdp: ws://localhost:59632/devtoo..., se:cdpVersion: 130.0.2849.56, setWindowRect: true, strictFileInteractability: false, timeouts: {implicit: 0, pageLoad: 300000, script: 30000}, unhandledPromptBehavior: dismiss and notify, webauthn:extension:credBlob: true, webauthn:extension:largeBlob: true, webauthn:extension:minPinLength: true, webauthn:extension:prf: true, webauthn:virtualAuthenticators: true}
Session ID: b991e4ddf21067be1f0f6fdc4174fb3a">
      <![CDATA[org.openqa.selenium.NoSuchElementException: no such element: Unable to locate element: {"method":"xpath","selector":"(//a[text()='Login'])[1]"}
  (Session info: MicrosoftEdge=130.0.2849.56)
For documentation on this error, please visit: https://www.selenium.dev/documentation/webdriver/troubleshooting/errors#no-such-element-exception
Build info: version: '4.25.0', revision: '8a8aea2337'
System info: os.name: 'Windows 11', os.arch: 'amd64', os.version: '10.0', java.version: '21'
Driver info: org.openqa.selenium.edge.EdgeDriver
Command: [b991e4ddf21067be1f0f6fdc4174fb3a, findElement {value=(//a[text()='Login'])[1], using=xpath}]
Capabilities {acceptInsecureCerts: false, browserName: MicrosoftEdge, browserVersion: 130.0.2849.56, fedcm:accounts: true, ms:edgeOptions: {debuggerAddress: localhost:59632}, msedge: {msedgedriverVersion: 130.0.2849.56 (85245383cd01..., userDataDir: C:\Users\Vishnu\AppData\Loc...}, networkConnectionEnabled: false, pageLoadStrategy: normal, platformName: windows, proxy: Proxy(), se:cdp: ws://localhost:59632/devtoo..., se:cdpVersion: 130.0.2849.56, setWindowRect: true, strictFileInteractability: false, timeouts: {implicit: 0, pageLoad: 300000, script: 30000}, unhandledPromptBehavior: dismiss and notify, webauthn:extension:credBlob: true, webauthn:extension:largeBlob: true, webauthn:extension:minPinLength: true, webauthn:extension:prf: true, webauthn:virtualAuthenticators: true}
Session ID: b991e4ddf21067be1f0f6fdc4174fb3a
at org.openqa.selenium.remote.ErrorCodec.decode(ErrorCodec.java:167)
at org.openqa.selenium.remote.codec.w3c.W3CHttpResponseCodec.decode(W3CHttpResponseCodec.java:138)
at org.openqa.selenium.remote.codec.w3c.W3CHttpResponseCodec.decode(W3CHttpResponseCodec.java:50)
at org.openqa.selenium.remote.HttpCommandExecutor.execute(HttpCommandExecutor.java:190)
at org.openqa.selenium.remote.service.DriverCommandExecutor.invokeExecute(DriverCommandExecutor.java:216)
at org.openqa.selenium.remote.service.DriverCommandExecutor.execute(DriverCommandExecutor.java:174)
at org.openqa.selenium.remote.RemoteWebDriver.execute(RemoteWebDriver.java:545)
at org.openqa.selenium.remote.ElementLocation$ElementFinder$2.findElement(ElementLocation.java:165)
at org.openqa.selenium.remote.ElementLocation.findElement(ElementLocation.java:59)
at org.openqa.selenium.remote.RemoteWebDriver.findElement(RemoteWebDriver.java:368)
at org.openqa.selenium.remote.RemoteWebDriver.findElement(RemoteWebDriver.java:362)
at org.openqa.selenium.support.pagefactory.DefaultElementLocator.findElement(DefaultElementLocator.java:68)
at org.openqa.selenium.support.pagefactory.internal.LocatingElementHandler.invoke(LocatingElementHandler.java:38)
at jdk.proxy2/jdk.proxy2.$Proxy15.isDisplayed(Unknown Source)
at tests.LoginTest.verifyNavigatingBackAfterLogout(LoginTest.java:74)
at java.base/java.util.ArrayList.forEach(ArrayList.java:1596)
... Removed 28 stack frames]]>
    </failure>
  </testcase> <!-- verifyNavigatingBackAfterLogout -->
  <testcase classname="tests.LoginTest" name="verifyLoginUsingInvalidCredentials" time="2.633"/>
  <testcase classname="tests.LoginTest" name="verifyMaxLoginAttempts" time="5.331"/>
  <testcase classname="tests.LoginTest" name="verifyPasswordFieldToggleToHide" time="1.195"/>
  <testcase classname="tests.LoginTest" name="verifyPasswordCannotCopied" time="1.376"/>
  <testcase classname="tests.LoginTest" name="verifyPasswordNotVisibleInPageSource" time="1.152"/>
  <testcase classname="tests.RegisterTest" name="verifyRegisterAccountUsingMandatoryFields" time="3.656"/>
  <testcase classname="tests.RegisterTest" name="verifyRegisterAccountUsingAllFields" time="4.134"/>
  <testcase classname="tests.RegisterTest" name="verifyRegisterAccountWithoutanyDetails" time="3.363"/>
  <testcase classname="tests.RegisterTest" name="verifyRegisterAccountYesSelectedForNewsletter" time="4.263"/>
  <testcase classname="tests.RegisterTest" name="verifyRegisterAccountNoSelectedForNewsletter" time="3.625"/>
  <testcase classname="tests.RegisterTest" name="verifyDiffWayNavigatingToRegisterAccount" time="3.228"/>
  <testcase classname="tests.RegisterTest" name="verifyRegisteringWithDifferentPassAndConfirmPass" time="3.469"/>
  <testcase classname="tests.RegisterTest" name="verifyRegisteringWithExistingDetails" time="3.499"/>
  <testcase classname="tests.RegisterTest" name="verifyInvalidEmailTooltipMsg" time="6.34"/>
  <testcase classname="tests.RegisterTest" name="verifyUserCannotuseInvalidPhoneNumber" time="4.175">
    <failure type="java.lang.AssertionError" message="did not expect [Your Account Has Been Created!] but found [Your Account Has Been Created!]">
      <![CDATA[java.lang.AssertionError: did not expect [Your Account Has Been Created!] but found [Your Account Has Been Created!]
at tests.RegisterTest.verifyUserCannotuseInvalidPhoneNumber(RegisterTest.java:116)
at java.base/java.util.ArrayList.forEach(ArrayList.java:1596)
... Removed 30 stack frames]]>
    </failure>
  </testcase> <!-- verifyUserCannotuseInvalidPhoneNumber -->
  <testcase classname="tests.RegisterTest" name="verifyThePlaceholders" time="1.593"/>
  <testcase classname="tests.RegisterTest" name="verifyAsterickSymbolForMandatoryFields" time="1.509"/>
  <testcase classname="tests.RegisterTest" name="verifyPassWordFieldFollowComplexityStandards" time="4.181">
    <failure type="java.lang.AssertionError" message="did not expect [Your Account Has Been Created!] but found [Your Account Has Been Created!]">
      <![CDATA[java.lang.AssertionError: did not expect [Your Account Has Been Created!] but found [Your Account Has Been Created!]
at tests.RegisterTest.verifyPassWordFieldFollowComplexityStandards(RegisterTest.java:183)
at java.base/java.util.ArrayList.forEach(ArrayList.java:1596)
... Removed 30 stack frames]]>
    </failure>
  </testcase> <!-- verifyPassWordFieldFollowComplexityStandards -->
  <testcase classname="tests.RegisterTest" name="verifyCheckboxNotCheckedByDefault" time="1.49"/>
  <testcase classname="tests.RegisterTest" name="verifyRegisteringWithNotSelectingPrivacyPolicy" time="3.443"/>
  <testcase classname="tests.RegisterTest" name="verifyPasswordAndConfirmPasswordToggledToHide" time="1.656"/>
  <testcase classname="tests.RegisterTest" name="verifyRegisteringWithNotEnteringPassConfirm" time="3.478"/>
  <testcase classname="tests.RegisterTest" name="verifyConfirmationEmailSendForSuccessfullRegistration" time="4.052"/>
</testsuite> <!-- edgetest -->
