<?xml version="1.0" encoding="UTF-8"?>
<!-- Generated by org.testng.reporters.JUnitXMLReporter -->
<testsuite ignored="0" hostname="DESKTOP-FLAG05I" failures="0" tests="17" name="Test" time="14.592" errors="0" timestamp="2024-11-05T15:40:18 EST">
  <testcase classname="tests.LoginTest" name="@BeforeMethod SetUp" time="11.745">
    <failure type="java.lang.NullPointerException" message="Cannot invoke &amp;quot;org.openqa.selenium.support.events.WebDriverListener.getClass()&amp;quot; because &amp;quot;listener&amp;quot; is null">
      <![CDATA[java.lang.NullPointerException: Cannot invoke "org.openqa.selenium.support.events.WebDriverListener.getClass()" because "listener" is null
at org.openqa.selenium.support.events.EventFiringDecorator.findMatchingMethod(EventFiringDecorator.java:309)
at org.openqa.selenium.support.events.EventFiringDecorator.fireBeforeEvents(EventFiringDecorator.java:251)
at org.openqa.selenium.support.events.EventFiringDecorator.lambda$beforeCall$0(EventFiringDecorator.java:188)
at java.base/java.util.Arrays$ArrayList.forEach(Arrays.java:4305)
at org.openqa.selenium.support.events.EventFiringDecorator.beforeCall(EventFiringDecorator.java:188)
at org.openqa.selenium.support.decorators.DefaultDecorated.beforeCall(DefaultDecorated.java:43)
at org.openqa.selenium.support.decorators.WebDriverDecorator.lambda$createProxy$2(WebDriverDecorator.java:320)
at net.bytebuddy.renamed.java.lang.Object$ByteBuddy$FPv4XN1O.get(Unknown Source)
at org.openqa.selenium.support.decorators.WebDriverDecorator.call(WebDriverDecorator.java:249)
at org.openqa.selenium.support.decorators.DefaultDecorated.call(DefaultDecorated.java:48)
at org.openqa.selenium.support.decorators.WebDriverDecorator.lambda$createProxy$2(WebDriverDecorator.java:321)
at net.bytebuddy.renamed.java.lang.Object$ByteBuddy$oUGZIJGb.get(Unknown Source)
at utils.EnvironmentType.setEnvType(EnvironmentType.java:36)
at tests.BaseSteps.initialize(BaseSteps.java:62)
at tests.LoginTest.SetUp(LoginTest.java:25)
at java.base/java.util.ArrayList.forEach(ArrayList.java:1596)
... Removed 31 stack frames]]>
    </failure>
  </testcase> <!-- @BeforeMethod SetUp -->
  <testcase classname="tests.BaseSteps" name="@AfterMethod tearDown" time="0.0">
    <skipped/>
  </testcase> <!-- @AfterMethod tearDown -->
  <testcase classname="tests.LoginTest" name="@BeforeMethod SetUp" time="0.0">
    <skipped/>
  </testcase> <!-- @BeforeMethod SetUp -->
  <testcase classname="tests.BaseSteps" name="@AfterMethod tearDown" time="0.0">
    <skipped/>
  </testcase> <!-- @AfterMethod tearDown -->
  <testcase classname="tests.LoginTest" name="@BeforeMethod SetUp" time="0.0">
    <skipped/>
  </testcase> <!-- @BeforeMethod SetUp -->
  <testcase classname="tests.BaseSteps" name="@AfterMethod tearDown" time="0.0">
    <skipped/>
  </testcase> <!-- @AfterMethod tearDown -->
  <testcase classname="tests.LoginTest" name="@BeforeMethod SetUp" time="0.0">
    <skipped/>
  </testcase> <!-- @BeforeMethod SetUp -->
  <testcase classname="tests.BaseSteps" name="@AfterMethod tearDown" time="0.0">
    <skipped/>
  </testcase> <!-- @AfterMethod tearDown -->
  <testcase classname="tests.LoginTest" name="@BeforeMethod SetUp" time="0.0">
    <skipped/>
  </testcase> <!-- @BeforeMethod SetUp -->
  <testcase classname="tests.BaseSteps" name="@AfterMethod tearDown" time="0.0">
    <skipped/>
  </testcase> <!-- @AfterMethod tearDown -->
  <testcase classname="tests.LoginTest" name="@BeforeMethod SetUp" time="0.0">
    <skipped/>
  </testcase> <!-- @BeforeMethod SetUp -->
  <testcase classname="tests.BaseSteps" name="@AfterMethod tearDown" time="0.0">
    <skipped/>
  </testcase> <!-- @AfterMethod tearDown -->
  <testcase classname="tests.LoginTest" name="@BeforeMethod SetUp" time="0.0">
    <skipped/>
  </testcase> <!-- @BeforeMethod SetUp -->
  <testcase classname="tests.BaseSteps" name="@AfterMethod tearDown" time="0.0">
    <skipped/>
  </testcase> <!-- @AfterMethod tearDown -->
  <testcase classname="tests.LoginTest" name="@BeforeMethod SetUp" time="0.0">
    <skipped/>
  </testcase> <!-- @BeforeMethod SetUp -->
  <testcase classname="tests.BaseSteps" name="@AfterMethod tearDown" time="0.0">
    <skipped/>
  </testcase> <!-- @AfterMethod tearDown -->
  <testcase classname="tests.LoginTest" name="@BeforeMethod SetUp" time="0.0">
    <skipped/>
  </testcase> <!-- @BeforeMethod SetUp -->
  <testcase classname="tests.BaseSteps" name="@AfterMethod tearDown" time="0.0">
    <skipped/>
  </testcase> <!-- @AfterMethod tearDown -->
  <testcase classname="tests.LoginTest" name="@BeforeMethod SetUp" time="0.0">
    <skipped/>
  </testcase> <!-- @BeforeMethod SetUp -->
  <testcase classname="tests.BaseSteps" name="@AfterMethod tearDown" time="0.0">
    <skipped/>
  </testcase> <!-- @AfterMethod tearDown -->
  <testcase classname="tests.LoginTest" name="@BeforeMethod SetUp" time="0.0">
    <skipped/>
  </testcase> <!-- @BeforeMethod SetUp -->
  <testcase classname="tests.BaseSteps" name="@AfterMethod tearDown" time="0.0">
    <skipped/>
  </testcase> <!-- @AfterMethod tearDown -->
  <testcase classname="tests.LoginTest" name="@BeforeMethod SetUp" time="0.0">
    <skipped/>
  </testcase> <!-- @BeforeMethod SetUp -->
  <testcase classname="tests.BaseSteps" name="@AfterMethod tearDown" time="0.0">
    <skipped/>
  </testcase> <!-- @AfterMethod tearDown -->
  <testcase classname="tests.LoginTest" name="@BeforeMethod SetUp" time="0.0">
    <skipped/>
  </testcase> <!-- @BeforeMethod SetUp -->
  <testcase classname="tests.BaseSteps" name="@AfterMethod tearDown" time="0.0">
    <skipped/>
  </testcase> <!-- @AfterMethod tearDown -->
  <testcase classname="tests.LoginTest" name="@BeforeMethod SetUp" time="0.0">
    <skipped/>
  </testcase> <!-- @BeforeMethod SetUp -->
  <testcase classname="tests.BaseSteps" name="@AfterMethod tearDown" time="0.0">
    <skipped/>
  </testcase> <!-- @AfterMethod tearDown -->
  <testcase classname="tests.LoginTest" name="@BeforeMethod SetUp" time="0.0">
    <skipped/>
  </testcase> <!-- @BeforeMethod SetUp -->
  <testcase classname="tests.BaseSteps" name="@AfterMethod tearDown" time="0.0">
    <skipped/>
  </testcase> <!-- @AfterMethod tearDown -->
  <testcase classname="tests.LoginTest" name="@BeforeMethod SetUp" time="0.0">
    <skipped/>
  </testcase> <!-- @BeforeMethod SetUp -->
  <testcase classname="tests.BaseSteps" name="@AfterMethod tearDown" time="0.0">
    <skipped/>
  </testcase> <!-- @AfterMethod tearDown -->
  <testcase classname="tests.LoginTest" name="@BeforeMethod SetUp" time="0.0">
    <skipped/>
  </testcase> <!-- @BeforeMethod SetUp -->
  <testcase classname="tests.BaseSteps" name="@AfterMethod tearDown" time="0.0">
    <skipped/>
  </testcase> <!-- @AfterMethod tearDown -->
  <testcase classname="tests.LoginTest" name="verifyLoginToApplicationUsingvalidCredentials_Test" time="0.0">
    <skipped/>
  </testcase> <!-- verifyLoginToApplicationUsingvalidCredentials_Test -->
  <testcase classname="tests.LoginTest" name="verifyLoginToApplicationUsingvalidCredentials_Test" time="0.001">
    <skipped/>
  </testcase> <!-- verifyLoginToApplicationUsingvalidCredentials_Test -->
  <testcase classname="tests.LoginTest" name="verifyLoginToApplicationUsingvalidCredentials_Test" time="0.0">
    <skipped/>
  </testcase> <!-- verifyLoginToApplicationUsingvalidCredentials_Test -->
  <testcase classname="tests.LoginTest" name="verifyLoginToApplicationUsingvalidCredentials_Test" time="0.0">
    <skipped/>
  </testcase> <!-- verifyLoginToApplicationUsingvalidCredentials_Test -->
  <testcase classname="tests.LoginTest" name="verifyLoginToApplicationUsingInvalidCredentials_Test" time="0.0">
    <skipped/>
  </testcase> <!-- verifyLoginToApplicationUsingInvalidCredentials_Test -->
  <testcase classname="tests.LoginTest" name="verifyLoginToApplicationUsingInvalidCredentials_Test" time="0.0">
    <skipped/>
  </testcase> <!-- verifyLoginToApplicationUsingInvalidCredentials_Test -->
  <testcase classname="tests.LoginTest" name="verifyLoginToApplicationUsingInvalidCredentials_Test" time="0.0">
    <skipped/>
  </testcase> <!-- verifyLoginToApplicationUsingInvalidCredentials_Test -->
  <testcase classname="tests.LoginTest" name="verifyLoginToApplicationUsingInvalidCredentials_Test" time="0.001">
    <skipped/>
  </testcase> <!-- verifyLoginToApplicationUsingInvalidCredentials_Test -->
  <testcase classname="tests.LoginTest" name="verifyForgotPasswordLink_Test" time="0.0">
    <skipped/>
  </testcase> <!-- verifyForgotPasswordLink_Test -->
  <testcase classname="tests.LoginTest" name="verifyPlaceholdersOnLoginPage_Test" time="0.0">
    <skipped/>
  </testcase> <!-- verifyPlaceholdersOnLoginPage_Test -->
  <testcase classname="tests.LoginTest" name="verifyNavigatingBackAfterSuccessfullLogin_Test" time="0.0">
    <skipped/>
  </testcase> <!-- verifyNavigatingBackAfterSuccessfullLogin_Test -->
  <testcase classname="tests.LoginTest" name="verifyNavigatingBackAfterLogout_Test" time="0.0">
    <skipped/>
  </testcase> <!-- verifyNavigatingBackAfterLogout_Test -->
  <testcase classname="tests.LoginTest" name="verifyMaxLoginAttempts_Test" time="0.0">
    <skipped/>
  </testcase> <!-- verifyMaxLoginAttempts_Test -->
  <testcase classname="tests.LoginTest" name="verifyPasswordFieldToggleToHide_Test" time="0.0">
    <skipped/>
  </testcase> <!-- verifyPasswordFieldToggleToHide_Test -->
  <testcase classname="tests.LoginTest" name="verifyPasswordCannotCopied_Test" time="0.001">
    <skipped/>
  </testcase> <!-- verifyPasswordCannotCopied_Test -->
  <testcase classname="tests.LoginTest" name="verifyPasswordNotVisibleInPageSource_Test" time="0.0">
    <skipped/>
  </testcase> <!-- verifyPasswordNotVisibleInPageSource_Test -->
  <testcase classname="tests.LoginTest" name="verifyLoggingAfterchangingPassword_Test" time="0.001">
    <skipped/>
  </testcase> <!-- verifyLoggingAfterchangingPassword_Test -->
</testsuite> <!-- Test -->
