14:41:22.798 [main] INFO  utils.ReportUtil - Test 'verifyUserCannotuseInvalidPhoneNumber' started running.
14:41:26.538 [main] INFO  utils.ReportUtil - Test 'verifyUserCannotuseInvalidPhoneNumber'Test FAILED.
14:41:30.576 [main] INFO  utils.ReportUtil - Test 'verifyUserCannotuseInvalidPhoneNumber' started running.
14:41:34.510 [main] INFO  utils.ReportUtil - Test 'verifyUserCannotuseInvalidPhoneNumber'Test FAILED.
14:41:35.700 [main] INFO  utils.ReportUtil - Test execution Finished for: Grouping-Suite
14:54:51.038 [main] INFO  org.testng.internal.Utils - [TestNG] Running:
  C:\Users\Vishnu\FrameworkConcepts\OpenCart\grouping.xml

14:54:51.268 [main] INFO  utils.ReportUtil - Test execution started for: Grouping-Suite
14:54:51.424 [main] ERROR org.apache.poi.openxml4j.opc.PackageRelationshipCollection - Cannot convert mailto:!@#$%^&*() in a valid relationship URI-> dummy-URI used
java.net.URISyntaxException: Malformed escape pair at index 11: mailto:!@#$%^&*()
	at java.base/java.net.URI$Parser.fail(URI.java:2995) ~[?:?]
	at java.base/java.net.URI$Parser.scanEscape(URI.java:3123) ~[?:?]
	at java.base/java.net.URI$Parser.scan(URI.java:3146) ~[?:?]
	at java.base/java.net.URI$Parser.checkChars(URI.java:3164) ~[?:?]
	at java.base/java.net.URI$Parser.parse(URI.java:3210) ~[?:?]
	at java.base/java.net.URI.<init>(URI.java:645) ~[?:?]
	at org.apache.poi.openxml4j.opc.PackagingURIHelper.toURI(PackagingURIHelper.java:723) ~[poi-ooxml-5.2.5.jar:5.2.5]
	at org.apache.poi.openxml4j.opc.PackageRelationshipCollection.parseRelationshipsPart(PackageRelationshipCollection.java:356) ~[poi-ooxml-5.2.5.jar:5.2.5]
	at org.apache.poi.openxml4j.opc.PackageRelationshipCollection.<init>(PackageRelationshipCollection.java:155) ~[poi-ooxml-5.2.5.jar:5.2.5]
	at org.apache.poi.openxml4j.opc.PackageRelationshipCollection.<init>(PackageRelationshipCollection.java:125) ~[poi-ooxml-5.2.5.jar:5.2.5]
	at org.apache.poi.openxml4j.opc.PackagePart.loadRelationships(PackagePart.java:565) ~[poi-ooxml-5.2.5.jar:5.2.5]
	at org.apache.poi.openxml4j.opc.OPCPackage.getParts(OPCPackage.java:783) ~[poi-ooxml-5.2.5.jar:5.2.5]
	at org.apache.poi.openxml4j.opc.OPCPackage.open(OPCPackage.java:354) ~[poi-ooxml-5.2.5.jar:5.2.5]
	at org.apache.poi.ooxml.util.PackageHelper.open(PackageHelper.java:64) ~[poi-ooxml-5.2.5.jar:5.2.5]
	at org.apache.poi.xssf.usermodel.XSSFWorkbook.<init>(XSSFWorkbook.java:313) ~[poi-ooxml-5.2.5.jar:5.2.5]
	at org.apache.poi.xssf.usermodel.XSSFWorkbook.<init>(XSSFWorkbook.java:287) ~[poi-ooxml-5.2.5.jar:5.2.5]
	at utils.MyXLSReader.<init>(MyXLSReader.java:44) ~[test-classes/:?]
	at utils.DataProviders.dataProviderMethodForLoginTest(DataProviders.java:15) ~[test-classes/:?]
	at java.base/jdk.internal.reflect.DirectMethodHandleAccessor.invoke(DirectMethodHandleAccessor.java:103) ~[?:?]
	at java.base/java.lang.reflect.Method.invoke(Method.java:580) ~[?:?]
	at org.testng.internal.invokers.MethodInvocationHelper.invokeMethod(MethodInvocationHelper.java:141) ~[testng-7.10.1.jar:7.10.1]
	at org.testng.internal.invokers.MethodInvocationHelper.invokeMethod(MethodInvocationHelper.java:86) ~[testng-7.10.1.jar:7.10.1]
	at org.testng.internal.invokers.MethodInvocationHelper.invokeMethodNoCheckedException(MethodInvocationHelper.java:54) ~[testng-7.10.1.jar:7.10.1]
	at org.testng.internal.invokers.MethodInvocationHelper.invokeDataProvider(MethodInvocationHelper.java:159) ~[testng-7.10.1.jar:7.10.1]
	at org.testng.internal.Parameters.handleParameters(Parameters.java:809) ~[testng-7.10.1.jar:7.10.1]
	at org.testng.internal.Parameters.handleParameters(Parameters.java:734) ~[testng-7.10.1.jar:7.10.1]
	at org.testng.internal.invokers.ParameterHandler.handleParameters(ParameterHandler.java:72) ~[testng-7.10.1.jar:7.10.1]
	at org.testng.internal.invokers.ParameterHandler.createParameters(ParameterHandler.java:51) ~[testng-7.10.1.jar:7.10.1]
	at org.testng.internal.invokers.TestInvoker$MethodInvocationAgent.invoke(TestInvoker.java:946) ~[testng-7.10.1.jar:7.10.1]
	at org.testng.internal.invokers.TestInvoker.invokeTestMethods(TestInvoker.java:203) ~[testng-7.10.1.jar:7.10.1]
	at org.testng.internal.invokers.TestMethodWorker.invokeTestMethods(TestMethodWorker.java:154) ~[testng-7.10.1.jar:7.10.1]
	at org.testng.internal.invokers.TestMethodWorker.run(TestMethodWorker.java:134) ~[testng-7.10.1.jar:7.10.1]
	at java.base/java.util.ArrayList.forEach(ArrayList.java:1596) [?:?]
	at org.testng.TestRunner.privateRun(TestRunner.java:739) [testng-7.10.1.jar:7.10.1]
	at org.testng.TestRunner.run(TestRunner.java:614) [testng-7.10.1.jar:7.10.1]
	at org.testng.SuiteRunner.runTest(SuiteRunner.java:421) [testng-7.10.1.jar:7.10.1]
	at org.testng.SuiteRunner.runSequentially(SuiteRunner.java:413) [testng-7.10.1.jar:7.10.1]
	at org.testng.SuiteRunner.privateRun(SuiteRunner.java:373) [testng-7.10.1.jar:7.10.1]
	at org.testng.SuiteRunner.run(SuiteRunner.java:312) [testng-7.10.1.jar:7.10.1]
	at org.testng.SuiteRunnerWorker.runSuite(SuiteRunnerWorker.java:52) [testng-7.10.1.jar:7.10.1]
	at org.testng.SuiteRunnerWorker.run(SuiteRunnerWorker.java:95) [testng-7.10.1.jar:7.10.1]
	at org.testng.TestNG.runSuitesSequentially(TestNG.java:1274) [testng-7.10.1.jar:7.10.1]
	at org.testng.TestNG.runSuitesLocally(TestNG.java:1208) [testng-7.10.1.jar:7.10.1]
	at org.testng.TestNG.runSuites(TestNG.java:1112) [testng-7.10.1.jar:7.10.1]
	at org.testng.TestNG.run(TestNG.java:1079) [testng-7.10.1.jar:7.10.1]
	at org.testng.remote.AbstractRemoteTestNG.run(AbstractRemoteTestNG.java:115) [testng-remote.jar:?]
	at org.testng.remote.RemoteTestNG.initAndRun(RemoteTestNG.java:293) [testng-remote.jar:?]
	at org.testng.remote.RemoteTestNG.main(RemoteTestNG.java:91) [testng-remote.jar:?]
14:54:56.832 [main] INFO  utils.ReportUtil - Test 'verifyLoginToApplicationUsingvalidCredentials' started running.
14:54:58.941 [main] INFO  utils.ReportUtil - Test 'verifyLoginToApplicationUsingvalidCredentials'Test PASSED.
14:55:04.336 [main] INFO  utils.ReportUtil - Test 'verifyLoginToApplicationUsingvalidCredentials' started running.
14:55:07.533 [main] INFO  utils.ReportUtil - Test 'verifyLoginToApplicationUsingvalidCredentials'Test PASSED.
14:55:11.832 [main] INFO  utils.ReportUtil - Test 'verifyLoginToApplicationUsingvalidCredentials' started running.
14:55:14.078 [main] INFO  utils.ReportUtil - Test 'verifyLoginToApplicationUsingvalidCredentials'Test PASSED.
14:55:18.283 [main] INFO  utils.ReportUtil - Test 'verifyLoginToApplicationUsingvalidCredentials' started running.
14:55:20.498 [main] INFO  utils.ReportUtil - Test 'verifyLoginToApplicationUsingvalidCredentials'Test PASSED.
14:55:20.679 [main] ERROR org.apache.poi.openxml4j.opc.PackageRelationshipCollection - Cannot convert mailto:!@#$%^&*() in a valid relationship URI-> dummy-URI used
java.net.URISyntaxException: Malformed escape pair at index 11: mailto:!@#$%^&*()
	at java.base/java.net.URI$Parser.fail(URI.java:2995) ~[?:?]
	at java.base/java.net.URI$Parser.scanEscape(URI.java:3123) ~[?:?]
	at java.base/java.net.URI$Parser.scan(URI.java:3146) ~[?:?]
	at java.base/java.net.URI$Parser.checkChars(URI.java:3164) ~[?:?]
	at java.base/java.net.URI$Parser.parse(URI.java:3210) ~[?:?]
	at java.base/java.net.URI.<init>(URI.java:645) ~[?:?]
	at org.apache.poi.openxml4j.opc.PackagingURIHelper.toURI(PackagingURIHelper.java:723) ~[poi-ooxml-5.2.5.jar:5.2.5]
	at org.apache.poi.openxml4j.opc.PackageRelationshipCollection.parseRelationshipsPart(PackageRelationshipCollection.java:356) ~[poi-ooxml-5.2.5.jar:5.2.5]
	at org.apache.poi.openxml4j.opc.PackageRelationshipCollection.<init>(PackageRelationshipCollection.java:155) ~[poi-ooxml-5.2.5.jar:5.2.5]
	at org.apache.poi.openxml4j.opc.PackageRelationshipCollection.<init>(PackageRelationshipCollection.java:125) ~[poi-ooxml-5.2.5.jar:5.2.5]
	at org.apache.poi.openxml4j.opc.PackagePart.loadRelationships(PackagePart.java:565) ~[poi-ooxml-5.2.5.jar:5.2.5]
	at org.apache.poi.openxml4j.opc.OPCPackage.getParts(OPCPackage.java:783) ~[poi-ooxml-5.2.5.jar:5.2.5]
	at org.apache.poi.openxml4j.opc.OPCPackage.open(OPCPackage.java:354) ~[poi-ooxml-5.2.5.jar:5.2.5]
	at org.apache.poi.ooxml.util.PackageHelper.open(PackageHelper.java:64) ~[poi-ooxml-5.2.5.jar:5.2.5]
	at org.apache.poi.xssf.usermodel.XSSFWorkbook.<init>(XSSFWorkbook.java:313) ~[poi-ooxml-5.2.5.jar:5.2.5]
	at org.apache.poi.xssf.usermodel.XSSFWorkbook.<init>(XSSFWorkbook.java:287) ~[poi-ooxml-5.2.5.jar:5.2.5]
	at utils.MyXLSReader.<init>(MyXLSReader.java:44) ~[test-classes/:?]
	at utils.DataProviders.dataProviderMethodForInvalidLoginTest(DataProviders.java:28) ~[test-classes/:?]
	at java.base/jdk.internal.reflect.DirectMethodHandleAccessor.invoke(DirectMethodHandleAccessor.java:103) ~[?:?]
	at java.base/java.lang.reflect.Method.invoke(Method.java:580) ~[?:?]
	at org.testng.internal.invokers.MethodInvocationHelper.invokeMethod(MethodInvocationHelper.java:141) ~[testng-7.10.1.jar:7.10.1]
	at org.testng.internal.invokers.MethodInvocationHelper.invokeMethod(MethodInvocationHelper.java:86) ~[testng-7.10.1.jar:7.10.1]
	at org.testng.internal.invokers.MethodInvocationHelper.invokeMethodNoCheckedException(MethodInvocationHelper.java:54) ~[testng-7.10.1.jar:7.10.1]
	at org.testng.internal.invokers.MethodInvocationHelper.invokeDataProvider(MethodInvocationHelper.java:159) ~[testng-7.10.1.jar:7.10.1]
	at org.testng.internal.Parameters.handleParameters(Parameters.java:809) ~[testng-7.10.1.jar:7.10.1]
	at org.testng.internal.Parameters.handleParameters(Parameters.java:734) ~[testng-7.10.1.jar:7.10.1]
	at org.testng.internal.invokers.ParameterHandler.handleParameters(ParameterHandler.java:72) ~[testng-7.10.1.jar:7.10.1]
	at org.testng.internal.invokers.ParameterHandler.createParameters(ParameterHandler.java:51) ~[testng-7.10.1.jar:7.10.1]
	at org.testng.internal.invokers.TestInvoker$MethodInvocationAgent.invoke(TestInvoker.java:946) ~[testng-7.10.1.jar:7.10.1]
	at org.testng.internal.invokers.TestInvoker.invokeTestMethods(TestInvoker.java:203) ~[testng-7.10.1.jar:7.10.1]
	at org.testng.internal.invokers.TestMethodWorker.invokeTestMethods(TestMethodWorker.java:154) ~[testng-7.10.1.jar:7.10.1]
	at org.testng.internal.invokers.TestMethodWorker.run(TestMethodWorker.java:134) ~[testng-7.10.1.jar:7.10.1]
	at java.base/java.util.ArrayList.forEach(ArrayList.java:1596) [?:?]
	at org.testng.TestRunner.privateRun(TestRunner.java:739) [testng-7.10.1.jar:7.10.1]
	at org.testng.TestRunner.run(TestRunner.java:614) [testng-7.10.1.jar:7.10.1]
	at org.testng.SuiteRunner.runTest(SuiteRunner.java:421) [testng-7.10.1.jar:7.10.1]
	at org.testng.SuiteRunner.runSequentially(SuiteRunner.java:413) [testng-7.10.1.jar:7.10.1]
	at org.testng.SuiteRunner.privateRun(SuiteRunner.java:373) [testng-7.10.1.jar:7.10.1]
	at org.testng.SuiteRunner.run(SuiteRunner.java:312) [testng-7.10.1.jar:7.10.1]
	at org.testng.SuiteRunnerWorker.runSuite(SuiteRunnerWorker.java:52) [testng-7.10.1.jar:7.10.1]
	at org.testng.SuiteRunnerWorker.run(SuiteRunnerWorker.java:95) [testng-7.10.1.jar:7.10.1]
	at org.testng.TestNG.runSuitesSequentially(TestNG.java:1274) [testng-7.10.1.jar:7.10.1]
	at org.testng.TestNG.runSuitesLocally(TestNG.java:1208) [testng-7.10.1.jar:7.10.1]
	at org.testng.TestNG.runSuites(TestNG.java:1112) [testng-7.10.1.jar:7.10.1]
	at org.testng.TestNG.run(TestNG.java:1079) [testng-7.10.1.jar:7.10.1]
	at org.testng.remote.AbstractRemoteTestNG.run(AbstractRemoteTestNG.java:115) [testng-remote.jar:?]
	at org.testng.remote.RemoteTestNG.initAndRun(RemoteTestNG.java:293) [testng-remote.jar:?]
	at org.testng.remote.RemoteTestNG.main(RemoteTestNG.java:91) [testng-remote.jar:?]
14:55:25.092 [main] INFO  utils.ReportUtil - Test 'verifyLoginToApplicationUsingInvalidCredentials' started running.
14:55:26.849 [main] INFO  utils.ReportUtil - Test 'verifyLoginToApplicationUsingInvalidCredentials'Test PASSED.
14:55:30.915 [main] INFO  utils.ReportUtil - Test 'verifyLoginToApplicationUsingInvalidCredentials' started running.
14:55:32.556 [main] INFO  utils.ReportUtil - Test 'verifyLoginToApplicationUsingInvalidCredentials'Test PASSED.
14:55:37.304 [main] INFO  utils.ReportUtil - Test 'verifyLoginToApplicationUsingInvalidCredentials' started running.
14:55:39.528 [main] INFO  utils.ReportUtil - Test 'verifyLoginToApplicationUsingInvalidCredentials'Test PASSED.
14:55:43.394 [main] INFO  utils.ReportUtil - Test 'verifyLoginToApplicationUsingInvalidCredentials' started running.
14:55:45.030 [main] INFO  utils.ReportUtil - Test 'verifyLoginToApplicationUsingInvalidCredentials'Test PASSED.
14:55:48.997 [main] INFO  utils.ReportUtil - Test 'verifyForgotPasswordLink' started running.
14:55:50.249 [main] INFO  utils.ReportUtil - Test 'verifyForgotPasswordLink'Test PASSED.
14:55:53.970 [main] INFO  utils.ReportUtil - Test 'verifyPlaceholdersOnLoginPage' started running.
14:55:54.748 [main] INFO  utils.ReportUtil - Test 'verifyPlaceholdersOnLoginPage'Test PASSED.
14:55:58.662 [main] INFO  utils.ReportUtil - Test 'verifyMaxLoginAttempts' started running.
14:56:03.181 [main] INFO  utils.ReportUtil - Test 'verifyMaxLoginAttempts'Test PASSED.
14:56:07.271 [main] INFO  utils.ReportUtil - Test 'verifyPasswordFieldToggleToHide' started running.
14:56:08.503 [main] INFO  utils.ReportUtil - Test 'verifyPasswordFieldToggleToHide'Test PASSED.
14:56:13.069 [main] INFO  utils.ReportUtil - Test 'verifyPasswordCannotCopied' started running.
14:56:14.266 [main] INFO  utils.ReportUtil - Test 'verifyPasswordCannotCopied'Test PASSED.
14:56:19.305 [main] INFO  utils.ReportUtil - Test 'verifyPasswordNotVisibleInPageSource' started running.
14:56:20.362 [main] INFO  utils.ReportUtil - Test 'verifyPasswordNotVisibleInPageSource'Test PASSED.
14:56:24.551 [main] INFO  utils.ReportUtil - Test 'verifyRegisterAccountUsingMandatoryFields' started running.
14:56:28.356 [main] INFO  utils.ReportUtil - Test 'verifyRegisterAccountUsingMandatoryFields'Test PASSED.
14:56:32.574 [main] INFO  utils.ReportUtil - Test 'verifyRegisterAccountUsingAllFields' started running.
14:56:36.548 [main] INFO  utils.ReportUtil - Test 'verifyRegisterAccountUsingAllFields'Test PASSED.
14:56:40.518 [main] INFO  utils.ReportUtil - Test 'verifyRegisterAccountWithoutanyDetails' started running.
14:56:43.700 [main] INFO  utils.ReportUtil - Test 'verifyRegisterAccountWithoutanyDetails'Test PASSED.
14:56:47.692 [main] INFO  utils.ReportUtil - Test 'verifyRegisterAccountYesSelectedForNewsletter' started running.
14:56:51.961 [main] INFO  utils.ReportUtil - Test 'verifyRegisterAccountYesSelectedForNewsletter'Test PASSED.
14:56:55.847 [main] INFO  utils.ReportUtil - Test 'verifyRegisterAccountNoSelectedForNewsletter' started running.
14:56:59.849 [main] INFO  utils.ReportUtil - Test 'verifyRegisterAccountNoSelectedForNewsletter'Test PASSED.
14:57:04.434 [main] INFO  utils.ReportUtil - Test 'verifyDiffWayNavigatingToRegisterAccount' started running.
14:57:07.363 [main] INFO  utils.ReportUtil - Test 'verifyDiffWayNavigatingToRegisterAccount'Test PASSED.
14:57:11.362 [main] INFO  utils.ReportUtil - Test 'verifyRegisteringWithDifferentPassAndConfirmPass' started running.
14:57:14.868 [main] INFO  utils.ReportUtil - Test 'verifyRegisteringWithDifferentPassAndConfirmPass'Test PASSED.
14:57:18.787 [main] INFO  utils.ReportUtil - Test 'verifyRegisteringWithExistingDetails' started running.
14:57:22.286 [main] INFO  utils.ReportUtil - Test 'verifyRegisteringWithExistingDetails'Test PASSED.
14:57:26.248 [main] INFO  utils.ReportUtil - Test 'verifyInvalidEmailTooltipMsg' started running.
14:57:31.727 [main] INFO  utils.ReportUtil - Test 'verifyInvalidEmailTooltipMsg'Test PASSED.
14:57:31.914 [main] ERROR org.apache.poi.openxml4j.opc.PackageRelationshipCollection - Cannot convert mailto:!@#$%^&*() in a valid relationship URI-> dummy-URI used
java.net.URISyntaxException: Malformed escape pair at index 11: mailto:!@#$%^&*()
	at java.base/java.net.URI$Parser.fail(URI.java:2995) ~[?:?]
	at java.base/java.net.URI$Parser.scanEscape(URI.java:3123) ~[?:?]
	at java.base/java.net.URI$Parser.scan(URI.java:3146) ~[?:?]
	at java.base/java.net.URI$Parser.checkChars(URI.java:3164) ~[?:?]
	at java.base/java.net.URI$Parser.parse(URI.java:3210) ~[?:?]
	at java.base/java.net.URI.<init>(URI.java:645) ~[?:?]
	at org.apache.poi.openxml4j.opc.PackagingURIHelper.toURI(PackagingURIHelper.java:723) ~[poi-ooxml-5.2.5.jar:5.2.5]
	at org.apache.poi.openxml4j.opc.PackageRelationshipCollection.parseRelationshipsPart(PackageRelationshipCollection.java:356) ~[poi-ooxml-5.2.5.jar:5.2.5]
	at org.apache.poi.openxml4j.opc.PackageRelationshipCollection.<init>(PackageRelationshipCollection.java:155) ~[poi-ooxml-5.2.5.jar:5.2.5]
	at org.apache.poi.openxml4j.opc.PackageRelationshipCollection.<init>(PackageRelationshipCollection.java:125) ~[poi-ooxml-5.2.5.jar:5.2.5]
	at org.apache.poi.openxml4j.opc.PackagePart.loadRelationships(PackagePart.java:565) ~[poi-ooxml-5.2.5.jar:5.2.5]
	at org.apache.poi.openxml4j.opc.OPCPackage.getParts(OPCPackage.java:783) ~[poi-ooxml-5.2.5.jar:5.2.5]
	at org.apache.poi.openxml4j.opc.OPCPackage.open(OPCPackage.java:354) ~[poi-ooxml-5.2.5.jar:5.2.5]
	at org.apache.poi.ooxml.util.PackageHelper.open(PackageHelper.java:64) ~[poi-ooxml-5.2.5.jar:5.2.5]
	at org.apache.poi.xssf.usermodel.XSSFWorkbook.<init>(XSSFWorkbook.java:313) ~[poi-ooxml-5.2.5.jar:5.2.5]
	at org.apache.poi.xssf.usermodel.XSSFWorkbook.<init>(XSSFWorkbook.java:287) ~[poi-ooxml-5.2.5.jar:5.2.5]
	at utils.MyXLSReader.<init>(MyXLSReader.java:44) ~[test-classes/:?]
	at utils.DataProviders.dataProviderMethodForValidatingInvalidPhoneNumbers(DataProviders.java:50) ~[test-classes/:?]
	at java.base/jdk.internal.reflect.DirectMethodHandleAccessor.invoke(DirectMethodHandleAccessor.java:103) ~[?:?]
	at java.base/java.lang.reflect.Method.invoke(Method.java:580) ~[?:?]
	at org.testng.internal.invokers.MethodInvocationHelper.invokeMethod(MethodInvocationHelper.java:141) ~[testng-7.10.1.jar:7.10.1]
	at org.testng.internal.invokers.MethodInvocationHelper.invokeMethod(MethodInvocationHelper.java:86) ~[testng-7.10.1.jar:7.10.1]
	at org.testng.internal.invokers.MethodInvocationHelper.invokeMethodNoCheckedException(MethodInvocationHelper.java:54) ~[testng-7.10.1.jar:7.10.1]
	at org.testng.internal.invokers.MethodInvocationHelper.invokeDataProvider(MethodInvocationHelper.java:159) ~[testng-7.10.1.jar:7.10.1]
	at org.testng.internal.Parameters.handleParameters(Parameters.java:809) ~[testng-7.10.1.jar:7.10.1]
	at org.testng.internal.Parameters.handleParameters(Parameters.java:734) ~[testng-7.10.1.jar:7.10.1]
	at org.testng.internal.invokers.ParameterHandler.handleParameters(ParameterHandler.java:72) ~[testng-7.10.1.jar:7.10.1]
	at org.testng.internal.invokers.ParameterHandler.createParameters(ParameterHandler.java:51) ~[testng-7.10.1.jar:7.10.1]
	at org.testng.internal.invokers.TestInvoker$MethodInvocationAgent.invoke(TestInvoker.java:946) ~[testng-7.10.1.jar:7.10.1]
	at org.testng.internal.invokers.TestInvoker.invokeTestMethods(TestInvoker.java:203) ~[testng-7.10.1.jar:7.10.1]
	at org.testng.internal.invokers.TestMethodWorker.invokeTestMethods(TestMethodWorker.java:154) ~[testng-7.10.1.jar:7.10.1]
	at org.testng.internal.invokers.TestMethodWorker.run(TestMethodWorker.java:134) ~[testng-7.10.1.jar:7.10.1]
	at java.base/java.util.ArrayList.forEach(ArrayList.java:1596) [?:?]
	at org.testng.TestRunner.privateRun(TestRunner.java:739) [testng-7.10.1.jar:7.10.1]
	at org.testng.TestRunner.run(TestRunner.java:614) [testng-7.10.1.jar:7.10.1]
	at org.testng.SuiteRunner.runTest(SuiteRunner.java:421) [testng-7.10.1.jar:7.10.1]
	at org.testng.SuiteRunner.runSequentially(SuiteRunner.java:413) [testng-7.10.1.jar:7.10.1]
	at org.testng.SuiteRunner.privateRun(SuiteRunner.java:373) [testng-7.10.1.jar:7.10.1]
	at org.testng.SuiteRunner.run(SuiteRunner.java:312) [testng-7.10.1.jar:7.10.1]
	at org.testng.SuiteRunnerWorker.runSuite(SuiteRunnerWorker.java:52) [testng-7.10.1.jar:7.10.1]
	at org.testng.SuiteRunnerWorker.run(SuiteRunnerWorker.java:95) [testng-7.10.1.jar:7.10.1]
	at org.testng.TestNG.runSuitesSequentially(TestNG.java:1274) [testng-7.10.1.jar:7.10.1]
	at org.testng.TestNG.runSuitesLocally(TestNG.java:1208) [testng-7.10.1.jar:7.10.1]
	at org.testng.TestNG.runSuites(TestNG.java:1112) [testng-7.10.1.jar:7.10.1]
	at org.testng.TestNG.run(TestNG.java:1079) [testng-7.10.1.jar:7.10.1]
	at org.testng.remote.AbstractRemoteTestNG.run(AbstractRemoteTestNG.java:115) [testng-remote.jar:?]
	at org.testng.remote.RemoteTestNG.initAndRun(RemoteTestNG.java:293) [testng-remote.jar:?]
	at org.testng.remote.RemoteTestNG.main(RemoteTestNG.java:91) [testng-remote.jar:?]
14:57:35.796 [main] INFO  utils.ReportUtil - Test 'verifyUserCannotuseInvalidPhoneNumber' started running.
14:57:39.694 [main] INFO  utils.ReportUtil - Test 'verifyUserCannotuseInvalidPhoneNumber'Test FAILED.
14:57:43.685 [main] INFO  utils.ReportUtil - Test 'verifyUserCannotuseInvalidPhoneNumber' started running.
14:57:47.751 [main] INFO  utils.ReportUtil - Test 'verifyUserCannotuseInvalidPhoneNumber'Test FAILED.
14:57:51.716 [main] INFO  utils.ReportUtil - Test 'verifyUserCannotuseInvalidPhoneNumber' started running.
14:57:55.803 [main] INFO  utils.ReportUtil - Test 'verifyUserCannotuseInvalidPhoneNumber'Test FAILED.
14:58:00.389 [main] INFO  utils.ReportUtil - Test 'verifyUserCannotuseInvalidPhoneNumber' started running.
14:58:04.134 [main] INFO  utils.ReportUtil - Test 'verifyUserCannotuseInvalidPhoneNumber'Test FAILED.
14:58:07.955 [main] INFO  utils.ReportUtil - Test 'verifyUserCannotuseInvalidPhoneNumber' started running.
14:58:12.141 [main] INFO  utils.ReportUtil - Test 'verifyUserCannotuseInvalidPhoneNumber'Test FAILED.
14:58:16.190 [main] INFO  utils.ReportUtil - Test 'verifyThePlaceholders' started running.
14:58:17.353 [main] INFO  utils.ReportUtil - Test 'verifyThePlaceholders'Test PASSED.
14:58:21.352 [main] INFO  utils.ReportUtil - Test 'verifyAsterickSymbolForMandatoryFields' started running.
14:58:22.560 [main] INFO  utils.ReportUtil - Test 'verifyAsterickSymbolForMandatoryFields'Test PASSED.
14:58:22.691 [main] ERROR org.apache.poi.openxml4j.opc.PackageRelationshipCollection - Cannot convert mailto:!@#$%^&*() in a valid relationship URI-> dummy-URI used
java.net.URISyntaxException: Malformed escape pair at index 11: mailto:!@#$%^&*()
	at java.base/java.net.URI$Parser.fail(URI.java:2995) ~[?:?]
	at java.base/java.net.URI$Parser.scanEscape(URI.java:3123) ~[?:?]
	at java.base/java.net.URI$Parser.scan(URI.java:3146) ~[?:?]
	at java.base/java.net.URI$Parser.checkChars(URI.java:3164) ~[?:?]
	at java.base/java.net.URI$Parser.parse(URI.java:3210) ~[?:?]
	at java.base/java.net.URI.<init>(URI.java:645) ~[?:?]
	at org.apache.poi.openxml4j.opc.PackagingURIHelper.toURI(PackagingURIHelper.java:723) ~[poi-ooxml-5.2.5.jar:5.2.5]
	at org.apache.poi.openxml4j.opc.PackageRelationshipCollection.parseRelationshipsPart(PackageRelationshipCollection.java:356) ~[poi-ooxml-5.2.5.jar:5.2.5]
	at org.apache.poi.openxml4j.opc.PackageRelationshipCollection.<init>(PackageRelationshipCollection.java:155) ~[poi-ooxml-5.2.5.jar:5.2.5]
	at org.apache.poi.openxml4j.opc.PackageRelationshipCollection.<init>(PackageRelationshipCollection.java:125) ~[poi-ooxml-5.2.5.jar:5.2.5]
	at org.apache.poi.openxml4j.opc.PackagePart.loadRelationships(PackagePart.java:565) ~[poi-ooxml-5.2.5.jar:5.2.5]
	at org.apache.poi.openxml4j.opc.OPCPackage.getParts(OPCPackage.java:783) ~[poi-ooxml-5.2.5.jar:5.2.5]
	at org.apache.poi.openxml4j.opc.OPCPackage.open(OPCPackage.java:354) ~[poi-ooxml-5.2.5.jar:5.2.5]
	at org.apache.poi.ooxml.util.PackageHelper.open(PackageHelper.java:64) ~[poi-ooxml-5.2.5.jar:5.2.5]
	at org.apache.poi.xssf.usermodel.XSSFWorkbook.<init>(XSSFWorkbook.java:313) ~[poi-ooxml-5.2.5.jar:5.2.5]
	at org.apache.poi.xssf.usermodel.XSSFWorkbook.<init>(XSSFWorkbook.java:287) ~[poi-ooxml-5.2.5.jar:5.2.5]
	at utils.MyXLSReader.<init>(MyXLSReader.java:44) ~[test-classes/:?]
	at utils.DataProviders.dataProviderMethodForValidatingPwdComplexity(DataProviders.java:39) ~[test-classes/:?]
	at java.base/jdk.internal.reflect.DirectMethodHandleAccessor.invoke(DirectMethodHandleAccessor.java:103) ~[?:?]
	at java.base/java.lang.reflect.Method.invoke(Method.java:580) ~[?:?]
	at org.testng.internal.invokers.MethodInvocationHelper.invokeMethod(MethodInvocationHelper.java:141) ~[testng-7.10.1.jar:7.10.1]
	at org.testng.internal.invokers.MethodInvocationHelper.invokeMethod(MethodInvocationHelper.java:86) ~[testng-7.10.1.jar:7.10.1]
	at org.testng.internal.invokers.MethodInvocationHelper.invokeMethodNoCheckedException(MethodInvocationHelper.java:54) ~[testng-7.10.1.jar:7.10.1]
	at org.testng.internal.invokers.MethodInvocationHelper.invokeDataProvider(MethodInvocationHelper.java:159) ~[testng-7.10.1.jar:7.10.1]
	at org.testng.internal.Parameters.handleParameters(Parameters.java:809) ~[testng-7.10.1.jar:7.10.1]
	at org.testng.internal.Parameters.handleParameters(Parameters.java:734) ~[testng-7.10.1.jar:7.10.1]
	at org.testng.internal.invokers.ParameterHandler.handleParameters(ParameterHandler.java:72) ~[testng-7.10.1.jar:7.10.1]
	at org.testng.internal.invokers.ParameterHandler.createParameters(ParameterHandler.java:51) ~[testng-7.10.1.jar:7.10.1]
	at org.testng.internal.invokers.TestInvoker$MethodInvocationAgent.invoke(TestInvoker.java:946) ~[testng-7.10.1.jar:7.10.1]
	at org.testng.internal.invokers.TestInvoker.invokeTestMethods(TestInvoker.java:203) ~[testng-7.10.1.jar:7.10.1]
	at org.testng.internal.invokers.TestMethodWorker.invokeTestMethods(TestMethodWorker.java:154) ~[testng-7.10.1.jar:7.10.1]
	at org.testng.internal.invokers.TestMethodWorker.run(TestMethodWorker.java:134) ~[testng-7.10.1.jar:7.10.1]
	at java.base/java.util.ArrayList.forEach(ArrayList.java:1596) [?:?]
	at org.testng.TestRunner.privateRun(TestRunner.java:739) [testng-7.10.1.jar:7.10.1]
	at org.testng.TestRunner.run(TestRunner.java:614) [testng-7.10.1.jar:7.10.1]
	at org.testng.SuiteRunner.runTest(SuiteRunner.java:421) [testng-7.10.1.jar:7.10.1]
	at org.testng.SuiteRunner.runSequentially(SuiteRunner.java:413) [testng-7.10.1.jar:7.10.1]
	at org.testng.SuiteRunner.privateRun(SuiteRunner.java:373) [testng-7.10.1.jar:7.10.1]
	at org.testng.SuiteRunner.run(SuiteRunner.java:312) [testng-7.10.1.jar:7.10.1]
	at org.testng.SuiteRunnerWorker.runSuite(SuiteRunnerWorker.java:52) [testng-7.10.1.jar:7.10.1]
	at org.testng.SuiteRunnerWorker.run(SuiteRunnerWorker.java:95) [testng-7.10.1.jar:7.10.1]
	at org.testng.TestNG.runSuitesSequentially(TestNG.java:1274) [testng-7.10.1.jar:7.10.1]
	at org.testng.TestNG.runSuitesLocally(TestNG.java:1208) [testng-7.10.1.jar:7.10.1]
	at org.testng.TestNG.runSuites(TestNG.java:1112) [testng-7.10.1.jar:7.10.1]
	at org.testng.TestNG.run(TestNG.java:1079) [testng-7.10.1.jar:7.10.1]
	at org.testng.remote.AbstractRemoteTestNG.run(AbstractRemoteTestNG.java:115) [testng-remote.jar:?]
	at org.testng.remote.RemoteTestNG.initAndRun(RemoteTestNG.java:293) [testng-remote.jar:?]
	at org.testng.remote.RemoteTestNG.main(RemoteTestNG.java:91) [testng-remote.jar:?]
