<?xml version="1.0" encoding="UTF-8"?>
<!-- Generated by org.testng.reporters.JUnitXMLReporter -->
<testsuite ignored="2" hostname="DESKTOP-FLAG05I" failures="2" tests="30" name="chrometest" time="204.283" errors="0" timestamp="2024-10-29T21:39:31 EDT">
  <testcase classname="tests.LoginTest" name="verifyLoginToApplicationUsingvalidCredentials" time="2.415"/>
  <testcase classname="tests.LoginTest" name="verifyLoginToApplicationUsingInvalidCredentials" time="1.663"/>
  <testcase classname="tests.LoginTest" name="verifyLoginToApplicationUsingInvalidEmailValidPass" time="1.637"/>
  <testcase classname="tests.LoginTest" name="verifyLoginToApplicationUsingValidEmailInvalidPass" time="1.684"/>
  <testcase classname="tests.LoginTest" name="verifyLoginToApplicationUsingNoCredentilals" time="1.673"/>
  <testcase classname="tests.LoginTest" name="verifyForgotPasswordLink" time="1.284"/>
  <testcase classname="tests.LoginTest" name="verifyPlaceholdersOnLoginPage" time="0.776"/>
  <testcase classname="tests.LoginTest" name="verifyLoginUsingInvalidCredentials" time="1.525"/>
  <testcase classname="tests.LoginTest" name="verifyMaxLoginAttempts" time="4.991"/>
  <testcase classname="tests.LoginTest" name="verifyPasswordFieldToggleToHide" time="1.02"/>
  <testcase classname="tests.LoginTest" name="verifyPasswordCannotCopied" time="1.108"/>
  <testcase classname="tests.LoginTest" name="verifyPasswordNotVisibleInPageSource" time="0.949"/>
  <testcase classname="tests.RegisterTest" name="verifyRegisterAccountUsingMandatoryFields" time="3.864"/>
  <testcase classname="tests.RegisterTest" name="verifyRegisterAccountUsingAllFields" time="3.671"/>
  <testcase classname="tests.RegisterTest" name="verifyRegisterAccountWithoutanyDetails" time="3.162"/>
  <testcase classname="tests.RegisterTest" name="verifyRegisterAccountYesSelectedForNewsletter" time="3.427"/>
  <testcase classname="tests.RegisterTest" name="verifyRegisterAccountNoSelectedForNewsletter" time="3.35"/>
  <testcase classname="tests.RegisterTest" name="verifyDiffWayNavigatingToRegisterAccount" time="2.79"/>
  <testcase classname="tests.RegisterTest" name="verifyRegisteringWithDifferentPassAndConfirmPass" time="2.96"/>
  <testcase classname="tests.RegisterTest" name="verifyRegisteringWithExistingDetails" time="2.863"/>
  <testcase classname="tests.RegisterTest" name="verifyInvalidEmailTooltipMsg" time="5.419"/>
  <testcase classname="tests.RegisterTest" name="verifyUserCannotuseInvalidPhoneNumber" time="3.243">
    <failure type="java.lang.AssertionError" message="did not expect [Your Account Has Been Created!] but found [Your Account Has Been Created!]">
      <![CDATA[java.lang.AssertionError: did not expect [Your Account Has Been Created!] but found [Your Account Has Been Created!]
at tests.RegisterTest.verifyUserCannotuseInvalidPhoneNumber(RegisterTest.java:116)
at java.base/java.util.ArrayList.forEach(ArrayList.java:1596)
... Removed 30 stack frames]]>
    </failure>
  </testcase> <!-- verifyUserCannotuseInvalidPhoneNumber -->
  <testcase classname="tests.RegisterTest" name="verifyThePlaceholders" time="1.199"/>
  <testcase classname="tests.RegisterTest" name="verifyAsterickSymbolForMandatoryFields" time="1.25"/>
  <testcase classname="tests.RegisterTest" name="verifyPassWordFieldFollowComplexityStandards" time="3.296">
    <failure type="java.lang.AssertionError" message="did not expect [Your Account Has Been Created!] but found [Your Account Has Been Created!]">
      <![CDATA[java.lang.AssertionError: did not expect [Your Account Has Been Created!] but found [Your Account Has Been Created!]
at tests.RegisterTest.verifyPassWordFieldFollowComplexityStandards(RegisterTest.java:183)
at java.base/java.util.ArrayList.forEach(ArrayList.java:1596)
... Removed 30 stack frames]]>
    </failure>
  </testcase> <!-- verifyPassWordFieldFollowComplexityStandards -->
  <testcase classname="tests.RegisterTest" name="verifyCheckboxNotCheckedByDefault" time="1.188"/>
  <testcase classname="tests.RegisterTest" name="verifyRegisteringWithNotSelectingPrivacyPolicy" time="2.969"/>
  <testcase classname="tests.RegisterTest" name="verifyPasswordAndConfirmPasswordToggledToHide" time="1.382"/>
  <testcase classname="tests.RegisterTest" name="verifyRegisteringWithNotEnteringPassConfirm" time="3.059"/>
  <testcase classname="tests.RegisterTest" name="verifyConfirmationEmailSendForSuccessfullRegistration" time="3.41"/>
  <testcase classname="tests.LoginTest" name="verifyNavigatingBackAfterSuccessfullLogin" time="0.0">
    <ignored/>
  </testcase> <!-- verifyNavigatingBackAfterSuccessfullLogin -->
  <testcase classname="tests.LoginTest" name="verifyNavigatingBackAfterLogout" time="0.0">
    <ignored/>
  </testcase> <!-- verifyNavigatingBackAfterLogout -->
</testsuite> <!-- chrometest -->
