<?xml version="1.0" encoding="UTF-8"?>
<!-- Generated by org.testng.reporters.JUnitXMLReporter -->
<testsuite ignored="0" hostname="DESKTOP-FLAG05I" failures="0" tests="45" name="edgetest" time="51.802" errors="0" timestamp="2024-11-04T22:42:56 EST">
  <testcase classname="tests.LoginTest" name="@BeforeMethod SetUp" time="12.252">
    <failure type="org.openqa.selenium.JavascriptException" message="javascript error: {&amp;quot;status&amp;quot;:60,&amp;quot;value&amp;quot;:&amp;quot;https://tutorialsninja.com/demo/index.php?route=account/login has no size and location&amp;quot;}
  (Session info: chrome=130.0.6723.92)
Build info: version: &amp;apos;4.25.0&amp;apos;, revision: &amp;apos;8a8aea2337&amp;apos;
System info: os.name: &amp;apos;Windows 11&amp;apos;, os.arch: &amp;apos;amd64&amp;apos;, os.version: &amp;apos;10.0&amp;apos;, java.version: &amp;apos;21&amp;apos;
Driver info: org.openqa.selenium.chrome.ChromeDriver
Command: [3c879a538c4763ab21e549289089a7f2, actions {actions=[org.openqa.selenium.interactions.Sequence@3a05c991]}]
Capabilities {acceptInsecureCerts: false, browserName: chrome, browserVersion: 130.0.6723.92, chrome: {chromedriverVersion: 130.0.6723.91 (53ac07678369..., userDataDir: C:\Users\Vishnu\AppData\Loc...}, fedcm:accounts: true, goog:chromeOptions: {debuggerAddress: localhost:62287}, networkConnectionEnabled: false, pageLoadStrategy: normal, platformName: windows, proxy: Proxy(), se:cdp: ws://localhost:62287/devtoo..., se:cdpVersion: 130.0.6723.92, setWindowRect: true, strictFileInteractability: false, timeouts: {implicit: 0, pageLoad: 300000, script: 30000}, unhandledPromptBehavior: dismiss and notify, webauthn:extension:credBlob: true, webauthn:extension:largeBlob: true, webauthn:extension:minPinLength: true, webauthn:extension:prf: true, webauthn:virtualAuthenticators: true}
Session ID: 3c879a538c4763ab21e549289089a7f2">
      <![CDATA[org.openqa.selenium.JavascriptException: javascript error: {"status":60,"value":"https://tutorialsninja.com/demo/index.php?route=account/login has no size and location"}
  (Session info: chrome=130.0.6723.92)
Build info: version: '4.25.0', revision: '8a8aea2337'
System info: os.name: 'Windows 11', os.arch: 'amd64', os.version: '10.0', java.version: '21'
Driver info: org.openqa.selenium.chrome.ChromeDriver
Command: [3c879a538c4763ab21e549289089a7f2, actions {actions=[org.openqa.selenium.interactions.Sequence@3a05c991]}]
Capabilities {acceptInsecureCerts: false, browserName: chrome, browserVersion: 130.0.6723.92, chrome: {chromedriverVersion: 130.0.6723.91 (53ac07678369..., userDataDir: C:\Users\Vishnu\AppData\Loc...}, fedcm:accounts: true, goog:chromeOptions: {debuggerAddress: localhost:62287}, networkConnectionEnabled: false, pageLoadStrategy: normal, platformName: windows, proxy: Proxy(), se:cdp: ws://localhost:62287/devtoo..., se:cdpVersion: 130.0.6723.92, setWindowRect: true, strictFileInteractability: false, timeouts: {implicit: 0, pageLoad: 300000, script: 30000}, unhandledPromptBehavior: dismiss and notify, webauthn:extension:credBlob: true, webauthn:extension:largeBlob: true, webauthn:extension:minPinLength: true, webauthn:extension:prf: true, webauthn:virtualAuthenticators: true}
Session ID: 3c879a538c4763ab21e549289089a7f2
at org.openqa.selenium.remote.ErrorCodec.decode(ErrorCodec.java:167)
at org.openqa.selenium.remote.codec.w3c.W3CHttpResponseCodec.decode(W3CHttpResponseCodec.java:138)
at org.openqa.selenium.remote.codec.w3c.W3CHttpResponseCodec.decode(W3CHttpResponseCodec.java:50)
at org.openqa.selenium.remote.HttpCommandExecutor.execute(HttpCommandExecutor.java:190)
at org.openqa.selenium.remote.service.DriverCommandExecutor.invokeExecute(DriverCommandExecutor.java:216)
at org.openqa.selenium.remote.service.DriverCommandExecutor.execute(DriverCommandExecutor.java:174)
at org.openqa.selenium.remote.RemoteWebDriver.execute(RemoteWebDriver.java:545)
at org.openqa.selenium.remote.RemoteWebDriver.perform(RemoteWebDriver.java:631)
at org.openqa.selenium.support.decorators.WebDriverDecorator.call(WebDriverDecorator.java:249)
at org.openqa.selenium.support.decorators.DefaultDecorated.call(DefaultDecorated.java:48)
at org.openqa.selenium.support.decorators.WebDriverDecorator.lambda$createProxy$2(WebDriverDecorator.java:321)
at net.bytebuddy.renamed.java.lang.Object$ByteBuddy$Qp28WN2D.perform(Unknown Source)
at org.openqa.selenium.interactions.Actions$BuiltAction.perform(Actions.java:613)
at base.BasePage.clickElement(BasePage.java:92)
at pagesobjects.LandingPage.clickOnLoginOption(LandingPage.java:45)
at pagesobjects.LandingPage.navigateToLoginPage(LandingPage.java:50)
at tests.LoginTest.SetUp(LoginTest.java:26)
at java.base/java.util.ArrayList.forEach(ArrayList.java:1596)
at java.base/java.util.concurrent.FutureTask.run(FutureTask.java:317)
at java.base/java.util.concurrent.ThreadPoolExecutor.runWorker(ThreadPoolExecutor.java:1144)
at java.base/java.util.concurrent.ThreadPoolExecutor$Worker.run(ThreadPoolExecutor.java:642)
at java.base/java.lang.Thread.run(Thread.java:1583)
... Removed 24 stack frames]]>
    </failure>
  </testcase> <!-- @BeforeMethod SetUp -->
  <testcase classname="tests.BaseSteps" name="@AfterMethod tearDown" time="0.0">
    <skipped/>
  </testcase> <!-- @AfterMethod tearDown -->
  <testcase classname="tests.LoginTest" name="@BeforeMethod SetUp" time="0.0">
    <skipped/>
  </testcase> <!-- @BeforeMethod SetUp -->
  <testcase classname="tests.BaseSteps" name="@AfterMethod tearDown" time="0.0">
    <skipped/>
  </testcase> <!-- @AfterMethod tearDown -->
  <testcase classname="tests.LoginTest" name="@BeforeMethod SetUp" time="0.0">
    <skipped/>
  </testcase> <!-- @BeforeMethod SetUp -->
  <testcase classname="tests.BaseSteps" name="@AfterMethod tearDown" time="0.0">
    <skipped/>
  </testcase> <!-- @AfterMethod tearDown -->
  <testcase classname="tests.LoginTest" name="@BeforeMethod SetUp" time="0.0">
    <skipped/>
  </testcase> <!-- @BeforeMethod SetUp -->
  <testcase classname="tests.BaseSteps" name="@AfterMethod tearDown" time="0.0">
    <skipped/>
  </testcase> <!-- @AfterMethod tearDown -->
  <testcase classname="tests.LoginTest" name="verifyLoginToApplicationUsingvalidCredentials_Test" time="0.0">
    <skipped/>
  </testcase> <!-- verifyLoginToApplicationUsingvalidCredentials_Test -->
  <testcase classname="tests.LoginTest" name="verifyLoginToApplicationUsingvalidCredentials_Test" time="0.0">
    <skipped/>
  </testcase> <!-- verifyLoginToApplicationUsingvalidCredentials_Test -->
  <testcase classname="tests.LoginTest" name="verifyLoginToApplicationUsingvalidCredentials_Test" time="0.0">
    <skipped/>
  </testcase> <!-- verifyLoginToApplicationUsingvalidCredentials_Test -->
  <testcase classname="tests.LoginTest" name="verifyLoginToApplicationUsingvalidCredentials_Test" time="0.0">
    <skipped/>
  </testcase> <!-- verifyLoginToApplicationUsingvalidCredentials_Test -->
  <testcase classname="tests.RegisterTest" name="verifyRegisterAccountUsingMandatoryFields_Test" time="0.0">
    <skipped/>
  </testcase> <!-- verifyRegisterAccountUsingMandatoryFields_Test -->
  <testcase classname="tests.LoginTest" name="verifyLoginToApplicationUsingInvalidCredentials_Test" time="0.0">
    <skipped/>
  </testcase> <!-- verifyLoginToApplicationUsingInvalidCredentials_Test -->
  <testcase classname="tests.LoginTest" name="verifyLoginToApplicationUsingInvalidCredentials_Test" time="0.0">
    <skipped/>
  </testcase> <!-- verifyLoginToApplicationUsingInvalidCredentials_Test -->
  <testcase classname="tests.LoginTest" name="verifyLoginToApplicationUsingInvalidCredentials_Test" time="0.0">
    <skipped/>
  </testcase> <!-- verifyLoginToApplicationUsingInvalidCredentials_Test -->
  <testcase classname="tests.LoginTest" name="verifyLoginToApplicationUsingInvalidCredentials_Test" time="0.001">
    <skipped/>
  </testcase> <!-- verifyLoginToApplicationUsingInvalidCredentials_Test -->
  <testcase classname="tests.RegisterTest" name="verifyRegisterAccountUsingAllFields_Test" time="0.0">
    <skipped/>
  </testcase> <!-- verifyRegisterAccountUsingAllFields_Test -->
  <testcase classname="tests.RegisterTest" name="verifyRegisterAccountWithoutanyDetails_Test" time="0.0">
    <skipped/>
  </testcase> <!-- verifyRegisterAccountWithoutanyDetails_Test -->
  <testcase classname="tests.RegisterTest" name="verifyRegisterAccountYesSelectedForNewsletter_Test" time="0.0">
    <skipped/>
  </testcase> <!-- verifyRegisterAccountYesSelectedForNewsletter_Test -->
  <testcase classname="tests.RegisterTest" name="verifyRegisterAccountNoSelectedForNewsletter_Test" time="0.0">
    <skipped/>
  </testcase> <!-- verifyRegisterAccountNoSelectedForNewsletter_Test -->
  <testcase classname="tests.RegisterTest" name="verifyDiffWayNavigatingToRegisterAccount_Test" time="0.0">
    <skipped/>
  </testcase> <!-- verifyDiffWayNavigatingToRegisterAccount_Test -->
  <testcase classname="tests.LoginTest" name="verifyForgotPasswordLink_Test" time="0.0">
    <skipped/>
  </testcase> <!-- verifyForgotPasswordLink_Test -->
  <testcase classname="tests.LoginTest" name="verifyPlaceholdersOnLoginPage_Test" time="0.0">
    <skipped/>
  </testcase> <!-- verifyPlaceholdersOnLoginPage_Test -->
  <testcase classname="tests.RegisterTest" name="verifyRegisteringWithDifferentPassAndConfirmPass_Test" time="0.0">
    <skipped/>
  </testcase> <!-- verifyRegisteringWithDifferentPassAndConfirmPass_Test -->
  <testcase classname="tests.LoginTest" name="verifyNavigatingBackAfterSuccessfullLogin_Test" time="0.0">
    <skipped/>
  </testcase> <!-- verifyNavigatingBackAfterSuccessfullLogin_Test -->
  <testcase classname="tests.RegisterTest" name="verifyRegisteringWithExistingDetails_Test" time="0.0">
    <skipped/>
  </testcase> <!-- verifyRegisteringWithExistingDetails_Test -->
  <testcase classname="tests.RegisterTest" name="verifyInvalidEmailTooltipMsg_Test" time="0.0">
    <skipped/>
  </testcase> <!-- verifyInvalidEmailTooltipMsg_Test -->
  <testcase classname="tests.LoginTest" name="verifyNavigatingBackAfterLogout_Test" time="0.0">
    <skipped/>
  </testcase> <!-- verifyNavigatingBackAfterLogout_Test -->
  <testcase classname="tests.RegisterTest" name="verifyUserCannotuseInvalidPhoneNumber_Test" time="0.0">
    <skipped/>
  </testcase> <!-- verifyUserCannotuseInvalidPhoneNumber_Test -->
  <testcase classname="tests.RegisterTest" name="verifyUserCannotuseInvalidPhoneNumber_Test" time="0.0">
    <skipped/>
  </testcase> <!-- verifyUserCannotuseInvalidPhoneNumber_Test -->
  <testcase classname="tests.RegisterTest" name="verifyUserCannotuseInvalidPhoneNumber_Test" time="0.0">
    <skipped/>
  </testcase> <!-- verifyUserCannotuseInvalidPhoneNumber_Test -->
  <testcase classname="tests.RegisterTest" name="verifyUserCannotuseInvalidPhoneNumber_Test" time="0.0">
    <skipped/>
  </testcase> <!-- verifyUserCannotuseInvalidPhoneNumber_Test -->
  <testcase classname="tests.RegisterTest" name="verifyUserCannotuseInvalidPhoneNumber_Test" time="0.001">
    <skipped/>
  </testcase> <!-- verifyUserCannotuseInvalidPhoneNumber_Test -->
  <testcase classname="tests.LoginTest" name="verifyMaxLoginAttempts_Test" time="0.0">
    <skipped/>
  </testcase> <!-- verifyMaxLoginAttempts_Test -->
  <testcase classname="tests.RegisterTest" name="verifyRegisterPagePlaceholders_Test" time="0.0">
    <skipped/>
  </testcase> <!-- verifyRegisterPagePlaceholders_Test -->
  <testcase classname="tests.RegisterTest" name="verifyAsterickSymbolForMandatoryFields_Test" time="0.0">
    <skipped/>
  </testcase> <!-- verifyAsterickSymbolForMandatoryFields_Test -->
  <testcase classname="tests.LoginTest" name="verifyPasswordFieldToggleToHide_Test" time="0.001">
    <skipped/>
  </testcase> <!-- verifyPasswordFieldToggleToHide_Test -->
  <testcase classname="tests.RegisterTest" name="verifyPassWordFieldFollowComplexityStandards_Test" time="0.0">
    <skipped/>
  </testcase> <!-- verifyPassWordFieldFollowComplexityStandards_Test -->
  <testcase classname="tests.RegisterTest" name="verifyPassWordFieldFollowComplexityStandards_Test" time="0.0">
    <skipped/>
  </testcase> <!-- verifyPassWordFieldFollowComplexityStandards_Test -->
  <testcase classname="tests.RegisterTest" name="verifyPassWordFieldFollowComplexityStandards_Test" time="0.0">
    <skipped/>
  </testcase> <!-- verifyPassWordFieldFollowComplexityStandards_Test -->
  <testcase classname="tests.RegisterTest" name="verifyPassWordFieldFollowComplexityStandards_Test" time="0.0">
    <skipped/>
  </testcase> <!-- verifyPassWordFieldFollowComplexityStandards_Test -->
  <testcase classname="tests.RegisterTest" name="verifyPassWordFieldFollowComplexityStandards_Test" time="0.0">
    <skipped/>
  </testcase> <!-- verifyPassWordFieldFollowComplexityStandards_Test -->
  <testcase classname="tests.RegisterTest" name="verifyPassWordFieldFollowComplexityStandards_Test" time="0.0">
    <skipped/>
  </testcase> <!-- verifyPassWordFieldFollowComplexityStandards_Test -->
  <testcase classname="tests.RegisterTest" name="verifyPassWordFieldFollowComplexityStandards_Test" time="0.0">
    <skipped/>
  </testcase> <!-- verifyPassWordFieldFollowComplexityStandards_Test -->
  <testcase classname="tests.LoginTest" name="verifyPasswordCannotCopied_Test" time="0.0">
    <skipped/>
  </testcase> <!-- verifyPasswordCannotCopied_Test -->
  <testcase classname="tests.RegisterTest" name="verifyCheckboxNotCheckedByDefault_Test" time="0.0">
    <skipped/>
  </testcase> <!-- verifyCheckboxNotCheckedByDefault_Test -->
  <testcase classname="tests.LoginTest" name="verifyPasswordNotVisibleInPageSource_Test" time="0.0">
    <skipped/>
  </testcase> <!-- verifyPasswordNotVisibleInPageSource_Test -->
  <testcase classname="tests.LoginTest" name="verifyLoggingAfterchangingPassword_Test" time="0.0">
    <skipped/>
  </testcase> <!-- verifyLoggingAfterchangingPassword_Test -->
  <testcase classname="tests.RegisterTest" name="verifyRegisteringWithNotSelectingPrivacyPolicy_Test" time="0.0">
    <skipped/>
  </testcase> <!-- verifyRegisteringWithNotSelectingPrivacyPolicy_Test -->
  <testcase classname="tests.RegisterTest" name="verifyPasswordAndConfirmPasswordToggledToHide_Test" time="0.0">
    <skipped/>
  </testcase> <!-- verifyPasswordAndConfirmPasswordToggledToHide_Test -->
  <testcase classname="tests.RegisterTest" name="verifyRegisteringWithNotEnteringPassConfirm_Test" time="0.0">
    <skipped/>
  </testcase> <!-- verifyRegisteringWithNotEnteringPassConfirm_Test -->
  <testcase classname="tests.RegisterTest" name="verifyConfirmationEmailSendForSuccessfullRegistration_Test" time="0.0">
    <skipped/>
  </testcase> <!-- verifyConfirmationEmailSendForSuccessfullRegistration_Test -->
</testsuite> <!-- edgetest -->
