<!DOCTYPE html>

<html>
  <head>
  <meta charset='utf-8'>
  <title>TestNG reports</title>

    <link type="text/css" href="testng-reports1.css" rel="stylesheet" id="ultra" />
    <link type="text/css" href="testng-reports.css" rel="stylesheet" id="retro" disabled="false"/>
    <script type="text/javascript" src="jquery-3.6.0.min.js"></script>
    <script type="text/javascript" src="testng-reports.js"></script>
    <script type="text/javascript" src="https://www.google.com/jsapi"></script>
    <script type='text/javascript'>
      google.load('visualization', '1', {packages:['table']});
      google.setOnLoadCallback(drawTable);
      var suiteTableInitFunctions = new Array();
      var suiteTableData = new Array();
    </script>
    <!--
      <script type="text/javascript" src="jquery-ui/js/jquery-ui-1.8.16.custom.min.js"></script>
     -->
  </head>

  <body>    <div class="top-banner-root">
      <span class="top-banner-title-font">Test results</span>
      <button id="button" class="button">Switch Retro Theme</button> <!-- button -->
      <br/>
      <span class="top-banner-font-1">1 suite, 14 failed tests</span>
    </div> <!-- top-banner-root -->
    <div class="navigator-root">
      <div class="navigator-suite-header">
        <span>All suites</span>
        <a href="#" title="Collapse/expand all the suites" class="collapse-all-link">
          <img src="collapseall.gif" class="collapse-all-icon">
          </img> <!-- collapse-all-icon -->
        </a> <!-- collapse-all-link -->
      </div> <!-- navigator-suite-header -->
      <div class="suite">
        <div class="rounded-window">
          <div class="suite-header light-rounded-window-top">
            <a href="#" panel-name="suite-Grouping_Suite" class="navigator-link">
              <span class="suite-name border-failed">Grouping-Suite</span>
            </a> <!-- navigator-link -->
          </div> <!-- suite-header light-rounded-window-top -->
          <div class="navigator-suite-content">
            <div class="suite-section-title">
              <span>Info</span>
            </div> <!-- suite-section-title -->
            <div class="suite-section-content">
              <ul>
                <li>
                  <a href="#" panel-name="test-xml-Grouping_Suite" class="navigator-link ">
                    <span>C:\Users\Vishnu\FrameworkConcepts\OpenCart\grouping.xml</span>
                  </a> <!-- navigator-link  -->
                </li>
                <li>
                  <a href="#" panel-name="testlist-Grouping_Suite" class="navigator-link ">
                    <span class="test-stats">1 test</span>
                  </a> <!-- navigator-link  -->
                </li>
                <li>
                  <a href="#" panel-name="group-Grouping_Suite" class="navigator-link ">
                    <span>4 groups</span>
                  </a> <!-- navigator-link  -->
                </li>
                <li>
                  <a href="#" panel-name="times-Grouping_Suite" class="navigator-link ">
                    <span>Times</span>
                  </a> <!-- navigator-link  -->
                </li>
                <li>
                  <a href="#" panel-name="reporter-Grouping_Suite" class="navigator-link ">
                    <span>Reporter output</span>
                  </a> <!-- navigator-link  -->
                </li>
                <li>
                  <a href="#" panel-name="ignored-methods-Grouping_Suite" class="navigator-link ">
                    <span>Ignored methods</span>
                  </a> <!-- navigator-link  -->
                </li>
                <li>
                  <a href="#" panel-name="chronological-Grouping_Suite" class="navigator-link ">
                    <span>Chronological view</span>
                  </a> <!-- navigator-link  -->
                </li>
              </ul>
            </div> <!-- suite-section-content -->
            <div class="result-section">
              <div class="suite-section-title">
                <span>Results</span>
              </div> <!-- suite-section-title -->
              <div class="suite-section-content">
                <ul>
                  <li>
                    <span class="method-stats">62 methods, 14 failed,  15 skipped,  33 passed</span>
                  </li>
                  <li>
                    <span class="method-list-title failed">Failed methods</span>
                    <span class="show-or-hide-methods failed">
                      <a href="#" panel-name="suite-Grouping_Suite" class="hide-methods failed suite-Grouping_Suite"> (hide)</a> <!-- hide-methods failed suite-Grouping_Suite -->
                      <a href="#" panel-name="suite-Grouping_Suite" class="show-methods failed suite-Grouping_Suite"> (show)</a> <!-- show-methods failed suite-Grouping_Suite -->
                    </span>
                    <div class="method-list-content failed suite-Grouping_Suite">
                      <span>
                        <img src="failed.png" width="3%"/>
                        <a href="#" panel-name="suite-Grouping_Suite" title="tests.LoginTest" class="method navigator-link" hash-for-method="verifyNavigatingBackAfterLogout_Test">verifyNavigatingBackAfterLogout_Test</a> <!-- method navigator-link -->
                      </span>
                      <br/>
                      <span>
                        <img src="failed.png" width="3%"/>
                        <a href="#" panel-name="suite-Grouping_Suite" title="tests.LoginTest" class="method navigator-link" hash-for-method="verifyNavigatingBackAfterSuccessfullLogin_Test">verifyNavigatingBackAfterSuccessfullLogin_Test</a> <!-- method navigator-link -->
                      </span>
                      <br/>
                      <span>
                        <img src="failed.png" width="3%"/>
                        <a href="#" panel-name="suite-Grouping_Suite" title="tests.RegisterTest" class="method navigator-link" hash-for-method="verifyPassWordFieldFollowComplexityStandards_Test({Email=autogenerate, ExpectedResult=Success, Description=PWD Entered ::  No Special Characters, Tele...)">verifyPassWordFieldFollowComplexityStandards_Test({Email=autogenerate, ExpectedResult=Success, Description=PWD Entered ::  No Special Characters, Tele...)</a> <!-- method navigator-link -->
                      </span>
                      <br/>
                      <span>
                        <img src="failed.png" width="3%"/>
                        <a href="#" panel-name="suite-Grouping_Suite" title="tests.RegisterTest" class="method navigator-link" hash-for-method="verifyPassWordFieldFollowComplexityStandards_Test({Email=autogenerate, ExpectedResult=Success, Description=PWD Entered ::  All Special Characters, Tel...)">verifyPassWordFieldFollowComplexityStandards_Test({Email=autogenerate, ExpectedResult=Success, Description=PWD Entered ::  All Special Characters, Tel...)</a> <!-- method navigator-link -->
                      </span>
                      <br/>
                      <span>
                        <img src="failed.png" width="3%"/>
                        <a href="#" panel-name="suite-Grouping_Suite" title="tests.RegisterTest" class="method navigator-link" hash-for-method="verifyPassWordFieldFollowComplexityStandards_Test({Email=autogenerate, ExpectedResult=Success, Description=PWD Entered ::  All Lowercase, Telephone=1....)">verifyPassWordFieldFollowComplexityStandards_Test({Email=autogenerate, ExpectedResult=Success, Description=PWD Entered ::  All Lowercase, Telephone=1....)</a> <!-- method navigator-link -->
                      </span>
                      <br/>
                      <span>
                        <img src="failed.png" width="3%"/>
                        <a href="#" panel-name="suite-Grouping_Suite" title="tests.RegisterTest" class="method navigator-link" hash-for-method="verifyPassWordFieldFollowComplexityStandards_Test({Email=autogenerate, ExpectedResult=Success, Description=PWD Entered ::  With Spaces, Telephone=1.23...)">verifyPassWordFieldFollowComplexityStandards_Test({Email=autogenerate, ExpectedResult=Success, Description=PWD Entered ::  With Spaces, Telephone=1.23...)</a> <!-- method navigator-link -->
                      </span>
                      <br/>
                      <span>
                        <img src="failed.png" width="3%"/>
                        <a href="#" panel-name="suite-Grouping_Suite" title="tests.RegisterTest" class="method navigator-link" hash-for-method="verifyPassWordFieldFollowComplexityStandards_Test({Email=autogenerate, ExpectedResult=Success, Description=PWD Entered ::  All Numbers, Telephone=1.23...)">verifyPassWordFieldFollowComplexityStandards_Test({Email=autogenerate, ExpectedResult=Success, Description=PWD Entered ::  All Numbers, Telephone=1.23...)</a> <!-- method navigator-link -->
                      </span>
                      <br/>
                      <span>
                        <img src="failed.png" width="3%"/>
                        <a href="#" panel-name="suite-Grouping_Suite" title="tests.RegisterTest" class="method navigator-link" hash-for-method="verifyPassWordFieldFollowComplexityStandards_Test({Email=autogenerate, ExpectedResult=Success, Description=PWD Entered ::  No Numbers, Telephone=1.234...)">verifyPassWordFieldFollowComplexityStandards_Test({Email=autogenerate, ExpectedResult=Success, Description=PWD Entered ::  No Numbers, Telephone=1.234...)</a> <!-- method navigator-link -->
                      </span>
                      <br/>
                      <span>
                        <img src="failed.png" width="3%"/>
                        <a href="#" panel-name="suite-Grouping_Suite" title="tests.RegisterTest" class="method navigator-link" hash-for-method="verifyPassWordFieldFollowComplexityStandards_Test({Email=autogenerate, ExpectedResult=Success, Description=PWD Entered ::  All Uppercase, Telephone=1....)">verifyPassWordFieldFollowComplexityStandards_Test({Email=autogenerate, ExpectedResult=Success, Description=PWD Entered ::  All Uppercase, Telephone=1....)</a> <!-- method navigator-link -->
                      </span>
                      <br/>
                      <span>
                        <img src="failed.png" width="3%"/>
                        <a href="#" panel-name="suite-Grouping_Suite" title="tests.RegisterTest" class="method navigator-link" hash-for-method="verifyUserCannotuseInvalidPhoneNumber_Test({Email=autogenerate, ExpectedResult=Success, Description=Phone Text Entered ::  Eleven Digits, Telep...)">verifyUserCannotuseInvalidPhoneNumber_Test({Email=autogenerate, ExpectedResult=Success, Description=Phone Text Entered ::  Eleven Digits, Telep...)</a> <!-- method navigator-link -->
                      </span>
                      <br/>
                      <span>
                        <img src="failed.png" width="3%"/>
                        <a href="#" panel-name="suite-Grouping_Suite" title="tests.RegisterTest" class="method navigator-link" hash-for-method="verifyUserCannotuseInvalidPhoneNumber_Test({Email=autogenerate, ExpectedResult=Success, Description= Phone Text Entered :: With Spaces, Telepho...)">verifyUserCannotuseInvalidPhoneNumber_Test({Email=autogenerate, ExpectedResult=Success, Description= Phone Text Entered :: With Spaces, Telepho...)</a> <!-- method navigator-link -->
                      </span>
                      <br/>
                      <span>
                        <img src="failed.png" width="3%"/>
                        <a href="#" panel-name="suite-Grouping_Suite" title="tests.RegisterTest" class="method navigator-link" hash-for-method="verifyUserCannotuseInvalidPhoneNumber_Test({Email=autogenerate, ExpectedResult=Success, Description=Phone Text Entered ::   All Special Charact...)">verifyUserCannotuseInvalidPhoneNumber_Test({Email=autogenerate, ExpectedResult=Success, Description=Phone Text Entered ::   All Special Charact...)</a> <!-- method navigator-link -->
                      </span>
                      <br/>
                      <span>
                        <img src="failed.png" width="3%"/>
                        <a href="#" panel-name="suite-Grouping_Suite" title="tests.RegisterTest" class="method navigator-link" hash-for-method="verifyUserCannotuseInvalidPhoneNumber_Test({Email=autogenerate, ExpectedResult=Success, Description=Phone Text Entered :: Non Numeric, Telephon...)">verifyUserCannotuseInvalidPhoneNumber_Test({Email=autogenerate, ExpectedResult=Success, Description=Phone Text Entered :: Non Numeric, Telephon...)</a> <!-- method navigator-link -->
                      </span>
                      <br/>
                      <span>
                        <img src="failed.png" width="3%"/>
                        <a href="#" panel-name="suite-Grouping_Suite" title="tests.RegisterTest" class="method navigator-link" hash-for-method="verifyUserCannotuseInvalidPhoneNumber_Test({Email=autogenerate, ExpectedResult=Success, Description=Phone Text Entered ::  Nine Digits, Telepho...)">verifyUserCannotuseInvalidPhoneNumber_Test({Email=autogenerate, ExpectedResult=Success, Description=Phone Text Entered ::  Nine Digits, Telepho...)</a> <!-- method navigator-link -->
                      </span>
                      <br/>
                    </div> <!-- method-list-content failed suite-Grouping_Suite -->
                  </li>
                  <li>
                    <span class="method-list-title skipped">Retried methods</span>
                    <span class="show-or-hide-methods skipped">
                      <a href="#" panel-name="suite-Grouping_Suite" class="hide-methods skipped suite-Grouping_Suite"> (hide)</a> <!-- hide-methods skipped suite-Grouping_Suite -->
                      <a href="#" panel-name="suite-Grouping_Suite" class="show-methods skipped suite-Grouping_Suite"> (show)</a> <!-- show-methods skipped suite-Grouping_Suite -->
                    </span>
                    <div class="method-list-content skipped suite-Grouping_Suite">
                      <span>
                        <img src="skipped.png" width="3%"/>
                        <a href="#" panel-name="suite-Grouping_Suite" title="tests.LoginTest" class="method navigator-link" hash-for-method="verifyLoggingAfterchangingPassword_Test">verifyLoggingAfterchangingPassword_Test</a> <!-- method navigator-link -->
                      </span>
                      <br/>
                      <span>
                        <img src="skipped.png" width="3%"/>
                        <a href="#" panel-name="suite-Grouping_Suite" title="tests.LoginTest" class="method navigator-link" hash-for-method="verifyNavigatingBackAfterLogout_Test">verifyNavigatingBackAfterLogout_Test</a> <!-- method navigator-link -->
                      </span>
                      <br/>
                      <span>
                        <img src="skipped.png" width="3%"/>
                        <a href="#" panel-name="suite-Grouping_Suite" title="tests.LoginTest" class="method navigator-link" hash-for-method="verifyNavigatingBackAfterSuccessfullLogin_Test">verifyNavigatingBackAfterSuccessfullLogin_Test</a> <!-- method navigator-link -->
                      </span>
                      <br/>
                      <span>
                        <img src="skipped.png" width="3%"/>
                        <a href="#" panel-name="suite-Grouping_Suite" title="tests.RegisterTest" class="method navigator-link" hash-for-method="verifyPassWordFieldFollowComplexityStandards_Test({Email=autogenerate, ExpectedResult=Success, Description=PWD Entered ::  No Special Characters, Tele...)">verifyPassWordFieldFollowComplexityStandards_Test({Email=autogenerate, ExpectedResult=Success, Description=PWD Entered ::  No Special Characters, Tele...)</a> <!-- method navigator-link -->
                      </span>
                      <br/>
                      <span>
                        <img src="skipped.png" width="3%"/>
                        <a href="#" panel-name="suite-Grouping_Suite" title="tests.RegisterTest" class="method navigator-link" hash-for-method="verifyPassWordFieldFollowComplexityStandards_Test({Email=autogenerate, ExpectedResult=Success, Description=PWD Entered ::  All Uppercase, Telephone=1....)">verifyPassWordFieldFollowComplexityStandards_Test({Email=autogenerate, ExpectedResult=Success, Description=PWD Entered ::  All Uppercase, Telephone=1....)</a> <!-- method navigator-link -->
                      </span>
                      <br/>
                      <span>
                        <img src="skipped.png" width="3%"/>
                        <a href="#" panel-name="suite-Grouping_Suite" title="tests.RegisterTest" class="method navigator-link" hash-for-method="verifyPassWordFieldFollowComplexityStandards_Test({Email=autogenerate, ExpectedResult=Success, Description=PWD Entered ::  No Numbers, Telephone=1.234...)">verifyPassWordFieldFollowComplexityStandards_Test({Email=autogenerate, ExpectedResult=Success, Description=PWD Entered ::  No Numbers, Telephone=1.234...)</a> <!-- method navigator-link -->
                      </span>
                      <br/>
                      <span>
                        <img src="skipped.png" width="3%"/>
                        <a href="#" panel-name="suite-Grouping_Suite" title="tests.RegisterTest" class="method navigator-link" hash-for-method="verifyPassWordFieldFollowComplexityStandards_Test({Email=autogenerate, ExpectedResult=Success, Description=PWD Entered ::  All Numbers, Telephone=1.23...)">verifyPassWordFieldFollowComplexityStandards_Test({Email=autogenerate, ExpectedResult=Success, Description=PWD Entered ::  All Numbers, Telephone=1.23...)</a> <!-- method navigator-link -->
                      </span>
                      <br/>
                      <span>
                        <img src="skipped.png" width="3%"/>
                        <a href="#" panel-name="suite-Grouping_Suite" title="tests.RegisterTest" class="method navigator-link" hash-for-method="verifyPassWordFieldFollowComplexityStandards_Test({Email=autogenerate, ExpectedResult=Success, Description=PWD Entered ::  All Special Characters, Tel...)">verifyPassWordFieldFollowComplexityStandards_Test({Email=autogenerate, ExpectedResult=Success, Description=PWD Entered ::  All Special Characters, Tel...)</a> <!-- method navigator-link -->
                      </span>
                      <br/>
                      <span>
                        <img src="skipped.png" width="3%"/>
                        <a href="#" panel-name="suite-Grouping_Suite" title="tests.RegisterTest" class="method navigator-link" hash-for-method="verifyPassWordFieldFollowComplexityStandards_Test({Email=autogenerate, ExpectedResult=Success, Description=PWD Entered ::  All Lowercase, Telephone=1....)">verifyPassWordFieldFollowComplexityStandards_Test({Email=autogenerate, ExpectedResult=Success, Description=PWD Entered ::  All Lowercase, Telephone=1....)</a> <!-- method navigator-link -->
                      </span>
                      <br/>
                      <span>
                        <img src="skipped.png" width="3%"/>
                        <a href="#" panel-name="suite-Grouping_Suite" title="tests.RegisterTest" class="method navigator-link" hash-for-method="verifyPassWordFieldFollowComplexityStandards_Test({Email=autogenerate, ExpectedResult=Success, Description=PWD Entered ::  With Spaces, Telephone=1.23...)">verifyPassWordFieldFollowComplexityStandards_Test({Email=autogenerate, ExpectedResult=Success, Description=PWD Entered ::  With Spaces, Telephone=1.23...)</a> <!-- method navigator-link -->
                      </span>
                      <br/>
                      <span>
                        <img src="skipped.png" width="3%"/>
                        <a href="#" panel-name="suite-Grouping_Suite" title="tests.RegisterTest" class="method navigator-link" hash-for-method="verifyUserCannotuseInvalidPhoneNumber_Test({Email=autogenerate, ExpectedResult=Success, Description= Phone Text Entered :: With Spaces, Telepho...)">verifyUserCannotuseInvalidPhoneNumber_Test({Email=autogenerate, ExpectedResult=Success, Description= Phone Text Entered :: With Spaces, Telepho...)</a> <!-- method navigator-link -->
                      </span>
                      <br/>
                      <span>
                        <img src="skipped.png" width="3%"/>
                        <a href="#" panel-name="suite-Grouping_Suite" title="tests.RegisterTest" class="method navigator-link" hash-for-method="verifyUserCannotuseInvalidPhoneNumber_Test({Email=autogenerate, ExpectedResult=Success, Description=Phone Text Entered :: Non Numeric, Telephon...)">verifyUserCannotuseInvalidPhoneNumber_Test({Email=autogenerate, ExpectedResult=Success, Description=Phone Text Entered :: Non Numeric, Telephon...)</a> <!-- method navigator-link -->
                      </span>
                      <br/>
                      <span>
                        <img src="skipped.png" width="3%"/>
                        <a href="#" panel-name="suite-Grouping_Suite" title="tests.RegisterTest" class="method navigator-link" hash-for-method="verifyUserCannotuseInvalidPhoneNumber_Test({Email=autogenerate, ExpectedResult=Success, Description=Phone Text Entered ::  Nine Digits, Telepho...)">verifyUserCannotuseInvalidPhoneNumber_Test({Email=autogenerate, ExpectedResult=Success, Description=Phone Text Entered ::  Nine Digits, Telepho...)</a> <!-- method navigator-link -->
                      </span>
                      <br/>
                      <span>
                        <img src="skipped.png" width="3%"/>
                        <a href="#" panel-name="suite-Grouping_Suite" title="tests.RegisterTest" class="method navigator-link" hash-for-method="verifyUserCannotuseInvalidPhoneNumber_Test({Email=autogenerate, ExpectedResult=Success, Description=Phone Text Entered ::   All Special Charact...)">verifyUserCannotuseInvalidPhoneNumber_Test({Email=autogenerate, ExpectedResult=Success, Description=Phone Text Entered ::   All Special Charact...)</a> <!-- method navigator-link -->
                      </span>
                      <br/>
                      <span>
                        <img src="skipped.png" width="3%"/>
                        <a href="#" panel-name="suite-Grouping_Suite" title="tests.RegisterTest" class="method navigator-link" hash-for-method="verifyUserCannotuseInvalidPhoneNumber_Test({Email=autogenerate, ExpectedResult=Success, Description=Phone Text Entered ::  Eleven Digits, Telep...)">verifyUserCannotuseInvalidPhoneNumber_Test({Email=autogenerate, ExpectedResult=Success, Description=Phone Text Entered ::  Eleven Digits, Telep...)</a> <!-- method navigator-link -->
                      </span>
                      <br/>
                    </div> <!-- method-list-content skipped suite-Grouping_Suite -->
                  </li>
                  <li>
                    <span class="method-list-title passed">Passed methods</span>
                    <span class="show-or-hide-methods passed">
                      <a href="#" panel-name="suite-Grouping_Suite" class="hide-methods passed suite-Grouping_Suite"> (hide)</a> <!-- hide-methods passed suite-Grouping_Suite -->
                      <a href="#" panel-name="suite-Grouping_Suite" class="show-methods passed suite-Grouping_Suite"> (show)</a> <!-- show-methods passed suite-Grouping_Suite -->
                    </span>
                    <div class="method-list-content passed suite-Grouping_Suite">
                      <span>
                        <img src="passed.png" width="3%"/>
                        <a href="#" panel-name="suite-Grouping_Suite" title="tests.RegisterTest" class="method navigator-link" hash-for-method="verifyAsterickSymbolForMandatoryFields_Test">verifyAsterickSymbolForMandatoryFields_Test</a> <!-- method navigator-link -->
                      </span>
                      <br/>
                      <span>
                        <img src="passed.png" width="3%"/>
                        <a href="#" panel-name="suite-Grouping_Suite" title="tests.RegisterTest" class="method navigator-link" hash-for-method="verifyCheckboxNotCheckedByDefault_Test">verifyCheckboxNotCheckedByDefault_Test</a> <!-- method navigator-link -->
                      </span>
                      <br/>
                      <span>
                        <img src="passed.png" width="3%"/>
                        <a href="#" panel-name="suite-Grouping_Suite" title="tests.RegisterTest" class="method navigator-link" hash-for-method="verifyConfirmationEmailSendForSuccessfullRegistration_Test">verifyConfirmationEmailSendForSuccessfullRegistration_Test</a> <!-- method navigator-link -->
                      </span>
                      <br/>
                      <span>
                        <img src="passed.png" width="3%"/>
                        <a href="#" panel-name="suite-Grouping_Suite" title="tests.RegisterTest" class="method navigator-link" hash-for-method="verifyDiffWayNavigatingToRegisterAccount_Test">verifyDiffWayNavigatingToRegisterAccount_Test</a> <!-- method navigator-link -->
                      </span>
                      <br/>
                      <span>
                        <img src="passed.png" width="3%"/>
                        <a href="#" panel-name="suite-Grouping_Suite" title="tests.LoginTest" class="method navigator-link" hash-for-method="verifyForgotPasswordLink_Test">verifyForgotPasswordLink_Test</a> <!-- method navigator-link -->
                      </span>
                      <br/>
                      <span>
                        <img src="passed.png" width="3%"/>
                        <a href="#" panel-name="suite-Grouping_Suite" title="tests.RegisterTest" class="method navigator-link" hash-for-method="verifyInvalidEmailTooltipMsg_Test">verifyInvalidEmailTooltipMsg_Test</a> <!-- method navigator-link -->
                      </span>
                      <br/>
                      <span>
                        <img src="passed.png" width="3%"/>
                        <a href="#" panel-name="suite-Grouping_Suite" title="tests.LoginTest" class="method navigator-link" hash-for-method="verifyLoggingAfterchangingPassword_Test">verifyLoggingAfterchangingPassword_Test</a> <!-- method navigator-link -->
                      </span>
                      <br/>
                      <span>
                        <img src="passed.png" width="3%"/>
                        <a href="#" panel-name="suite-Grouping_Suite" title="tests.LoginTest" class="method navigator-link" hash-for-method="verifyLoginToApplicationUsingInvalidCredentials_Test({Runmode=Y, Description=ValidEmail &amp; InvalidPass, Username=vishnu.71883@gmail.com, Expected Result=S...)">verifyLoginToApplicationUsingInvalidCredentials_Test({Runmode=Y, Description=ValidEmail & InvalidPass, Username=vishnu.71883@gmail.com, Expected Result=S...)</a> <!-- method navigator-link -->
                      </span>
                      <br/>
                      <span>
                        <img src="passed.png" width="3%"/>
                        <a href="#" panel-name="suite-Grouping_Suite" title="tests.LoginTest" class="method navigator-link" hash-for-method="verifyLoginToApplicationUsingInvalidCredentials_Test({Runmode=Y, Description=NoCredentilals, Username= , Expected Result=Success, Password= })">verifyLoginToApplicationUsingInvalidCredentials_Test({Runmode=Y, Description=NoCredentilals, Username= , Expected Result=Success, Password= })</a> <!-- method navigator-link -->
                      </span>
                      <br/>
                      <span>
                        <img src="passed.png" width="3%"/>
                        <a href="#" panel-name="suite-Grouping_Suite" title="tests.LoginTest" class="method navigator-link" hash-for-method="verifyLoginToApplicationUsingInvalidCredentials_Test({Runmode=Y, Description=Both Email &amp;Pass In-Valid , Username=vishnu.1123@gmail, Expected Result=Succ...)">verifyLoginToApplicationUsingInvalidCredentials_Test({Runmode=Y, Description=Both Email &Pass In-Valid , Username=vishnu.1123@gmail, Expected Result=Succ...)</a> <!-- method navigator-link -->
                      </span>
                      <br/>
                      <span>
                        <img src="passed.png" width="3%"/>
                        <a href="#" panel-name="suite-Grouping_Suite" title="tests.LoginTest" class="method navigator-link" hash-for-method="verifyLoginToApplicationUsingInvalidCredentials_Test({Runmode=Y, Description=InvalidEmail &amp; ValidPass, Username=vishnu.1123@gmail, Expected Result=Succes...)">verifyLoginToApplicationUsingInvalidCredentials_Test({Runmode=Y, Description=InvalidEmail & ValidPass, Username=vishnu.1123@gmail, Expected Result=Succes...)</a> <!-- method navigator-link -->
                      </span>
                      <br/>
                      <span>
                        <img src="passed.png" width="3%"/>
                        <a href="#" panel-name="suite-Grouping_Suite" title="tests.LoginTest" class="method navigator-link" hash-for-method="verifyLoginToApplicationUsingvalidCredentials_Test({Runmode=Y, Description=Admin Login, Username=vishnu.71881@gmail.com, Expected Result=Success, Passw...)">verifyLoginToApplicationUsingvalidCredentials_Test({Runmode=Y, Description=Admin Login, Username=vishnu.71881@gmail.com, Expected Result=Success, Passw...)</a> <!-- method navigator-link -->
                      </span>
                      <br/>
                      <span>
                        <img src="passed.png" width="3%"/>
                        <a href="#" panel-name="suite-Grouping_Suite" title="tests.LoginTest" class="method navigator-link" hash-for-method="verifyLoginToApplicationUsingvalidCredentials_Test({Runmode=Y, Description=Team Member Login, Username=vishnu.71883@gmail.com, Expected Result=Success,...)">verifyLoginToApplicationUsingvalidCredentials_Test({Runmode=Y, Description=Team Member Login, Username=vishnu.71883@gmail.com, Expected Result=Success,...)</a> <!-- method navigator-link -->
                      </span>
                      <br/>
                      <span>
                        <img src="passed.png" width="3%"/>
                        <a href="#" panel-name="suite-Grouping_Suite" title="tests.LoginTest" class="method navigator-link" hash-for-method="verifyLoginToApplicationUsingvalidCredentials_Test({Runmode=Y, Description=Supervisor Login, Username=vishnu.71882@gmail.com, Expected Result=Success, ...)">verifyLoginToApplicationUsingvalidCredentials_Test({Runmode=Y, Description=Supervisor Login, Username=vishnu.71882@gmail.com, Expected Result=Success, ...)</a> <!-- method navigator-link -->
                      </span>
                      <br/>
                      <span>
                        <img src="passed.png" width="3%"/>
                        <a href="#" panel-name="suite-Grouping_Suite" title="tests.LoginTest" class="method navigator-link" hash-for-method="verifyLoginToApplicationUsingvalidCredentials_Test({Runmode=Y, Description=Trainee Login, Username=vishnu.71884@gmail.com, Expected Result=Success, Pas...)">verifyLoginToApplicationUsingvalidCredentials_Test({Runmode=Y, Description=Trainee Login, Username=vishnu.71884@gmail.com, Expected Result=Success, Pas...)</a> <!-- method navigator-link -->
                      </span>
                      <br/>
                      <span>
                        <img src="passed.png" width="3%"/>
                        <a href="#" panel-name="suite-Grouping_Suite" title="tests.LogoutTest" class="method navigator-link" hash-for-method="verifyLogoutFromRightColumnOption_Test">verifyLogoutFromRightColumnOption_Test</a> <!-- method navigator-link -->
                      </span>
                      <br/>
                      <span>
                        <img src="passed.png" width="3%"/>
                        <a href="#" panel-name="suite-Grouping_Suite" title="tests.LoginTest" class="method navigator-link" hash-for-method="verifyMaxLoginAttempts_Test">verifyMaxLoginAttempts_Test</a> <!-- method navigator-link -->
                      </span>
                      <br/>
                      <span>
                        <img src="passed.png" width="3%"/>
                        <a href="#" panel-name="suite-Grouping_Suite" title="tests.RegisterTest" class="method navigator-link" hash-for-method="verifyPasswordAndConfirmPasswordToggledToHide_Test">verifyPasswordAndConfirmPasswordToggledToHide_Test</a> <!-- method navigator-link -->
                      </span>
                      <br/>
                      <span>
                        <img src="passed.png" width="3%"/>
                        <a href="#" panel-name="suite-Grouping_Suite" title="tests.LoginTest" class="method navigator-link" hash-for-method="verifyPasswordCannotCopied_Test">verifyPasswordCannotCopied_Test</a> <!-- method navigator-link -->
                      </span>
                      <br/>
                      <span>
                        <img src="passed.png" width="3%"/>
                        <a href="#" panel-name="suite-Grouping_Suite" title="tests.LoginTest" class="method navigator-link" hash-for-method="verifyPasswordFieldToggleToHide_Test">verifyPasswordFieldToggleToHide_Test</a> <!-- method navigator-link -->
                      </span>
                      <br/>
                      <span>
                        <img src="passed.png" width="3%"/>
                        <a href="#" panel-name="suite-Grouping_Suite" title="tests.LoginTest" class="method navigator-link" hash-for-method="verifyPasswordNotVisibleInPageSource_Test">verifyPasswordNotVisibleInPageSource_Test</a> <!-- method navigator-link -->
                      </span>
                      <br/>
                      <span>
                        <img src="passed.png" width="3%"/>
                        <a href="#" panel-name="suite-Grouping_Suite" title="tests.LoginTest" class="method navigator-link" hash-for-method="verifyPlaceholdersOnLoginPage_Test">verifyPlaceholdersOnLoginPage_Test</a> <!-- method navigator-link -->
                      </span>
                      <br/>
                      <span>
                        <img src="passed.png" width="3%"/>
                        <a href="#" panel-name="suite-Grouping_Suite" title="tests.RegisterTest" class="method navigator-link" hash-for-method="verifyRegisterAccountNoSelectedForNewsletter_Test">verifyRegisterAccountNoSelectedForNewsletter_Test</a> <!-- method navigator-link -->
                      </span>
                      <br/>
                      <span>
                        <img src="passed.png" width="3%"/>
                        <a href="#" panel-name="suite-Grouping_Suite" title="tests.RegisterTest" class="method navigator-link" hash-for-method="verifyRegisterAccountUsingAllFields_Test">verifyRegisterAccountUsingAllFields_Test</a> <!-- method navigator-link -->
                      </span>
                      <br/>
                      <span>
                        <img src="passed.png" width="3%"/>
                        <a href="#" panel-name="suite-Grouping_Suite" title="tests.RegisterTest" class="method navigator-link" hash-for-method="verifyRegisterAccountUsingMandatoryFields_Test">verifyRegisterAccountUsingMandatoryFields_Test</a> <!-- method navigator-link -->
                      </span>
                      <br/>
                      <span>
                        <img src="passed.png" width="3%"/>
                        <a href="#" panel-name="suite-Grouping_Suite" title="tests.RegisterTest" class="method navigator-link" hash-for-method="verifyRegisterAccountWithoutanyDetails_Test">verifyRegisterAccountWithoutanyDetails_Test</a> <!-- method navigator-link -->
                      </span>
                      <br/>
                      <span>
                        <img src="passed.png" width="3%"/>
                        <a href="#" panel-name="suite-Grouping_Suite" title="tests.RegisterTest" class="method navigator-link" hash-for-method="verifyRegisterAccountYesSelectedForNewsletter_Test">verifyRegisterAccountYesSelectedForNewsletter_Test</a> <!-- method navigator-link -->
                      </span>
                      <br/>
                      <span>
                        <img src="passed.png" width="3%"/>
                        <a href="#" panel-name="suite-Grouping_Suite" title="tests.RegisterTest" class="method navigator-link" hash-for-method="verifyRegisterPagePlaceholders_Test">verifyRegisterPagePlaceholders_Test</a> <!-- method navigator-link -->
                      </span>
                      <br/>
                      <span>
                        <img src="passed.png" width="3%"/>
                        <a href="#" panel-name="suite-Grouping_Suite" title="tests.RegisterTest" class="method navigator-link" hash-for-method="verifyRegisteringWithDifferentPassAndConfirmPass_Test">verifyRegisteringWithDifferentPassAndConfirmPass_Test</a> <!-- method navigator-link -->
                      </span>
                      <br/>
                      <span>
                        <img src="passed.png" width="3%"/>
                        <a href="#" panel-name="suite-Grouping_Suite" title="tests.RegisterTest" class="method navigator-link" hash-for-method="verifyRegisteringWithExistingDetails_Test">verifyRegisteringWithExistingDetails_Test</a> <!-- method navigator-link -->
                      </span>
                      <br/>
                      <span>
                        <img src="passed.png" width="3%"/>
                        <a href="#" panel-name="suite-Grouping_Suite" title="tests.RegisterTest" class="method navigator-link" hash-for-method="verifyRegisteringWithNotEnteringPassConfirm_Test">verifyRegisteringWithNotEnteringPassConfirm_Test</a> <!-- method navigator-link -->
                      </span>
                      <br/>
                      <span>
                        <img src="passed.png" width="3%"/>
                        <a href="#" panel-name="suite-Grouping_Suite" title="tests.RegisterTest" class="method navigator-link" hash-for-method="verifyRegisteringWithNotSelectingPrivacyPolicy_Test">verifyRegisteringWithNotSelectingPrivacyPolicy_Test</a> <!-- method navigator-link -->
                      </span>
                      <br/>
                      <span>
                        <img src="passed.png" width="3%"/>
                        <a href="#" panel-name="suite-Grouping_Suite" title="tests.LogoutTest" class="method navigator-link" hash-for-method="verifylogoutFromMyAccountDropMenu_Test">verifylogoutFromMyAccountDropMenu_Test</a> <!-- method navigator-link -->
                      </span>
                      <br/>
                    </div> <!-- method-list-content passed suite-Grouping_Suite -->
                  </li>
                </ul>
              </div> <!-- suite-section-content -->
            </div> <!-- result-section -->
          </div> <!-- navigator-suite-content -->
        </div> <!-- rounded-window -->
      </div> <!-- suite -->
    </div> <!-- navigator-root -->
    <div class="wrapper">
      <div class="main-panel-root">
        <div panel-name="suite-Grouping_Suite" class="panel Grouping_Suite">
          <div class="suite-Grouping_Suite-class-failed">
            <div class="main-panel-header rounded-window-top">
              <img src="failed.png"/>
              <span class="class-name">tests.LoginTest</span>
            </div> <!-- main-panel-header rounded-window-top -->
            <div class="main-panel-content rounded-window-bottom">
              <div class="method">
                <div class="method-content">
                  <a name="verifyNavigatingBackAfterLogout_Test">
                  </a> <!-- verifyNavigatingBackAfterLogout_Test -->
                  <span class="method-name">verifyNavigatingBackAfterLogout_Test</span>
                  <div class="stack-trace">org.openqa.selenium.NoSuchElementException: no such element: Unable to locate element: {&quot;method&quot;:&quot;xpath&quot;,&quot;selector&quot;:&quot;(//a[text()=&apos;Login&apos;])[1]&quot;}
  (Session info: chrome=130.0.6723.92)
For documentation on this error, please visit: https://www.selenium.dev/documentation/webdriver/troubleshooting/errors#no-such-element-exception
Build info: version: &apos;4.25.0&apos;, revision: &apos;8a8aea2337&apos;
System info: os.name: &apos;Windows 11&apos;, os.arch: &apos;amd64&apos;, os.version: &apos;10.0&apos;, java.version: &apos;21&apos;
Driver info: org.openqa.selenium.chrome.ChromeDriver
Command: [8f1e7a1b637c35c6109dd742ba746131, findElement {using=xpath, value=(//a[text()=&apos;Login&apos;])[1]}]
Capabilities {acceptInsecureCerts: false, browserName: chrome, browserVersion: 130.0.6723.92, chrome: {chromedriverVersion: 130.0.6723.91 (53ac07678369..., userDataDir: C:\Users\Vishnu\AppData\Loc...}, fedcm:accounts: true, goog:chromeOptions: {debuggerAddress: localhost:61238}, networkConnectionEnabled: false, pageLoadStrategy: normal, platformName: windows, proxy: Proxy(), se:cdp: ws://localhost:61238/devtoo..., se:cdpVersion: 130.0.6723.92, setWindowRect: true, strictFileInteractability: false, timeouts: {implicit: 0, pageLoad: 300000, script: 30000}, unhandledPromptBehavior: dismiss and notify, webauthn:extension:credBlob: true, webauthn:extension:largeBlob: true, webauthn:extension:minPinLength: true, webauthn:extension:prf: true, webauthn:virtualAuthenticators: true}
Session ID: 8f1e7a1b637c35c6109dd742ba746131
	at java.base/jdk.internal.reflect.DirectConstructorHandleAccessor.newInstance(DirectConstructorHandleAccessor.java:62)
	at java.base/java.lang.reflect.Constructor.newInstanceWithCaller(Constructor.java:502)
	at java.base/java.lang.reflect.Constructor.newInstance(Constructor.java:486)
	at org.openqa.selenium.remote.ErrorCodec.decode(ErrorCodec.java:167)
	at org.openqa.selenium.remote.codec.w3c.W3CHttpResponseCodec.decode(W3CHttpResponseCodec.java:138)
	at org.openqa.selenium.remote.codec.w3c.W3CHttpResponseCodec.decode(W3CHttpResponseCodec.java:50)
	at org.openqa.selenium.remote.HttpCommandExecutor.execute(HttpCommandExecutor.java:190)
	at org.openqa.selenium.remote.service.DriverCommandExecutor.invokeExecute(DriverCommandExecutor.java:216)
	at org.openqa.selenium.remote.service.DriverCommandExecutor.execute(DriverCommandExecutor.java:174)
	at org.openqa.selenium.remote.RemoteWebDriver.execute(RemoteWebDriver.java:545)
	at org.openqa.selenium.remote.ElementLocation$ElementFinder$2.findElement(ElementLocation.java:165)
	at org.openqa.selenium.remote.ElementLocation.findElement(ElementLocation.java:59)
	at org.openqa.selenium.remote.RemoteWebDriver.findElement(RemoteWebDriver.java:368)
	at org.openqa.selenium.remote.RemoteWebDriver.findElement(RemoteWebDriver.java:362)
	at java.base/jdk.internal.reflect.DirectMethodHandleAccessor.invoke(DirectMethodHandleAccessor.java:103)
	at java.base/java.lang.reflect.Method.invoke(Method.java:580)
	at org.openqa.selenium.support.decorators.WebDriverDecorator.call(WebDriverDecorator.java:249)
	at org.openqa.selenium.support.decorators.DefaultDecorated.call(DefaultDecorated.java:48)
	at org.openqa.selenium.support.decorators.WebDriverDecorator.lambda$createProxy$2(WebDriverDecorator.java:321)
	at net.bytebuddy.renamed.java.lang.Object$ByteBuddy$1PjZU2p8.findElement(Unknown Source)
	at org.openqa.selenium.support.pagefactory.DefaultElementLocator.findElement(DefaultElementLocator.java:68)
	at org.openqa.selenium.support.pagefactory.internal.LocatingElementHandler.invoke(LocatingElementHandler.java:38)
	at jdk.proxy2/jdk.proxy2.$Proxy50.isDisplayed(Unknown Source)
	at tests.LoginTest.verifyNavigatingBackAfterLogout_Test(LoginTest.java:74)
	at java.base/jdk.internal.reflect.DirectMethodHandleAccessor.invoke(DirectMethodHandleAccessor.java:103)
	at java.base/java.lang.reflect.Method.invoke(Method.java:580)
	at org.testng.internal.invokers.MethodInvocationHelper.invokeMethod(MethodInvocationHelper.java:141)
	at org.testng.internal.invokers.TestInvoker.invokeMethod(TestInvoker.java:686)
	at org.testng.internal.invokers.TestInvoker.retryFailed(TestInvoker.java:269)
	at org.testng.internal.invokers.MethodRunner.runInSequence(MethodRunner.java:76)
	at org.testng.internal.invokers.TestInvoker$MethodInvocationAgent.invoke(TestInvoker.java:992)
	at org.testng.internal.invokers.TestInvoker.invokeTestMethods(TestInvoker.java:203)
	at org.testng.internal.invokers.TestMethodWorker.invokeTestMethods(TestMethodWorker.java:154)
	at org.testng.internal.invokers.TestMethodWorker.run(TestMethodWorker.java:134)
	at java.base/java.util.ArrayList.forEach(ArrayList.java:1596)
	at org.testng.TestRunner.privateRun(TestRunner.java:739)
	at org.testng.TestRunner.run(TestRunner.java:614)
	at org.testng.SuiteRunner.runTest(SuiteRunner.java:421)
	at org.testng.SuiteRunner.runSequentially(SuiteRunner.java:413)
	at org.testng.SuiteRunner.privateRun(SuiteRunner.java:373)
	at org.testng.SuiteRunner.run(SuiteRunner.java:312)
	at org.testng.SuiteRunnerWorker.runSuite(SuiteRunnerWorker.java:52)
	at org.testng.SuiteRunnerWorker.run(SuiteRunnerWorker.java:95)
	at org.testng.TestNG.runSuitesSequentially(TestNG.java:1274)
	at org.testng.TestNG.runSuitesLocally(TestNG.java:1208)
	at org.testng.TestNG.runSuites(TestNG.java:1112)
	at org.testng.TestNG.run(TestNG.java:1079)
	at org.testng.remote.AbstractRemoteTestNG.run(AbstractRemoteTestNG.java:115)
	at org.testng.remote.RemoteTestNG.initAndRun(RemoteTestNG.java:293)
	at org.testng.remote.RemoteTestNG.main(RemoteTestNG.java:91)

</div> <!-- stack-trace -->
                </div> <!-- method-content -->
              </div> <!-- method -->
              <div class="method">
                <div class="method-content">
                  <a name="verifyNavigatingBackAfterSuccessfullLogin_Test">
                  </a> <!-- verifyNavigatingBackAfterSuccessfullLogin_Test -->
                  <span class="method-name">verifyNavigatingBackAfterSuccessfullLogin_Test</span>
                  <div class="stack-trace">org.openqa.selenium.NoSuchElementException: no such element: Unable to locate element: {&quot;method&quot;:&quot;xpath&quot;,&quot;selector&quot;:&quot;(//a[text()=&apos;Logout&apos;])[1]&quot;}
  (Session info: chrome=130.0.6723.92)
For documentation on this error, please visit: https://www.selenium.dev/documentation/webdriver/troubleshooting/errors#no-such-element-exception
Build info: version: &apos;4.25.0&apos;, revision: &apos;8a8aea2337&apos;
System info: os.name: &apos;Windows 11&apos;, os.arch: &apos;amd64&apos;, os.version: &apos;10.0&apos;, java.version: &apos;21&apos;
Driver info: org.openqa.selenium.chrome.ChromeDriver
Command: [2feadb3818bb75868f3d6cb24be51ecf, findElement {using=xpath, value=(//a[text()=&apos;Logout&apos;])[1]}]
Capabilities {acceptInsecureCerts: false, browserName: chrome, browserVersion: 130.0.6723.92, chrome: {chromedriverVersion: 130.0.6723.91 (53ac07678369..., userDataDir: C:\Users\Vishnu\AppData\Loc...}, fedcm:accounts: true, goog:chromeOptions: {debuggerAddress: localhost:61193}, networkConnectionEnabled: false, pageLoadStrategy: normal, platformName: windows, proxy: Proxy(), se:cdp: ws://localhost:61193/devtoo..., se:cdpVersion: 130.0.6723.92, setWindowRect: true, strictFileInteractability: false, timeouts: {implicit: 0, pageLoad: 300000, script: 30000}, unhandledPromptBehavior: dismiss and notify, webauthn:extension:credBlob: true, webauthn:extension:largeBlob: true, webauthn:extension:minPinLength: true, webauthn:extension:prf: true, webauthn:virtualAuthenticators: true}
Session ID: 2feadb3818bb75868f3d6cb24be51ecf
	at java.base/jdk.internal.reflect.DirectConstructorHandleAccessor.newInstance(DirectConstructorHandleAccessor.java:62)
	at java.base/java.lang.reflect.Constructor.newInstanceWithCaller(Constructor.java:502)
	at java.base/java.lang.reflect.Constructor.newInstance(Constructor.java:486)
	at org.openqa.selenium.remote.ErrorCodec.decode(ErrorCodec.java:167)
	at org.openqa.selenium.remote.codec.w3c.W3CHttpResponseCodec.decode(W3CHttpResponseCodec.java:138)
	at org.openqa.selenium.remote.codec.w3c.W3CHttpResponseCodec.decode(W3CHttpResponseCodec.java:50)
	at org.openqa.selenium.remote.HttpCommandExecutor.execute(HttpCommandExecutor.java:190)
	at org.openqa.selenium.remote.service.DriverCommandExecutor.invokeExecute(DriverCommandExecutor.java:216)
	at org.openqa.selenium.remote.service.DriverCommandExecutor.execute(DriverCommandExecutor.java:174)
	at org.openqa.selenium.remote.RemoteWebDriver.execute(RemoteWebDriver.java:545)
	at org.openqa.selenium.remote.ElementLocation$ElementFinder$2.findElement(ElementLocation.java:165)
	at org.openqa.selenium.remote.ElementLocation.findElement(ElementLocation.java:59)
	at org.openqa.selenium.remote.RemoteWebDriver.findElement(RemoteWebDriver.java:368)
	at org.openqa.selenium.remote.RemoteWebDriver.findElement(RemoteWebDriver.java:362)
	at java.base/jdk.internal.reflect.DirectMethodHandleAccessor.invoke(DirectMethodHandleAccessor.java:103)
	at java.base/java.lang.reflect.Method.invoke(Method.java:580)
	at org.openqa.selenium.support.decorators.WebDriverDecorator.call(WebDriverDecorator.java:249)
	at org.openqa.selenium.support.decorators.DefaultDecorated.call(DefaultDecorated.java:48)
	at org.openqa.selenium.support.decorators.WebDriverDecorator.lambda$createProxy$2(WebDriverDecorator.java:321)
	at net.bytebuddy.renamed.java.lang.Object$ByteBuddy$7ziHmjhx.findElement(Unknown Source)
	at org.openqa.selenium.support.pagefactory.DefaultElementLocator.findElement(DefaultElementLocator.java:68)
	at org.openqa.selenium.support.pagefactory.internal.LocatingElementHandler.invoke(LocatingElementHandler.java:38)
	at jdk.proxy2/jdk.proxy2.$Proxy50.isDisplayed(Unknown Source)
	at tests.LoginTest.verifyNavigatingBackAfterSuccessfullLogin_Test(LoginTest.java:67)
	at java.base/jdk.internal.reflect.DirectMethodHandleAccessor.invoke(DirectMethodHandleAccessor.java:103)
	at java.base/java.lang.reflect.Method.invoke(Method.java:580)
	at org.testng.internal.invokers.MethodInvocationHelper.invokeMethod(MethodInvocationHelper.java:141)
	at org.testng.internal.invokers.TestInvoker.invokeMethod(TestInvoker.java:686)
	at org.testng.internal.invokers.TestInvoker.retryFailed(TestInvoker.java:269)
	at org.testng.internal.invokers.MethodRunner.runInSequence(MethodRunner.java:76)
	at org.testng.internal.invokers.TestInvoker$MethodInvocationAgent.invoke(TestInvoker.java:992)
	at org.testng.internal.invokers.TestInvoker.invokeTestMethods(TestInvoker.java:203)
	at org.testng.internal.invokers.TestMethodWorker.invokeTestMethods(TestMethodWorker.java:154)
	at org.testng.internal.invokers.TestMethodWorker.run(TestMethodWorker.java:134)
	at java.base/java.util.ArrayList.forEach(ArrayList.java:1596)
	at org.testng.TestRunner.privateRun(TestRunner.java:739)
	at org.testng.TestRunner.run(TestRunner.java:614)
	at org.testng.SuiteRunner.runTest(SuiteRunner.java:421)
	at org.testng.SuiteRunner.runSequentially(SuiteRunner.java:413)
	at org.testng.SuiteRunner.privateRun(SuiteRunner.java:373)
	at org.testng.SuiteRunner.run(SuiteRunner.java:312)
	at org.testng.SuiteRunnerWorker.runSuite(SuiteRunnerWorker.java:52)
	at org.testng.SuiteRunnerWorker.run(SuiteRunnerWorker.java:95)
	at org.testng.TestNG.runSuitesSequentially(TestNG.java:1274)
	at org.testng.TestNG.runSuitesLocally(TestNG.java:1208)
	at org.testng.TestNG.runSuites(TestNG.java:1112)
	at org.testng.TestNG.run(TestNG.java:1079)
	at org.testng.remote.AbstractRemoteTestNG.run(AbstractRemoteTestNG.java:115)
	at org.testng.remote.RemoteTestNG.initAndRun(RemoteTestNG.java:293)
	at org.testng.remote.RemoteTestNG.main(RemoteTestNG.java:91)

</div> <!-- stack-trace -->
                </div> <!-- method-content -->
              </div> <!-- method -->
            </div> <!-- main-panel-content rounded-window-bottom -->
          </div> <!-- suite-Grouping_Suite-class-failed -->
          <div class="suite-Grouping_Suite-class-failed">
            <div class="main-panel-header rounded-window-top">
              <img src="failed.png"/>
              <span class="class-name">tests.RegisterTest</span>
            </div> <!-- main-panel-header rounded-window-top -->
            <div class="main-panel-content rounded-window-bottom">
              <div class="method">
                <div class="method-content">
                  <a name="verifyPassWordFieldFollowComplexityStandards_Test({Email=autogenerate, ExpectedResult=Success, Description=PWD Entered ::  No Special Characters, Tele...)">
                  </a> <!-- verifyPassWordFieldFollowComplexityStandards_Test({Email=autogenerate, ExpectedResult=Success, Description=PWD Entered ::  No Special Characters, Tele...) -->
                  <span class="method-name">verifyPassWordFieldFollowComplexityStandards_Test</span>
                  <span class="parameters">({Email=autogenerate, ExpectedResult=Success, Description=PWD Entered ::  No Special Characters, Telephone=1.23456789E9, FirstName=Cohen, PasswordConfirm=Password123, Runmode=Y, LastName=Coh, Password=Password123})</span>
                  <div class="stack-trace">java.lang.AssertionError: did not expect [Your Account Has Been Created!] but found [Your Account Has Been Created!]
	at org.testng.Assert.fail(Assert.java:111)
	at org.testng.Assert.failEquals(Assert.java:1582)
	at org.testng.Assert.assertNotEqualsImpl(Assert.java:157)
	at org.testng.Assert.assertNotEquals(Assert.java:2201)
	at org.testng.Assert.assertNotEquals(Assert.java:2223)
	at tests.RegisterTest.verifyPassWordFieldFollowComplexityStandards_Test(RegisterTest.java:167)
	at java.base/jdk.internal.reflect.DirectMethodHandleAccessor.invoke(DirectMethodHandleAccessor.java:103)
	at java.base/java.lang.reflect.Method.invoke(Method.java:580)
	at org.testng.internal.invokers.MethodInvocationHelper.invokeMethod(MethodInvocationHelper.java:141)
	at org.testng.internal.invokers.TestInvoker.invokeMethod(TestInvoker.java:686)
	at org.testng.internal.invokers.TestInvoker.retryFailed(TestInvoker.java:269)
	at org.testng.internal.invokers.MethodRunner.runInSequence(MethodRunner.java:76)
	at org.testng.internal.invokers.TestInvoker$MethodInvocationAgent.invoke(TestInvoker.java:992)
	at org.testng.internal.invokers.TestInvoker.invokeTestMethods(TestInvoker.java:203)
	at org.testng.internal.invokers.TestMethodWorker.invokeTestMethods(TestMethodWorker.java:154)
	at org.testng.internal.invokers.TestMethodWorker.run(TestMethodWorker.java:134)
	at java.base/java.util.ArrayList.forEach(ArrayList.java:1596)
	at org.testng.TestRunner.privateRun(TestRunner.java:739)
	at org.testng.TestRunner.run(TestRunner.java:614)
	at org.testng.SuiteRunner.runTest(SuiteRunner.java:421)
	at org.testng.SuiteRunner.runSequentially(SuiteRunner.java:413)
	at org.testng.SuiteRunner.privateRun(SuiteRunner.java:373)
	at org.testng.SuiteRunner.run(SuiteRunner.java:312)
	at org.testng.SuiteRunnerWorker.runSuite(SuiteRunnerWorker.java:52)
	at org.testng.SuiteRunnerWorker.run(SuiteRunnerWorker.java:95)
	at org.testng.TestNG.runSuitesSequentially(TestNG.java:1274)
	at org.testng.TestNG.runSuitesLocally(TestNG.java:1208)
	at org.testng.TestNG.runSuites(TestNG.java:1112)
	at org.testng.TestNG.run(TestNG.java:1079)
	at org.testng.remote.AbstractRemoteTestNG.run(AbstractRemoteTestNG.java:115)
	at org.testng.remote.RemoteTestNG.initAndRun(RemoteTestNG.java:293)
	at org.testng.remote.RemoteTestNG.main(RemoteTestNG.java:91)

</div> <!-- stack-trace -->
                </div> <!-- method-content -->
              </div> <!-- method -->
              <div class="method">
                <div class="method-content">
                  <a name="verifyPassWordFieldFollowComplexityStandards_Test({Email=autogenerate, ExpectedResult=Success, Description=PWD Entered ::  All Special Characters, Tel...)">
                  </a> <!-- verifyPassWordFieldFollowComplexityStandards_Test({Email=autogenerate, ExpectedResult=Success, Description=PWD Entered ::  All Special Characters, Tel...) -->
                  <span class="method-name">verifyPassWordFieldFollowComplexityStandards_Test</span>
                  <span class="parameters">({Email=autogenerate, ExpectedResult=Success, Description=PWD Entered ::  All Special Characters, Telephone=1.23456789E9, FirstName=Shyam, PasswordConfirm=^$^*^$*^*$, Runmode=Y, LastName=Shy, Password=^$^*^$*^*$})</span>
                  <div class="stack-trace">java.lang.AssertionError: did not expect [Your Account Has Been Created!] but found [Your Account Has Been Created!]
	at org.testng.Assert.fail(Assert.java:111)
	at org.testng.Assert.failEquals(Assert.java:1582)
	at org.testng.Assert.assertNotEqualsImpl(Assert.java:157)
	at org.testng.Assert.assertNotEquals(Assert.java:2201)
	at org.testng.Assert.assertNotEquals(Assert.java:2223)
	at tests.RegisterTest.verifyPassWordFieldFollowComplexityStandards_Test(RegisterTest.java:167)
	at java.base/jdk.internal.reflect.DirectMethodHandleAccessor.invoke(DirectMethodHandleAccessor.java:103)
	at java.base/java.lang.reflect.Method.invoke(Method.java:580)
	at org.testng.internal.invokers.MethodInvocationHelper.invokeMethod(MethodInvocationHelper.java:141)
	at org.testng.internal.invokers.TestInvoker.invokeMethod(TestInvoker.java:686)
	at org.testng.internal.invokers.TestInvoker.retryFailed(TestInvoker.java:269)
	at org.testng.internal.invokers.MethodRunner.runInSequence(MethodRunner.java:76)
	at org.testng.internal.invokers.TestInvoker$MethodInvocationAgent.invoke(TestInvoker.java:992)
	at org.testng.internal.invokers.TestInvoker.invokeTestMethods(TestInvoker.java:203)
	at org.testng.internal.invokers.TestMethodWorker.invokeTestMethods(TestMethodWorker.java:154)
	at org.testng.internal.invokers.TestMethodWorker.run(TestMethodWorker.java:134)
	at java.base/java.util.ArrayList.forEach(ArrayList.java:1596)
	at org.testng.TestRunner.privateRun(TestRunner.java:739)
	at org.testng.TestRunner.run(TestRunner.java:614)
	at org.testng.SuiteRunner.runTest(SuiteRunner.java:421)
	at org.testng.SuiteRunner.runSequentially(SuiteRunner.java:413)
	at org.testng.SuiteRunner.privateRun(SuiteRunner.java:373)
	at org.testng.SuiteRunner.run(SuiteRunner.java:312)
	at org.testng.SuiteRunnerWorker.runSuite(SuiteRunnerWorker.java:52)
	at org.testng.SuiteRunnerWorker.run(SuiteRunnerWorker.java:95)
	at org.testng.TestNG.runSuitesSequentially(TestNG.java:1274)
	at org.testng.TestNG.runSuitesLocally(TestNG.java:1208)
	at org.testng.TestNG.runSuites(TestNG.java:1112)
	at org.testng.TestNG.run(TestNG.java:1079)
	at org.testng.remote.AbstractRemoteTestNG.run(AbstractRemoteTestNG.java:115)
	at org.testng.remote.RemoteTestNG.initAndRun(RemoteTestNG.java:293)
	at org.testng.remote.RemoteTestNG.main(RemoteTestNG.java:91)

</div> <!-- stack-trace -->
                </div> <!-- method-content -->
              </div> <!-- method -->
              <div class="method">
                <div class="method-content">
                  <a name="verifyPassWordFieldFollowComplexityStandards_Test({Email=autogenerate, ExpectedResult=Success, Description=PWD Entered ::  All Lowercase, Telephone=1....)">
                  </a> <!-- verifyPassWordFieldFollowComplexityStandards_Test({Email=autogenerate, ExpectedResult=Success, Description=PWD Entered ::  All Lowercase, Telephone=1....) -->
                  <span class="method-name">verifyPassWordFieldFollowComplexityStandards_Test</span>
                  <span class="parameters">({Email=autogenerate, ExpectedResult=Success, Description=PWD Entered ::  All Lowercase, Telephone=1.23456789E9, FirstName=Trevor, PasswordConfirm=PASSWORD123!, Runmode=Y, LastName=Tre, Password=PASSWORD123!})</span>
                  <div class="stack-trace">java.lang.AssertionError: did not expect [Your Account Has Been Created!] but found [Your Account Has Been Created!]
	at org.testng.Assert.fail(Assert.java:111)
	at org.testng.Assert.failEquals(Assert.java:1582)
	at org.testng.Assert.assertNotEqualsImpl(Assert.java:157)
	at org.testng.Assert.assertNotEquals(Assert.java:2201)
	at org.testng.Assert.assertNotEquals(Assert.java:2223)
	at tests.RegisterTest.verifyPassWordFieldFollowComplexityStandards_Test(RegisterTest.java:167)
	at java.base/jdk.internal.reflect.DirectMethodHandleAccessor.invoke(DirectMethodHandleAccessor.java:103)
	at java.base/java.lang.reflect.Method.invoke(Method.java:580)
	at org.testng.internal.invokers.MethodInvocationHelper.invokeMethod(MethodInvocationHelper.java:141)
	at org.testng.internal.invokers.TestInvoker.invokeMethod(TestInvoker.java:686)
	at org.testng.internal.invokers.TestInvoker.retryFailed(TestInvoker.java:269)
	at org.testng.internal.invokers.MethodRunner.runInSequence(MethodRunner.java:76)
	at org.testng.internal.invokers.TestInvoker$MethodInvocationAgent.invoke(TestInvoker.java:992)
	at org.testng.internal.invokers.TestInvoker.invokeTestMethods(TestInvoker.java:203)
	at org.testng.internal.invokers.TestMethodWorker.invokeTestMethods(TestMethodWorker.java:154)
	at org.testng.internal.invokers.TestMethodWorker.run(TestMethodWorker.java:134)
	at java.base/java.util.ArrayList.forEach(ArrayList.java:1596)
	at org.testng.TestRunner.privateRun(TestRunner.java:739)
	at org.testng.TestRunner.run(TestRunner.java:614)
	at org.testng.SuiteRunner.runTest(SuiteRunner.java:421)
	at org.testng.SuiteRunner.runSequentially(SuiteRunner.java:413)
	at org.testng.SuiteRunner.privateRun(SuiteRunner.java:373)
	at org.testng.SuiteRunner.run(SuiteRunner.java:312)
	at org.testng.SuiteRunnerWorker.runSuite(SuiteRunnerWorker.java:52)
	at org.testng.SuiteRunnerWorker.run(SuiteRunnerWorker.java:95)
	at org.testng.TestNG.runSuitesSequentially(TestNG.java:1274)
	at org.testng.TestNG.runSuitesLocally(TestNG.java:1208)
	at org.testng.TestNG.runSuites(TestNG.java:1112)
	at org.testng.TestNG.run(TestNG.java:1079)
	at org.testng.remote.AbstractRemoteTestNG.run(AbstractRemoteTestNG.java:115)
	at org.testng.remote.RemoteTestNG.initAndRun(RemoteTestNG.java:293)
	at org.testng.remote.RemoteTestNG.main(RemoteTestNG.java:91)

</div> <!-- stack-trace -->
                </div> <!-- method-content -->
              </div> <!-- method -->
              <div class="method">
                <div class="method-content">
                  <a name="verifyPassWordFieldFollowComplexityStandards_Test({Email=autogenerate, ExpectedResult=Success, Description=PWD Entered ::  With Spaces, Telephone=1.23...)">
                  </a> <!-- verifyPassWordFieldFollowComplexityStandards_Test({Email=autogenerate, ExpectedResult=Success, Description=PWD Entered ::  With Spaces, Telephone=1.23...) -->
                  <span class="method-name">verifyPassWordFieldFollowComplexityStandards_Test</span>
                  <span class="parameters">({Email=autogenerate, ExpectedResult=Success, Description=PWD Entered ::  With Spaces, Telephone=1.23456789E9, FirstName=Lawren, PasswordConfirm=Pass word 123!, Runmode=Y, LastName=Law, Password=Pass word 123!})</span>
                  <div class="stack-trace">java.lang.AssertionError: did not expect [Your Account Has Been Created!] but found [Your Account Has Been Created!]
	at org.testng.Assert.fail(Assert.java:111)
	at org.testng.Assert.failEquals(Assert.java:1582)
	at org.testng.Assert.assertNotEqualsImpl(Assert.java:157)
	at org.testng.Assert.assertNotEquals(Assert.java:2201)
	at org.testng.Assert.assertNotEquals(Assert.java:2223)
	at tests.RegisterTest.verifyPassWordFieldFollowComplexityStandards_Test(RegisterTest.java:167)
	at java.base/jdk.internal.reflect.DirectMethodHandleAccessor.invoke(DirectMethodHandleAccessor.java:103)
	at java.base/java.lang.reflect.Method.invoke(Method.java:580)
	at org.testng.internal.invokers.MethodInvocationHelper.invokeMethod(MethodInvocationHelper.java:141)
	at org.testng.internal.invokers.TestInvoker.invokeMethod(TestInvoker.java:686)
	at org.testng.internal.invokers.TestInvoker.retryFailed(TestInvoker.java:269)
	at org.testng.internal.invokers.MethodRunner.runInSequence(MethodRunner.java:76)
	at org.testng.internal.invokers.TestInvoker$MethodInvocationAgent.invoke(TestInvoker.java:992)
	at org.testng.internal.invokers.TestInvoker.invokeTestMethods(TestInvoker.java:203)
	at org.testng.internal.invokers.TestMethodWorker.invokeTestMethods(TestMethodWorker.java:154)
	at org.testng.internal.invokers.TestMethodWorker.run(TestMethodWorker.java:134)
	at java.base/java.util.ArrayList.forEach(ArrayList.java:1596)
	at org.testng.TestRunner.privateRun(TestRunner.java:739)
	at org.testng.TestRunner.run(TestRunner.java:614)
	at org.testng.SuiteRunner.runTest(SuiteRunner.java:421)
	at org.testng.SuiteRunner.runSequentially(SuiteRunner.java:413)
	at org.testng.SuiteRunner.privateRun(SuiteRunner.java:373)
	at org.testng.SuiteRunner.run(SuiteRunner.java:312)
	at org.testng.SuiteRunnerWorker.runSuite(SuiteRunnerWorker.java:52)
	at org.testng.SuiteRunnerWorker.run(SuiteRunnerWorker.java:95)
	at org.testng.TestNG.runSuitesSequentially(TestNG.java:1274)
	at org.testng.TestNG.runSuitesLocally(TestNG.java:1208)
	at org.testng.TestNG.runSuites(TestNG.java:1112)
	at org.testng.TestNG.run(TestNG.java:1079)
	at org.testng.remote.AbstractRemoteTestNG.run(AbstractRemoteTestNG.java:115)
	at org.testng.remote.RemoteTestNG.initAndRun(RemoteTestNG.java:293)
	at org.testng.remote.RemoteTestNG.main(RemoteTestNG.java:91)

</div> <!-- stack-trace -->
                </div> <!-- method-content -->
              </div> <!-- method -->
              <div class="method">
                <div class="method-content">
                  <a name="verifyPassWordFieldFollowComplexityStandards_Test({Email=autogenerate, ExpectedResult=Success, Description=PWD Entered ::  All Numbers, Telephone=1.23...)">
                  </a> <!-- verifyPassWordFieldFollowComplexityStandards_Test({Email=autogenerate, ExpectedResult=Success, Description=PWD Entered ::  All Numbers, Telephone=1.23...) -->
                  <span class="method-name">verifyPassWordFieldFollowComplexityStandards_Test</span>
                  <span class="parameters">({Email=autogenerate, ExpectedResult=Success, Description=PWD Entered ::  All Numbers, Telephone=1.23456789E9, FirstName=Pawan, PasswordConfirm=1.23456789E9, Runmode=Y, LastName=Paw, Password=1.23456789E9})</span>
                  <div class="stack-trace">java.lang.AssertionError: did not expect [Your Account Has Been Created!] but found [Your Account Has Been Created!]
	at org.testng.Assert.fail(Assert.java:111)
	at org.testng.Assert.failEquals(Assert.java:1582)
	at org.testng.Assert.assertNotEqualsImpl(Assert.java:157)
	at org.testng.Assert.assertNotEquals(Assert.java:2201)
	at org.testng.Assert.assertNotEquals(Assert.java:2223)
	at tests.RegisterTest.verifyPassWordFieldFollowComplexityStandards_Test(RegisterTest.java:167)
	at java.base/jdk.internal.reflect.DirectMethodHandleAccessor.invoke(DirectMethodHandleAccessor.java:103)
	at java.base/java.lang.reflect.Method.invoke(Method.java:580)
	at org.testng.internal.invokers.MethodInvocationHelper.invokeMethod(MethodInvocationHelper.java:141)
	at org.testng.internal.invokers.TestInvoker.invokeMethod(TestInvoker.java:686)
	at org.testng.internal.invokers.TestInvoker.retryFailed(TestInvoker.java:269)
	at org.testng.internal.invokers.MethodRunner.runInSequence(MethodRunner.java:76)
	at org.testng.internal.invokers.TestInvoker$MethodInvocationAgent.invoke(TestInvoker.java:992)
	at org.testng.internal.invokers.TestInvoker.invokeTestMethods(TestInvoker.java:203)
	at org.testng.internal.invokers.TestMethodWorker.invokeTestMethods(TestMethodWorker.java:154)
	at org.testng.internal.invokers.TestMethodWorker.run(TestMethodWorker.java:134)
	at java.base/java.util.ArrayList.forEach(ArrayList.java:1596)
	at org.testng.TestRunner.privateRun(TestRunner.java:739)
	at org.testng.TestRunner.run(TestRunner.java:614)
	at org.testng.SuiteRunner.runTest(SuiteRunner.java:421)
	at org.testng.SuiteRunner.runSequentially(SuiteRunner.java:413)
	at org.testng.SuiteRunner.privateRun(SuiteRunner.java:373)
	at org.testng.SuiteRunner.run(SuiteRunner.java:312)
	at org.testng.SuiteRunnerWorker.runSuite(SuiteRunnerWorker.java:52)
	at org.testng.SuiteRunnerWorker.run(SuiteRunnerWorker.java:95)
	at org.testng.TestNG.runSuitesSequentially(TestNG.java:1274)
	at org.testng.TestNG.runSuitesLocally(TestNG.java:1208)
	at org.testng.TestNG.runSuites(TestNG.java:1112)
	at org.testng.TestNG.run(TestNG.java:1079)
	at org.testng.remote.AbstractRemoteTestNG.run(AbstractRemoteTestNG.java:115)
	at org.testng.remote.RemoteTestNG.initAndRun(RemoteTestNG.java:293)
	at org.testng.remote.RemoteTestNG.main(RemoteTestNG.java:91)

</div> <!-- stack-trace -->
                </div> <!-- method-content -->
              </div> <!-- method -->
              <div class="method">
                <div class="method-content">
                  <a name="verifyPassWordFieldFollowComplexityStandards_Test({Email=autogenerate, ExpectedResult=Success, Description=PWD Entered ::  No Numbers, Telephone=1.234...)">
                  </a> <!-- verifyPassWordFieldFollowComplexityStandards_Test({Email=autogenerate, ExpectedResult=Success, Description=PWD Entered ::  No Numbers, Telephone=1.234...) -->
                  <span class="method-name">verifyPassWordFieldFollowComplexityStandards_Test</span>
                  <span class="parameters">({Email=autogenerate, ExpectedResult=Success, Description=PWD Entered ::  No Numbers, Telephone=1.23456789E9, FirstName=Rahul, PasswordConfirm=Password!, Runmode=Y, LastName=Rah, Password=Password!})</span>
                  <div class="stack-trace">java.lang.AssertionError: did not expect [Your Account Has Been Created!] but found [Your Account Has Been Created!]
	at org.testng.Assert.fail(Assert.java:111)
	at org.testng.Assert.failEquals(Assert.java:1582)
	at org.testng.Assert.assertNotEqualsImpl(Assert.java:157)
	at org.testng.Assert.assertNotEquals(Assert.java:2201)
	at org.testng.Assert.assertNotEquals(Assert.java:2223)
	at tests.RegisterTest.verifyPassWordFieldFollowComplexityStandards_Test(RegisterTest.java:167)
	at java.base/jdk.internal.reflect.DirectMethodHandleAccessor.invoke(DirectMethodHandleAccessor.java:103)
	at java.base/java.lang.reflect.Method.invoke(Method.java:580)
	at org.testng.internal.invokers.MethodInvocationHelper.invokeMethod(MethodInvocationHelper.java:141)
	at org.testng.internal.invokers.TestInvoker.invokeMethod(TestInvoker.java:686)
	at org.testng.internal.invokers.TestInvoker.retryFailed(TestInvoker.java:269)
	at org.testng.internal.invokers.MethodRunner.runInSequence(MethodRunner.java:76)
	at org.testng.internal.invokers.TestInvoker$MethodInvocationAgent.invoke(TestInvoker.java:992)
	at org.testng.internal.invokers.TestInvoker.invokeTestMethods(TestInvoker.java:203)
	at org.testng.internal.invokers.TestMethodWorker.invokeTestMethods(TestMethodWorker.java:154)
	at org.testng.internal.invokers.TestMethodWorker.run(TestMethodWorker.java:134)
	at java.base/java.util.ArrayList.forEach(ArrayList.java:1596)
	at org.testng.TestRunner.privateRun(TestRunner.java:739)
	at org.testng.TestRunner.run(TestRunner.java:614)
	at org.testng.SuiteRunner.runTest(SuiteRunner.java:421)
	at org.testng.SuiteRunner.runSequentially(SuiteRunner.java:413)
	at org.testng.SuiteRunner.privateRun(SuiteRunner.java:373)
	at org.testng.SuiteRunner.run(SuiteRunner.java:312)
	at org.testng.SuiteRunnerWorker.runSuite(SuiteRunnerWorker.java:52)
	at org.testng.SuiteRunnerWorker.run(SuiteRunnerWorker.java:95)
	at org.testng.TestNG.runSuitesSequentially(TestNG.java:1274)
	at org.testng.TestNG.runSuitesLocally(TestNG.java:1208)
	at org.testng.TestNG.runSuites(TestNG.java:1112)
	at org.testng.TestNG.run(TestNG.java:1079)
	at org.testng.remote.AbstractRemoteTestNG.run(AbstractRemoteTestNG.java:115)
	at org.testng.remote.RemoteTestNG.initAndRun(RemoteTestNG.java:293)
	at org.testng.remote.RemoteTestNG.main(RemoteTestNG.java:91)

</div> <!-- stack-trace -->
                </div> <!-- method-content -->
              </div> <!-- method -->
              <div class="method">
                <div class="method-content">
                  <a name="verifyPassWordFieldFollowComplexityStandards_Test({Email=autogenerate, ExpectedResult=Success, Description=PWD Entered ::  All Uppercase, Telephone=1....)">
                  </a> <!-- verifyPassWordFieldFollowComplexityStandards_Test({Email=autogenerate, ExpectedResult=Success, Description=PWD Entered ::  All Uppercase, Telephone=1....) -->
                  <span class="method-name">verifyPassWordFieldFollowComplexityStandards_Test</span>
                  <span class="parameters">({Email=autogenerate, ExpectedResult=Success, Description=PWD Entered ::  All Uppercase, Telephone=1.23456789E9, FirstName=Abhi, PasswordConfirm=password123!, Runmode=Y, LastName=Abhi, Password=password123!})</span>
                  <div class="stack-trace">java.lang.AssertionError: did not expect [Your Account Has Been Created!] but found [Your Account Has Been Created!]
	at org.testng.Assert.fail(Assert.java:111)
	at org.testng.Assert.failEquals(Assert.java:1582)
	at org.testng.Assert.assertNotEqualsImpl(Assert.java:157)
	at org.testng.Assert.assertNotEquals(Assert.java:2201)
	at org.testng.Assert.assertNotEquals(Assert.java:2223)
	at tests.RegisterTest.verifyPassWordFieldFollowComplexityStandards_Test(RegisterTest.java:167)
	at java.base/jdk.internal.reflect.DirectMethodHandleAccessor.invoke(DirectMethodHandleAccessor.java:103)
	at java.base/java.lang.reflect.Method.invoke(Method.java:580)
	at org.testng.internal.invokers.MethodInvocationHelper.invokeMethod(MethodInvocationHelper.java:141)
	at org.testng.internal.invokers.TestInvoker.invokeMethod(TestInvoker.java:686)
	at org.testng.internal.invokers.TestInvoker.retryFailed(TestInvoker.java:269)
	at org.testng.internal.invokers.MethodRunner.runInSequence(MethodRunner.java:76)
	at org.testng.internal.invokers.TestInvoker$MethodInvocationAgent.invoke(TestInvoker.java:992)
	at org.testng.internal.invokers.TestInvoker.invokeTestMethods(TestInvoker.java:203)
	at org.testng.internal.invokers.TestMethodWorker.invokeTestMethods(TestMethodWorker.java:154)
	at org.testng.internal.invokers.TestMethodWorker.run(TestMethodWorker.java:134)
	at java.base/java.util.ArrayList.forEach(ArrayList.java:1596)
	at org.testng.TestRunner.privateRun(TestRunner.java:739)
	at org.testng.TestRunner.run(TestRunner.java:614)
	at org.testng.SuiteRunner.runTest(SuiteRunner.java:421)
	at org.testng.SuiteRunner.runSequentially(SuiteRunner.java:413)
	at org.testng.SuiteRunner.privateRun(SuiteRunner.java:373)
	at org.testng.SuiteRunner.run(SuiteRunner.java:312)
	at org.testng.SuiteRunnerWorker.runSuite(SuiteRunnerWorker.java:52)
	at org.testng.SuiteRunnerWorker.run(SuiteRunnerWorker.java:95)
	at org.testng.TestNG.runSuitesSequentially(TestNG.java:1274)
	at org.testng.TestNG.runSuitesLocally(TestNG.java:1208)
	at org.testng.TestNG.runSuites(TestNG.java:1112)
	at org.testng.TestNG.run(TestNG.java:1079)
	at org.testng.remote.AbstractRemoteTestNG.run(AbstractRemoteTestNG.java:115)
	at org.testng.remote.RemoteTestNG.initAndRun(RemoteTestNG.java:293)
	at org.testng.remote.RemoteTestNG.main(RemoteTestNG.java:91)

</div> <!-- stack-trace -->
                </div> <!-- method-content -->
              </div> <!-- method -->
              <div class="method">
                <div class="method-content">
                  <a name="verifyUserCannotuseInvalidPhoneNumber_Test({Email=autogenerate, ExpectedResult=Success, Description=Phone Text Entered ::  Eleven Digits, Telep...)">
                  </a> <!-- verifyUserCannotuseInvalidPhoneNumber_Test({Email=autogenerate, ExpectedResult=Success, Description=Phone Text Entered ::  Eleven Digits, Telep...) -->
                  <span class="method-name">verifyUserCannotuseInvalidPhoneNumber_Test</span>
                  <span class="parameters">({Email=autogenerate, ExpectedResult=Success, Description=Phone Text Entered ::  Eleven Digits, Telephone=1.2345678901E10, FirstName=Trevor, PasswordConfirm=Valid1Password!, Runmode=Y, LastName=Tre, Password=Valid1Password!})</span>
                  <div class="stack-trace">java.lang.AssertionError: did not expect [Your Account Has Been Created!] but found [Your Account Has Been Created!]
	at org.testng.Assert.fail(Assert.java:111)
	at org.testng.Assert.failEquals(Assert.java:1582)
	at org.testng.Assert.assertNotEqualsImpl(Assert.java:157)
	at org.testng.Assert.assertNotEquals(Assert.java:2201)
	at org.testng.Assert.assertNotEquals(Assert.java:2223)
	at tests.RegisterTest.verifyUserCannotuseInvalidPhoneNumber_Test(RegisterTest.java:127)
	at java.base/jdk.internal.reflect.DirectMethodHandleAccessor.invoke(DirectMethodHandleAccessor.java:103)
	at java.base/java.lang.reflect.Method.invoke(Method.java:580)
	at org.testng.internal.invokers.MethodInvocationHelper.invokeMethod(MethodInvocationHelper.java:141)
	at org.testng.internal.invokers.TestInvoker.invokeMethod(TestInvoker.java:686)
	at org.testng.internal.invokers.TestInvoker.retryFailed(TestInvoker.java:269)
	at org.testng.internal.invokers.MethodRunner.runInSequence(MethodRunner.java:76)
	at org.testng.internal.invokers.TestInvoker$MethodInvocationAgent.invoke(TestInvoker.java:992)
	at org.testng.internal.invokers.TestInvoker.invokeTestMethods(TestInvoker.java:203)
	at org.testng.internal.invokers.TestMethodWorker.invokeTestMethods(TestMethodWorker.java:154)
	at org.testng.internal.invokers.TestMethodWorker.run(TestMethodWorker.java:134)
	at java.base/java.util.ArrayList.forEach(ArrayList.java:1596)
	at org.testng.TestRunner.privateRun(TestRunner.java:739)
	at org.testng.TestRunner.run(TestRunner.java:614)
	at org.testng.SuiteRunner.runTest(SuiteRunner.java:421)
	at org.testng.SuiteRunner.runSequentially(SuiteRunner.java:413)
	at org.testng.SuiteRunner.privateRun(SuiteRunner.java:373)
	at org.testng.SuiteRunner.run(SuiteRunner.java:312)
	at org.testng.SuiteRunnerWorker.runSuite(SuiteRunnerWorker.java:52)
	at org.testng.SuiteRunnerWorker.run(SuiteRunnerWorker.java:95)
	at org.testng.TestNG.runSuitesSequentially(TestNG.java:1274)
	at org.testng.TestNG.runSuitesLocally(TestNG.java:1208)
	at org.testng.TestNG.runSuites(TestNG.java:1112)
	at org.testng.TestNG.run(TestNG.java:1079)
	at org.testng.remote.AbstractRemoteTestNG.run(AbstractRemoteTestNG.java:115)
	at org.testng.remote.RemoteTestNG.initAndRun(RemoteTestNG.java:293)
	at org.testng.remote.RemoteTestNG.main(RemoteTestNG.java:91)

</div> <!-- stack-trace -->
                </div> <!-- method-content -->
              </div> <!-- method -->
              <div class="method">
                <div class="method-content">
                  <a name="verifyUserCannotuseInvalidPhoneNumber_Test({Email=autogenerate, ExpectedResult=Success, Description= Phone Text Entered :: With Spaces, Telepho...)">
                  </a> <!-- verifyUserCannotuseInvalidPhoneNumber_Test({Email=autogenerate, ExpectedResult=Success, Description= Phone Text Entered :: With Spaces, Telepho...) -->
                  <span class="method-name">verifyUserCannotuseInvalidPhoneNumber_Test</span>
                  <span class="parameters">({Email=autogenerate, ExpectedResult=Success, Description= Phone Text Entered :: With Spaces, Telephone=1234 67 90, FirstName=Cohen, PasswordConfirm=Valid1Password!, Runmode=Y, LastName=Coh, Password=Valid1Password!})</span>
                  <div class="stack-trace">java.lang.AssertionError: did not expect [Your Account Has Been Created!] but found [Your Account Has Been Created!]
	at org.testng.Assert.fail(Assert.java:111)
	at org.testng.Assert.failEquals(Assert.java:1582)
	at org.testng.Assert.assertNotEqualsImpl(Assert.java:157)
	at org.testng.Assert.assertNotEquals(Assert.java:2201)
	at org.testng.Assert.assertNotEquals(Assert.java:2223)
	at tests.RegisterTest.verifyUserCannotuseInvalidPhoneNumber_Test(RegisterTest.java:127)
	at java.base/jdk.internal.reflect.DirectMethodHandleAccessor.invoke(DirectMethodHandleAccessor.java:103)
	at java.base/java.lang.reflect.Method.invoke(Method.java:580)
	at org.testng.internal.invokers.MethodInvocationHelper.invokeMethod(MethodInvocationHelper.java:141)
	at org.testng.internal.invokers.TestInvoker.invokeMethod(TestInvoker.java:686)
	at org.testng.internal.invokers.TestInvoker.retryFailed(TestInvoker.java:269)
	at org.testng.internal.invokers.MethodRunner.runInSequence(MethodRunner.java:76)
	at org.testng.internal.invokers.TestInvoker$MethodInvocationAgent.invoke(TestInvoker.java:992)
	at org.testng.internal.invokers.TestInvoker.invokeTestMethods(TestInvoker.java:203)
	at org.testng.internal.invokers.TestMethodWorker.invokeTestMethods(TestMethodWorker.java:154)
	at org.testng.internal.invokers.TestMethodWorker.run(TestMethodWorker.java:134)
	at java.base/java.util.ArrayList.forEach(ArrayList.java:1596)
	at org.testng.TestRunner.privateRun(TestRunner.java:739)
	at org.testng.TestRunner.run(TestRunner.java:614)
	at org.testng.SuiteRunner.runTest(SuiteRunner.java:421)
	at org.testng.SuiteRunner.runSequentially(SuiteRunner.java:413)
	at org.testng.SuiteRunner.privateRun(SuiteRunner.java:373)
	at org.testng.SuiteRunner.run(SuiteRunner.java:312)
	at org.testng.SuiteRunnerWorker.runSuite(SuiteRunnerWorker.java:52)
	at org.testng.SuiteRunnerWorker.run(SuiteRunnerWorker.java:95)
	at org.testng.TestNG.runSuitesSequentially(TestNG.java:1274)
	at org.testng.TestNG.runSuitesLocally(TestNG.java:1208)
	at org.testng.TestNG.runSuites(TestNG.java:1112)
	at org.testng.TestNG.run(TestNG.java:1079)
	at org.testng.remote.AbstractRemoteTestNG.run(AbstractRemoteTestNG.java:115)
	at org.testng.remote.RemoteTestNG.initAndRun(RemoteTestNG.java:293)
	at org.testng.remote.RemoteTestNG.main(RemoteTestNG.java:91)

</div> <!-- stack-trace -->
                </div> <!-- method-content -->
              </div> <!-- method -->
              <div class="method">
                <div class="method-content">
                  <a name="verifyUserCannotuseInvalidPhoneNumber_Test({Email=autogenerate, ExpectedResult=Success, Description=Phone Text Entered ::   All Special Charact...)">
                  </a> <!-- verifyUserCannotuseInvalidPhoneNumber_Test({Email=autogenerate, ExpectedResult=Success, Description=Phone Text Entered ::   All Special Charact...) -->
                  <span class="method-name">verifyUserCannotuseInvalidPhoneNumber_Test</span>
                  <span class="parameters">({Email=autogenerate, ExpectedResult=Success, Description=Phone Text Entered ::   All Special Characters, Telephone=!@#$%^&*(), FirstName=Rahul, PasswordConfirm=Valid1Password!, Runmode=Y, LastName=Rah, Password=Valid1Password!})</span>
                  <div class="stack-trace">java.lang.AssertionError: did not expect [Your Account Has Been Created!] but found [Your Account Has Been Created!]
	at org.testng.Assert.fail(Assert.java:111)
	at org.testng.Assert.failEquals(Assert.java:1582)
	at org.testng.Assert.assertNotEqualsImpl(Assert.java:157)
	at org.testng.Assert.assertNotEquals(Assert.java:2201)
	at org.testng.Assert.assertNotEquals(Assert.java:2223)
	at tests.RegisterTest.verifyUserCannotuseInvalidPhoneNumber_Test(RegisterTest.java:127)
	at java.base/jdk.internal.reflect.DirectMethodHandleAccessor.invoke(DirectMethodHandleAccessor.java:103)
	at java.base/java.lang.reflect.Method.invoke(Method.java:580)
	at org.testng.internal.invokers.MethodInvocationHelper.invokeMethod(MethodInvocationHelper.java:141)
	at org.testng.internal.invokers.TestInvoker.invokeMethod(TestInvoker.java:686)
	at org.testng.internal.invokers.TestInvoker.retryFailed(TestInvoker.java:269)
	at org.testng.internal.invokers.MethodRunner.runInSequence(MethodRunner.java:76)
	at org.testng.internal.invokers.TestInvoker$MethodInvocationAgent.invoke(TestInvoker.java:992)
	at org.testng.internal.invokers.TestInvoker.invokeTestMethods(TestInvoker.java:203)
	at org.testng.internal.invokers.TestMethodWorker.invokeTestMethods(TestMethodWorker.java:154)
	at org.testng.internal.invokers.TestMethodWorker.run(TestMethodWorker.java:134)
	at java.base/java.util.ArrayList.forEach(ArrayList.java:1596)
	at org.testng.TestRunner.privateRun(TestRunner.java:739)
	at org.testng.TestRunner.run(TestRunner.java:614)
	at org.testng.SuiteRunner.runTest(SuiteRunner.java:421)
	at org.testng.SuiteRunner.runSequentially(SuiteRunner.java:413)
	at org.testng.SuiteRunner.privateRun(SuiteRunner.java:373)
	at org.testng.SuiteRunner.run(SuiteRunner.java:312)
	at org.testng.SuiteRunnerWorker.runSuite(SuiteRunnerWorker.java:52)
	at org.testng.SuiteRunnerWorker.run(SuiteRunnerWorker.java:95)
	at org.testng.TestNG.runSuitesSequentially(TestNG.java:1274)
	at org.testng.TestNG.runSuitesLocally(TestNG.java:1208)
	at org.testng.TestNG.runSuites(TestNG.java:1112)
	at org.testng.TestNG.run(TestNG.java:1079)
	at org.testng.remote.AbstractRemoteTestNG.run(AbstractRemoteTestNG.java:115)
	at org.testng.remote.RemoteTestNG.initAndRun(RemoteTestNG.java:293)
	at org.testng.remote.RemoteTestNG.main(RemoteTestNG.java:91)

</div> <!-- stack-trace -->
                </div> <!-- method-content -->
              </div> <!-- method -->
              <div class="method">
                <div class="method-content">
                  <a name="verifyUserCannotuseInvalidPhoneNumber_Test({Email=autogenerate, ExpectedResult=Success, Description=Phone Text Entered :: Non Numeric, Telephon...)">
                  </a> <!-- verifyUserCannotuseInvalidPhoneNumber_Test({Email=autogenerate, ExpectedResult=Success, Description=Phone Text Entered :: Non Numeric, Telephon...) -->
                  <span class="method-name">verifyUserCannotuseInvalidPhoneNumber_Test</span>
                  <span class="parameters">({Email=autogenerate, ExpectedResult=Success, Description=Phone Text Entered :: Non Numeric, Telephone=abcdefghij, FirstName=Pawan, PasswordConfirm=Valid1Password!, Runmode=Y, LastName=Paw, Password=Valid1Password!})</span>
                  <div class="stack-trace">java.lang.AssertionError: did not expect [Your Account Has Been Created!] but found [Your Account Has Been Created!]
	at org.testng.Assert.fail(Assert.java:111)
	at org.testng.Assert.failEquals(Assert.java:1582)
	at org.testng.Assert.assertNotEqualsImpl(Assert.java:157)
	at org.testng.Assert.assertNotEquals(Assert.java:2201)
	at org.testng.Assert.assertNotEquals(Assert.java:2223)
	at tests.RegisterTest.verifyUserCannotuseInvalidPhoneNumber_Test(RegisterTest.java:127)
	at java.base/jdk.internal.reflect.DirectMethodHandleAccessor.invoke(DirectMethodHandleAccessor.java:103)
	at java.base/java.lang.reflect.Method.invoke(Method.java:580)
	at org.testng.internal.invokers.MethodInvocationHelper.invokeMethod(MethodInvocationHelper.java:141)
	at org.testng.internal.invokers.TestInvoker.invokeMethod(TestInvoker.java:686)
	at org.testng.internal.invokers.TestInvoker.retryFailed(TestInvoker.java:269)
	at org.testng.internal.invokers.MethodRunner.runInSequence(MethodRunner.java:76)
	at org.testng.internal.invokers.TestInvoker$MethodInvocationAgent.invoke(TestInvoker.java:992)
	at org.testng.internal.invokers.TestInvoker.invokeTestMethods(TestInvoker.java:203)
	at org.testng.internal.invokers.TestMethodWorker.invokeTestMethods(TestMethodWorker.java:154)
	at org.testng.internal.invokers.TestMethodWorker.run(TestMethodWorker.java:134)
	at java.base/java.util.ArrayList.forEach(ArrayList.java:1596)
	at org.testng.TestRunner.privateRun(TestRunner.java:739)
	at org.testng.TestRunner.run(TestRunner.java:614)
	at org.testng.SuiteRunner.runTest(SuiteRunner.java:421)
	at org.testng.SuiteRunner.runSequentially(SuiteRunner.java:413)
	at org.testng.SuiteRunner.privateRun(SuiteRunner.java:373)
	at org.testng.SuiteRunner.run(SuiteRunner.java:312)
	at org.testng.SuiteRunnerWorker.runSuite(SuiteRunnerWorker.java:52)
	at org.testng.SuiteRunnerWorker.run(SuiteRunnerWorker.java:95)
	at org.testng.TestNG.runSuitesSequentially(TestNG.java:1274)
	at org.testng.TestNG.runSuitesLocally(TestNG.java:1208)
	at org.testng.TestNG.runSuites(TestNG.java:1112)
	at org.testng.TestNG.run(TestNG.java:1079)
	at org.testng.remote.AbstractRemoteTestNG.run(AbstractRemoteTestNG.java:115)
	at org.testng.remote.RemoteTestNG.initAndRun(RemoteTestNG.java:293)
	at org.testng.remote.RemoteTestNG.main(RemoteTestNG.java:91)

</div> <!-- stack-trace -->
                </div> <!-- method-content -->
              </div> <!-- method -->
              <div class="method">
                <div class="method-content">
                  <a name="verifyUserCannotuseInvalidPhoneNumber_Test({Email=autogenerate, ExpectedResult=Success, Description=Phone Text Entered ::  Nine Digits, Telepho...)">
                  </a> <!-- verifyUserCannotuseInvalidPhoneNumber_Test({Email=autogenerate, ExpectedResult=Success, Description=Phone Text Entered ::  Nine Digits, Telepho...) -->
                  <span class="method-name">verifyUserCannotuseInvalidPhoneNumber_Test</span>
                  <span class="parameters">({Email=autogenerate, ExpectedResult=Success, Description=Phone Text Entered ::  Nine Digits, Telephone=1.23456789E8, FirstName=Abhi, PasswordConfirm=Valid1Password!, Runmode=Y, LastName=Abhi, Password=Valid1Password!})</span>
                  <div class="stack-trace">java.lang.AssertionError: did not expect [Your Account Has Been Created!] but found [Your Account Has Been Created!]
	at org.testng.Assert.fail(Assert.java:111)
	at org.testng.Assert.failEquals(Assert.java:1582)
	at org.testng.Assert.assertNotEqualsImpl(Assert.java:157)
	at org.testng.Assert.assertNotEquals(Assert.java:2201)
	at org.testng.Assert.assertNotEquals(Assert.java:2223)
	at tests.RegisterTest.verifyUserCannotuseInvalidPhoneNumber_Test(RegisterTest.java:127)
	at java.base/jdk.internal.reflect.DirectMethodHandleAccessor.invoke(DirectMethodHandleAccessor.java:103)
	at java.base/java.lang.reflect.Method.invoke(Method.java:580)
	at org.testng.internal.invokers.MethodInvocationHelper.invokeMethod(MethodInvocationHelper.java:141)
	at org.testng.internal.invokers.TestInvoker.invokeMethod(TestInvoker.java:686)
	at org.testng.internal.invokers.TestInvoker.retryFailed(TestInvoker.java:269)
	at org.testng.internal.invokers.MethodRunner.runInSequence(MethodRunner.java:76)
	at org.testng.internal.invokers.TestInvoker$MethodInvocationAgent.invoke(TestInvoker.java:992)
	at org.testng.internal.invokers.TestInvoker.invokeTestMethods(TestInvoker.java:203)
	at org.testng.internal.invokers.TestMethodWorker.invokeTestMethods(TestMethodWorker.java:154)
	at org.testng.internal.invokers.TestMethodWorker.run(TestMethodWorker.java:134)
	at java.base/java.util.ArrayList.forEach(ArrayList.java:1596)
	at org.testng.TestRunner.privateRun(TestRunner.java:739)
	at org.testng.TestRunner.run(TestRunner.java:614)
	at org.testng.SuiteRunner.runTest(SuiteRunner.java:421)
	at org.testng.SuiteRunner.runSequentially(SuiteRunner.java:413)
	at org.testng.SuiteRunner.privateRun(SuiteRunner.java:373)
	at org.testng.SuiteRunner.run(SuiteRunner.java:312)
	at org.testng.SuiteRunnerWorker.runSuite(SuiteRunnerWorker.java:52)
	at org.testng.SuiteRunnerWorker.run(SuiteRunnerWorker.java:95)
	at org.testng.TestNG.runSuitesSequentially(TestNG.java:1274)
	at org.testng.TestNG.runSuitesLocally(TestNG.java:1208)
	at org.testng.TestNG.runSuites(TestNG.java:1112)
	at org.testng.TestNG.run(TestNG.java:1079)
	at org.testng.remote.AbstractRemoteTestNG.run(AbstractRemoteTestNG.java:115)
	at org.testng.remote.RemoteTestNG.initAndRun(RemoteTestNG.java:293)
	at org.testng.remote.RemoteTestNG.main(RemoteTestNG.java:91)

</div> <!-- stack-trace -->
                </div> <!-- method-content -->
              </div> <!-- method -->
            </div> <!-- main-panel-content rounded-window-bottom -->
          </div> <!-- suite-Grouping_Suite-class-failed -->
          <div class="suite-Grouping_Suite-class-skipped">
            <div class="main-panel-header rounded-window-top">
              <img src="skipped.png"/>
              <span class="class-name">tests.LoginTest</span>
            </div> <!-- main-panel-header rounded-window-top -->
            <div class="main-panel-content rounded-window-bottom">
              <div class="method">
                <div class="method-content">
                  <a name="verifyLoggingAfterchangingPassword_Test">
                  </a> <!-- verifyLoggingAfterchangingPassword_Test -->
                  <span class="method-name">verifyLoggingAfterchangingPassword_Test</span>
                  <div class="stack-trace">org.openqa.selenium.TimeoutException: timeout: Timed out receiving message from renderer: 5.000
  (Session info: chrome=130.0.6723.92)
Build info: version: &apos;4.25.0&apos;, revision: &apos;8a8aea2337&apos;
System info: os.name: &apos;Windows 11&apos;, os.arch: &apos;amd64&apos;, os.version: &apos;10.0&apos;, java.version: &apos;21&apos;
Driver info: org.openqa.selenium.chrome.ChromeDriver
Command: [4fe07c61d38f11b00fff9ebbbdf34def, actions {actions=[org.openqa.selenium.interactions.Sequence@2e6f1f48]}]
Capabilities {acceptInsecureCerts: false, browserName: chrome, browserVersion: 130.0.6723.92, chrome: {chromedriverVersion: 130.0.6723.91 (53ac07678369..., userDataDir: C:\Users\Vishnu\AppData\Loc...}, fedcm:accounts: true, goog:chromeOptions: {debuggerAddress: localhost:61344}, networkConnectionEnabled: false, pageLoadStrategy: normal, platformName: windows, proxy: Proxy(), se:cdp: ws://localhost:61344/devtoo..., se:cdpVersion: 130.0.6723.92, setWindowRect: true, strictFileInteractability: false, timeouts: {implicit: 0, pageLoad: 300000, script: 30000}, unhandledPromptBehavior: dismiss and notify, webauthn:extension:credBlob: true, webauthn:extension:largeBlob: true, webauthn:extension:minPinLength: true, webauthn:extension:prf: true, webauthn:virtualAuthenticators: true}
Session ID: 4fe07c61d38f11b00fff9ebbbdf34def
	at java.base/jdk.internal.reflect.DirectConstructorHandleAccessor.newInstance(DirectConstructorHandleAccessor.java:62)
	at java.base/java.lang.reflect.Constructor.newInstanceWithCaller(Constructor.java:502)
	at java.base/java.lang.reflect.Constructor.newInstance(Constructor.java:486)
	at org.openqa.selenium.remote.ErrorCodec.decode(ErrorCodec.java:167)
	at org.openqa.selenium.remote.codec.w3c.W3CHttpResponseCodec.decode(W3CHttpResponseCodec.java:138)
	at org.openqa.selenium.remote.codec.w3c.W3CHttpResponseCodec.decode(W3CHttpResponseCodec.java:50)
	at org.openqa.selenium.remote.HttpCommandExecutor.execute(HttpCommandExecutor.java:190)
	at org.openqa.selenium.remote.service.DriverCommandExecutor.invokeExecute(DriverCommandExecutor.java:216)
	at org.openqa.selenium.remote.service.DriverCommandExecutor.execute(DriverCommandExecutor.java:174)
	at org.openqa.selenium.remote.RemoteWebDriver.execute(RemoteWebDriver.java:545)
	at org.openqa.selenium.remote.RemoteWebDriver.perform(RemoteWebDriver.java:631)
	at java.base/jdk.internal.reflect.DirectMethodHandleAccessor.invoke(DirectMethodHandleAccessor.java:103)
	at java.base/java.lang.reflect.Method.invoke(Method.java:580)
	at org.openqa.selenium.support.decorators.WebDriverDecorator.call(WebDriverDecorator.java:249)
	at org.openqa.selenium.support.decorators.DefaultDecorated.call(DefaultDecorated.java:48)
	at org.openqa.selenium.support.decorators.WebDriverDecorator.lambda$createProxy$2(WebDriverDecorator.java:321)
	at net.bytebuddy.renamed.java.lang.Object$ByteBuddy$t6wKlBo0.perform(Unknown Source)
	at org.openqa.selenium.interactions.Actions$BuiltAction.perform(Actions.java:613)
	at base.BasePage.clickElement(BasePage.java:92)
	at pagesobjects.AccountLogoutPage.clickOnLoginBtn(AccountLogoutPage.java:34)
	at tests.LoginTest.verifyLoggingAfterchangingPassword_Test(LoginTest.java:113)
	at java.base/jdk.internal.reflect.DirectMethodHandleAccessor.invoke(DirectMethodHandleAccessor.java:103)
	at java.base/java.lang.reflect.Method.invoke(Method.java:580)
	at org.testng.internal.invokers.MethodInvocationHelper.invokeMethod(MethodInvocationHelper.java:141)
	at org.testng.internal.invokers.TestInvoker.invokeMethod(TestInvoker.java:686)
	at org.testng.internal.invokers.TestInvoker.invokeTestMethod(TestInvoker.java:230)
	at org.testng.internal.invokers.MethodRunner.runInSequence(MethodRunner.java:63)
	at org.testng.internal.invokers.TestInvoker$MethodInvocationAgent.invoke(TestInvoker.java:992)
	at org.testng.internal.invokers.TestInvoker.invokeTestMethods(TestInvoker.java:203)
	at org.testng.internal.invokers.TestMethodWorker.invokeTestMethods(TestMethodWorker.java:154)
	at org.testng.internal.invokers.TestMethodWorker.run(TestMethodWorker.java:134)
	at java.base/java.util.ArrayList.forEach(ArrayList.java:1596)
	at org.testng.TestRunner.privateRun(TestRunner.java:739)
	at org.testng.TestRunner.run(TestRunner.java:614)
	at org.testng.SuiteRunner.runTest(SuiteRunner.java:421)
	at org.testng.SuiteRunner.runSequentially(SuiteRunner.java:413)
	at org.testng.SuiteRunner.privateRun(SuiteRunner.java:373)
	at org.testng.SuiteRunner.run(SuiteRunner.java:312)
	at org.testng.SuiteRunnerWorker.runSuite(SuiteRunnerWorker.java:52)
	at org.testng.SuiteRunnerWorker.run(SuiteRunnerWorker.java:95)
	at org.testng.TestNG.runSuitesSequentially(TestNG.java:1274)
	at org.testng.TestNG.runSuitesLocally(TestNG.java:1208)
	at org.testng.TestNG.runSuites(TestNG.java:1112)
	at org.testng.TestNG.run(TestNG.java:1079)
	at org.testng.remote.AbstractRemoteTestNG.run(AbstractRemoteTestNG.java:115)
	at org.testng.remote.RemoteTestNG.initAndRun(RemoteTestNG.java:293)
	at org.testng.remote.RemoteTestNG.main(RemoteTestNG.java:91)

</div> <!-- stack-trace -->
                </div> <!-- method-content -->
              </div> <!-- method -->
              <div class="method">
                <div class="method-content">
                  <a name="verifyNavigatingBackAfterLogout_Test">
                  </a> <!-- verifyNavigatingBackAfterLogout_Test -->
                  <span class="method-name">verifyNavigatingBackAfterLogout_Test</span>
                  <div class="stack-trace">org.openqa.selenium.NoSuchElementException: no such element: Unable to locate element: {&quot;method&quot;:&quot;xpath&quot;,&quot;selector&quot;:&quot;(//a[text()=&apos;Login&apos;])[1]&quot;}
  (Session info: chrome=130.0.6723.92)
For documentation on this error, please visit: https://www.selenium.dev/documentation/webdriver/troubleshooting/errors#no-such-element-exception
Build info: version: &apos;4.25.0&apos;, revision: &apos;8a8aea2337&apos;
System info: os.name: &apos;Windows 11&apos;, os.arch: &apos;amd64&apos;, os.version: &apos;10.0&apos;, java.version: &apos;21&apos;
Driver info: org.openqa.selenium.chrome.ChromeDriver
Command: [53d7f766db57a6618500068e9810cc0e, findElement {using=xpath, value=(//a[text()=&apos;Login&apos;])[1]}]
Capabilities {acceptInsecureCerts: false, browserName: chrome, browserVersion: 130.0.6723.92, chrome: {chromedriverVersion: 130.0.6723.91 (53ac07678369..., userDataDir: C:\Users\Vishnu\AppData\Loc...}, fedcm:accounts: true, goog:chromeOptions: {debuggerAddress: localhost:61216}, networkConnectionEnabled: false, pageLoadStrategy: normal, platformName: windows, proxy: Proxy(), se:cdp: ws://localhost:61216/devtoo..., se:cdpVersion: 130.0.6723.92, setWindowRect: true, strictFileInteractability: false, timeouts: {implicit: 0, pageLoad: 300000, script: 30000}, unhandledPromptBehavior: dismiss and notify, webauthn:extension:credBlob: true, webauthn:extension:largeBlob: true, webauthn:extension:minPinLength: true, webauthn:extension:prf: true, webauthn:virtualAuthenticators: true}
Session ID: 53d7f766db57a6618500068e9810cc0e
	at java.base/jdk.internal.reflect.DirectConstructorHandleAccessor.newInstance(DirectConstructorHandleAccessor.java:62)
	at java.base/java.lang.reflect.Constructor.newInstanceWithCaller(Constructor.java:502)
	at java.base/java.lang.reflect.Constructor.newInstance(Constructor.java:486)
	at org.openqa.selenium.remote.ErrorCodec.decode(ErrorCodec.java:167)
	at org.openqa.selenium.remote.codec.w3c.W3CHttpResponseCodec.decode(W3CHttpResponseCodec.java:138)
	at org.openqa.selenium.remote.codec.w3c.W3CHttpResponseCodec.decode(W3CHttpResponseCodec.java:50)
	at org.openqa.selenium.remote.HttpCommandExecutor.execute(HttpCommandExecutor.java:190)
	at org.openqa.selenium.remote.service.DriverCommandExecutor.invokeExecute(DriverCommandExecutor.java:216)
	at org.openqa.selenium.remote.service.DriverCommandExecutor.execute(DriverCommandExecutor.java:174)
	at org.openqa.selenium.remote.RemoteWebDriver.execute(RemoteWebDriver.java:545)
	at org.openqa.selenium.remote.ElementLocation$ElementFinder$2.findElement(ElementLocation.java:165)
	at org.openqa.selenium.remote.ElementLocation.findElement(ElementLocation.java:59)
	at org.openqa.selenium.remote.RemoteWebDriver.findElement(RemoteWebDriver.java:368)
	at org.openqa.selenium.remote.RemoteWebDriver.findElement(RemoteWebDriver.java:362)
	at java.base/jdk.internal.reflect.DirectMethodHandleAccessor.invoke(DirectMethodHandleAccessor.java:103)
	at java.base/java.lang.reflect.Method.invoke(Method.java:580)
	at org.openqa.selenium.support.decorators.WebDriverDecorator.call(WebDriverDecorator.java:249)
	at org.openqa.selenium.support.decorators.DefaultDecorated.call(DefaultDecorated.java:48)
	at org.openqa.selenium.support.decorators.WebDriverDecorator.lambda$createProxy$2(WebDriverDecorator.java:321)
	at net.bytebuddy.renamed.java.lang.Object$ByteBuddy$cIenZ1de.findElement(Unknown Source)
	at org.openqa.selenium.support.pagefactory.DefaultElementLocator.findElement(DefaultElementLocator.java:68)
	at org.openqa.selenium.support.pagefactory.internal.LocatingElementHandler.invoke(LocatingElementHandler.java:38)
	at jdk.proxy2/jdk.proxy2.$Proxy50.isDisplayed(Unknown Source)
	at tests.LoginTest.verifyNavigatingBackAfterLogout_Test(LoginTest.java:74)
	at java.base/jdk.internal.reflect.DirectMethodHandleAccessor.invoke(DirectMethodHandleAccessor.java:103)
	at java.base/java.lang.reflect.Method.invoke(Method.java:580)
	at org.testng.internal.invokers.MethodInvocationHelper.invokeMethod(MethodInvocationHelper.java:141)
	at org.testng.internal.invokers.TestInvoker.invokeMethod(TestInvoker.java:686)
	at org.testng.internal.invokers.TestInvoker.invokeTestMethod(TestInvoker.java:230)
	at org.testng.internal.invokers.MethodRunner.runInSequence(MethodRunner.java:63)
	at org.testng.internal.invokers.TestInvoker$MethodInvocationAgent.invoke(TestInvoker.java:992)
	at org.testng.internal.invokers.TestInvoker.invokeTestMethods(TestInvoker.java:203)
	at org.testng.internal.invokers.TestMethodWorker.invokeTestMethods(TestMethodWorker.java:154)
	at org.testng.internal.invokers.TestMethodWorker.run(TestMethodWorker.java:134)
	at java.base/java.util.ArrayList.forEach(ArrayList.java:1596)
	at org.testng.TestRunner.privateRun(TestRunner.java:739)
	at org.testng.TestRunner.run(TestRunner.java:614)
	at org.testng.SuiteRunner.runTest(SuiteRunner.java:421)
	at org.testng.SuiteRunner.runSequentially(SuiteRunner.java:413)
	at org.testng.SuiteRunner.privateRun(SuiteRunner.java:373)
	at org.testng.SuiteRunner.run(SuiteRunner.java:312)
	at org.testng.SuiteRunnerWorker.runSuite(SuiteRunnerWorker.java:52)
	at org.testng.SuiteRunnerWorker.run(SuiteRunnerWorker.java:95)
	at org.testng.TestNG.runSuitesSequentially(TestNG.java:1274)
	at org.testng.TestNG.runSuitesLocally(TestNG.java:1208)
	at org.testng.TestNG.runSuites(TestNG.java:1112)
	at org.testng.TestNG.run(TestNG.java:1079)
	at org.testng.remote.AbstractRemoteTestNG.run(AbstractRemoteTestNG.java:115)
	at org.testng.remote.RemoteTestNG.initAndRun(RemoteTestNG.java:293)
	at org.testng.remote.RemoteTestNG.main(RemoteTestNG.java:91)

</div> <!-- stack-trace -->
                </div> <!-- method-content -->
              </div> <!-- method -->
              <div class="method">
                <div class="method-content">
                  <a name="verifyNavigatingBackAfterSuccessfullLogin_Test">
                  </a> <!-- verifyNavigatingBackAfterSuccessfullLogin_Test -->
                  <span class="method-name">verifyNavigatingBackAfterSuccessfullLogin_Test</span>
                  <div class="stack-trace">org.openqa.selenium.NoSuchElementException: no such element: Unable to locate element: {&quot;method&quot;:&quot;xpath&quot;,&quot;selector&quot;:&quot;(//a[text()=&apos;Logout&apos;])[1]&quot;}
  (Session info: chrome=130.0.6723.92)
For documentation on this error, please visit: https://www.selenium.dev/documentation/webdriver/troubleshooting/errors#no-such-element-exception
Build info: version: &apos;4.25.0&apos;, revision: &apos;8a8aea2337&apos;
System info: os.name: &apos;Windows 11&apos;, os.arch: &apos;amd64&apos;, os.version: &apos;10.0&apos;, java.version: &apos;21&apos;
Driver info: org.openqa.selenium.chrome.ChromeDriver
Command: [3f7032f4d1a1df9232437f384a1d9f15, findElement {using=xpath, value=(//a[text()=&apos;Logout&apos;])[1]}]
Capabilities {acceptInsecureCerts: false, browserName: chrome, browserVersion: 130.0.6723.92, chrome: {chromedriverVersion: 130.0.6723.91 (53ac07678369..., userDataDir: C:\Users\Vishnu\AppData\Loc...}, fedcm:accounts: true, goog:chromeOptions: {debuggerAddress: localhost:61168}, networkConnectionEnabled: false, pageLoadStrategy: normal, platformName: windows, proxy: Proxy(), se:cdp: ws://localhost:61168/devtoo..., se:cdpVersion: 130.0.6723.92, setWindowRect: true, strictFileInteractability: false, timeouts: {implicit: 0, pageLoad: 300000, script: 30000}, unhandledPromptBehavior: dismiss and notify, webauthn:extension:credBlob: true, webauthn:extension:largeBlob: true, webauthn:extension:minPinLength: true, webauthn:extension:prf: true, webauthn:virtualAuthenticators: true}
Session ID: 3f7032f4d1a1df9232437f384a1d9f15
	at java.base/jdk.internal.reflect.DirectConstructorHandleAccessor.newInstance(DirectConstructorHandleAccessor.java:62)
	at java.base/java.lang.reflect.Constructor.newInstanceWithCaller(Constructor.java:502)
	at java.base/java.lang.reflect.Constructor.newInstance(Constructor.java:486)
	at org.openqa.selenium.remote.ErrorCodec.decode(ErrorCodec.java:167)
	at org.openqa.selenium.remote.codec.w3c.W3CHttpResponseCodec.decode(W3CHttpResponseCodec.java:138)
	at org.openqa.selenium.remote.codec.w3c.W3CHttpResponseCodec.decode(W3CHttpResponseCodec.java:50)
	at org.openqa.selenium.remote.HttpCommandExecutor.execute(HttpCommandExecutor.java:190)
	at org.openqa.selenium.remote.service.DriverCommandExecutor.invokeExecute(DriverCommandExecutor.java:216)
	at org.openqa.selenium.remote.service.DriverCommandExecutor.execute(DriverCommandExecutor.java:174)
	at org.openqa.selenium.remote.RemoteWebDriver.execute(RemoteWebDriver.java:545)
	at org.openqa.selenium.remote.ElementLocation$ElementFinder$2.findElement(ElementLocation.java:165)
	at org.openqa.selenium.remote.ElementLocation.findElement(ElementLocation.java:59)
	at org.openqa.selenium.remote.RemoteWebDriver.findElement(RemoteWebDriver.java:368)
	at org.openqa.selenium.remote.RemoteWebDriver.findElement(RemoteWebDriver.java:362)
	at java.base/jdk.internal.reflect.DirectMethodHandleAccessor.invoke(DirectMethodHandleAccessor.java:103)
	at java.base/java.lang.reflect.Method.invoke(Method.java:580)
	at org.openqa.selenium.support.decorators.WebDriverDecorator.call(WebDriverDecorator.java:249)
	at org.openqa.selenium.support.decorators.DefaultDecorated.call(DefaultDecorated.java:48)
	at org.openqa.selenium.support.decorators.WebDriverDecorator.lambda$createProxy$2(WebDriverDecorator.java:321)
	at net.bytebuddy.renamed.java.lang.Object$ByteBuddy$J1gFR7hs.findElement(Unknown Source)
	at org.openqa.selenium.support.pagefactory.DefaultElementLocator.findElement(DefaultElementLocator.java:68)
	at org.openqa.selenium.support.pagefactory.internal.LocatingElementHandler.invoke(LocatingElementHandler.java:38)
	at jdk.proxy2/jdk.proxy2.$Proxy50.isDisplayed(Unknown Source)
	at tests.LoginTest.verifyNavigatingBackAfterSuccessfullLogin_Test(LoginTest.java:67)
	at java.base/jdk.internal.reflect.DirectMethodHandleAccessor.invoke(DirectMethodHandleAccessor.java:103)
	at java.base/java.lang.reflect.Method.invoke(Method.java:580)
	at org.testng.internal.invokers.MethodInvocationHelper.invokeMethod(MethodInvocationHelper.java:141)
	at org.testng.internal.invokers.TestInvoker.invokeMethod(TestInvoker.java:686)
	at org.testng.internal.invokers.TestInvoker.invokeTestMethod(TestInvoker.java:230)
	at org.testng.internal.invokers.MethodRunner.runInSequence(MethodRunner.java:63)
	at org.testng.internal.invokers.TestInvoker$MethodInvocationAgent.invoke(TestInvoker.java:992)
	at org.testng.internal.invokers.TestInvoker.invokeTestMethods(TestInvoker.java:203)
	at org.testng.internal.invokers.TestMethodWorker.invokeTestMethods(TestMethodWorker.java:154)
	at org.testng.internal.invokers.TestMethodWorker.run(TestMethodWorker.java:134)
	at java.base/java.util.ArrayList.forEach(ArrayList.java:1596)
	at org.testng.TestRunner.privateRun(TestRunner.java:739)
	at org.testng.TestRunner.run(TestRunner.java:614)
	at org.testng.SuiteRunner.runTest(SuiteRunner.java:421)
	at org.testng.SuiteRunner.runSequentially(SuiteRunner.java:413)
	at org.testng.SuiteRunner.privateRun(SuiteRunner.java:373)
	at org.testng.SuiteRunner.run(SuiteRunner.java:312)
	at org.testng.SuiteRunnerWorker.runSuite(SuiteRunnerWorker.java:52)
	at org.testng.SuiteRunnerWorker.run(SuiteRunnerWorker.java:95)
	at org.testng.TestNG.runSuitesSequentially(TestNG.java:1274)
	at org.testng.TestNG.runSuitesLocally(TestNG.java:1208)
	at org.testng.TestNG.runSuites(TestNG.java:1112)
	at org.testng.TestNG.run(TestNG.java:1079)
	at org.testng.remote.AbstractRemoteTestNG.run(AbstractRemoteTestNG.java:115)
	at org.testng.remote.RemoteTestNG.initAndRun(RemoteTestNG.java:293)
	at org.testng.remote.RemoteTestNG.main(RemoteTestNG.java:91)

</div> <!-- stack-trace -->
                </div> <!-- method-content -->
              </div> <!-- method -->
            </div> <!-- main-panel-content rounded-window-bottom -->
          </div> <!-- suite-Grouping_Suite-class-skipped -->
          <div class="suite-Grouping_Suite-class-skipped">
            <div class="main-panel-header rounded-window-top">
              <img src="skipped.png"/>
              <span class="class-name">tests.RegisterTest</span>
            </div> <!-- main-panel-header rounded-window-top -->
            <div class="main-panel-content rounded-window-bottom">
              <div class="method">
                <div class="method-content">
                  <a name="verifyPassWordFieldFollowComplexityStandards_Test({Email=autogenerate, ExpectedResult=Success, Description=PWD Entered ::  No Special Characters, Tele...)">
                  </a> <!-- verifyPassWordFieldFollowComplexityStandards_Test({Email=autogenerate, ExpectedResult=Success, Description=PWD Entered ::  No Special Characters, Tele...) -->
                  <span class="method-name">verifyPassWordFieldFollowComplexityStandards_Test</span>
                  <span class="parameters">({Email=autogenerate, ExpectedResult=Success, Description=PWD Entered ::  No Special Characters, Telephone=1.23456789E9, FirstName=Cohen, PasswordConfirm=Password123, Runmode=Y, LastName=Coh, Password=Password123})</span>
                  <div class="stack-trace">java.lang.AssertionError: did not expect [Your Account Has Been Created!] but found [Your Account Has Been Created!]
	at org.testng.Assert.fail(Assert.java:111)
	at org.testng.Assert.failEquals(Assert.java:1582)
	at org.testng.Assert.assertNotEqualsImpl(Assert.java:157)
	at org.testng.Assert.assertNotEquals(Assert.java:2201)
	at org.testng.Assert.assertNotEquals(Assert.java:2223)
	at tests.RegisterTest.verifyPassWordFieldFollowComplexityStandards_Test(RegisterTest.java:167)
	at java.base/jdk.internal.reflect.DirectMethodHandleAccessor.invoke(DirectMethodHandleAccessor.java:103)
	at java.base/java.lang.reflect.Method.invoke(Method.java:580)
	at org.testng.internal.invokers.MethodInvocationHelper.invokeMethod(MethodInvocationHelper.java:141)
	at org.testng.internal.invokers.TestInvoker.invokeMethod(TestInvoker.java:686)
	at org.testng.internal.invokers.TestInvoker.invokeTestMethod(TestInvoker.java:230)
	at org.testng.internal.invokers.MethodRunner.runInSequence(MethodRunner.java:63)
	at org.testng.internal.invokers.TestInvoker$MethodInvocationAgent.invoke(TestInvoker.java:992)
	at org.testng.internal.invokers.TestInvoker.invokeTestMethods(TestInvoker.java:203)
	at org.testng.internal.invokers.TestMethodWorker.invokeTestMethods(TestMethodWorker.java:154)
	at org.testng.internal.invokers.TestMethodWorker.run(TestMethodWorker.java:134)
	at java.base/java.util.ArrayList.forEach(ArrayList.java:1596)
	at org.testng.TestRunner.privateRun(TestRunner.java:739)
	at org.testng.TestRunner.run(TestRunner.java:614)
	at org.testng.SuiteRunner.runTest(SuiteRunner.java:421)
	at org.testng.SuiteRunner.runSequentially(SuiteRunner.java:413)
	at org.testng.SuiteRunner.privateRun(SuiteRunner.java:373)
	at org.testng.SuiteRunner.run(SuiteRunner.java:312)
	at org.testng.SuiteRunnerWorker.runSuite(SuiteRunnerWorker.java:52)
	at org.testng.SuiteRunnerWorker.run(SuiteRunnerWorker.java:95)
	at org.testng.TestNG.runSuitesSequentially(TestNG.java:1274)
	at org.testng.TestNG.runSuitesLocally(TestNG.java:1208)
	at org.testng.TestNG.runSuites(TestNG.java:1112)
	at org.testng.TestNG.run(TestNG.java:1079)
	at org.testng.remote.AbstractRemoteTestNG.run(AbstractRemoteTestNG.java:115)
	at org.testng.remote.RemoteTestNG.initAndRun(RemoteTestNG.java:293)
	at org.testng.remote.RemoteTestNG.main(RemoteTestNG.java:91)

</div> <!-- stack-trace -->
                </div> <!-- method-content -->
              </div> <!-- method -->
              <div class="method">
                <div class="method-content">
                  <a name="verifyPassWordFieldFollowComplexityStandards_Test({Email=autogenerate, ExpectedResult=Success, Description=PWD Entered ::  All Uppercase, Telephone=1....)">
                  </a> <!-- verifyPassWordFieldFollowComplexityStandards_Test({Email=autogenerate, ExpectedResult=Success, Description=PWD Entered ::  All Uppercase, Telephone=1....) -->
                  <span class="method-name">verifyPassWordFieldFollowComplexityStandards_Test</span>
                  <span class="parameters">({Email=autogenerate, ExpectedResult=Success, Description=PWD Entered ::  All Uppercase, Telephone=1.23456789E9, FirstName=Abhi, PasswordConfirm=password123!, Runmode=Y, LastName=Abhi, Password=password123!})</span>
                  <div class="stack-trace">java.lang.AssertionError: did not expect [Your Account Has Been Created!] but found [Your Account Has Been Created!]
	at org.testng.Assert.fail(Assert.java:111)
	at org.testng.Assert.failEquals(Assert.java:1582)
	at org.testng.Assert.assertNotEqualsImpl(Assert.java:157)
	at org.testng.Assert.assertNotEquals(Assert.java:2201)
	at org.testng.Assert.assertNotEquals(Assert.java:2223)
	at tests.RegisterTest.verifyPassWordFieldFollowComplexityStandards_Test(RegisterTest.java:167)
	at java.base/jdk.internal.reflect.DirectMethodHandleAccessor.invoke(DirectMethodHandleAccessor.java:103)
	at java.base/java.lang.reflect.Method.invoke(Method.java:580)
	at org.testng.internal.invokers.MethodInvocationHelper.invokeMethod(MethodInvocationHelper.java:141)
	at org.testng.internal.invokers.TestInvoker.invokeMethod(TestInvoker.java:686)
	at org.testng.internal.invokers.TestInvoker.invokeTestMethod(TestInvoker.java:230)
	at org.testng.internal.invokers.MethodRunner.runInSequence(MethodRunner.java:63)
	at org.testng.internal.invokers.TestInvoker$MethodInvocationAgent.invoke(TestInvoker.java:992)
	at org.testng.internal.invokers.TestInvoker.invokeTestMethods(TestInvoker.java:203)
	at org.testng.internal.invokers.TestMethodWorker.invokeTestMethods(TestMethodWorker.java:154)
	at org.testng.internal.invokers.TestMethodWorker.run(TestMethodWorker.java:134)
	at java.base/java.util.ArrayList.forEach(ArrayList.java:1596)
	at org.testng.TestRunner.privateRun(TestRunner.java:739)
	at org.testng.TestRunner.run(TestRunner.java:614)
	at org.testng.SuiteRunner.runTest(SuiteRunner.java:421)
	at org.testng.SuiteRunner.runSequentially(SuiteRunner.java:413)
	at org.testng.SuiteRunner.privateRun(SuiteRunner.java:373)
	at org.testng.SuiteRunner.run(SuiteRunner.java:312)
	at org.testng.SuiteRunnerWorker.runSuite(SuiteRunnerWorker.java:52)
	at org.testng.SuiteRunnerWorker.run(SuiteRunnerWorker.java:95)
	at org.testng.TestNG.runSuitesSequentially(TestNG.java:1274)
	at org.testng.TestNG.runSuitesLocally(TestNG.java:1208)
	at org.testng.TestNG.runSuites(TestNG.java:1112)
	at org.testng.TestNG.run(TestNG.java:1079)
	at org.testng.remote.AbstractRemoteTestNG.run(AbstractRemoteTestNG.java:115)
	at org.testng.remote.RemoteTestNG.initAndRun(RemoteTestNG.java:293)
	at org.testng.remote.RemoteTestNG.main(RemoteTestNG.java:91)

</div> <!-- stack-trace -->
                </div> <!-- method-content -->
              </div> <!-- method -->
              <div class="method">
                <div class="method-content">
                  <a name="verifyPassWordFieldFollowComplexityStandards_Test({Email=autogenerate, ExpectedResult=Success, Description=PWD Entered ::  No Numbers, Telephone=1.234...)">
                  </a> <!-- verifyPassWordFieldFollowComplexityStandards_Test({Email=autogenerate, ExpectedResult=Success, Description=PWD Entered ::  No Numbers, Telephone=1.234...) -->
                  <span class="method-name">verifyPassWordFieldFollowComplexityStandards_Test</span>
                  <span class="parameters">({Email=autogenerate, ExpectedResult=Success, Description=PWD Entered ::  No Numbers, Telephone=1.23456789E9, FirstName=Rahul, PasswordConfirm=Password!, Runmode=Y, LastName=Rah, Password=Password!})</span>
                  <div class="stack-trace">java.lang.AssertionError: did not expect [Your Account Has Been Created!] but found [Your Account Has Been Created!]
	at org.testng.Assert.fail(Assert.java:111)
	at org.testng.Assert.failEquals(Assert.java:1582)
	at org.testng.Assert.assertNotEqualsImpl(Assert.java:157)
	at org.testng.Assert.assertNotEquals(Assert.java:2201)
	at org.testng.Assert.assertNotEquals(Assert.java:2223)
	at tests.RegisterTest.verifyPassWordFieldFollowComplexityStandards_Test(RegisterTest.java:167)
	at java.base/jdk.internal.reflect.DirectMethodHandleAccessor.invoke(DirectMethodHandleAccessor.java:103)
	at java.base/java.lang.reflect.Method.invoke(Method.java:580)
	at org.testng.internal.invokers.MethodInvocationHelper.invokeMethod(MethodInvocationHelper.java:141)
	at org.testng.internal.invokers.TestInvoker.invokeMethod(TestInvoker.java:686)
	at org.testng.internal.invokers.TestInvoker.invokeTestMethod(TestInvoker.java:230)
	at org.testng.internal.invokers.MethodRunner.runInSequence(MethodRunner.java:63)
	at org.testng.internal.invokers.TestInvoker$MethodInvocationAgent.invoke(TestInvoker.java:992)
	at org.testng.internal.invokers.TestInvoker.invokeTestMethods(TestInvoker.java:203)
	at org.testng.internal.invokers.TestMethodWorker.invokeTestMethods(TestMethodWorker.java:154)
	at org.testng.internal.invokers.TestMethodWorker.run(TestMethodWorker.java:134)
	at java.base/java.util.ArrayList.forEach(ArrayList.java:1596)
	at org.testng.TestRunner.privateRun(TestRunner.java:739)
	at org.testng.TestRunner.run(TestRunner.java:614)
	at org.testng.SuiteRunner.runTest(SuiteRunner.java:421)
	at org.testng.SuiteRunner.runSequentially(SuiteRunner.java:413)
	at org.testng.SuiteRunner.privateRun(SuiteRunner.java:373)
	at org.testng.SuiteRunner.run(SuiteRunner.java:312)
	at org.testng.SuiteRunnerWorker.runSuite(SuiteRunnerWorker.java:52)
	at org.testng.SuiteRunnerWorker.run(SuiteRunnerWorker.java:95)
	at org.testng.TestNG.runSuitesSequentially(TestNG.java:1274)
	at org.testng.TestNG.runSuitesLocally(TestNG.java:1208)
	at org.testng.TestNG.runSuites(TestNG.java:1112)
	at org.testng.TestNG.run(TestNG.java:1079)
	at org.testng.remote.AbstractRemoteTestNG.run(AbstractRemoteTestNG.java:115)
	at org.testng.remote.RemoteTestNG.initAndRun(RemoteTestNG.java:293)
	at org.testng.remote.RemoteTestNG.main(RemoteTestNG.java:91)

</div> <!-- stack-trace -->
                </div> <!-- method-content -->
              </div> <!-- method -->
              <div class="method">
                <div class="method-content">
                  <a name="verifyPassWordFieldFollowComplexityStandards_Test({Email=autogenerate, ExpectedResult=Success, Description=PWD Entered ::  All Numbers, Telephone=1.23...)">
                  </a> <!-- verifyPassWordFieldFollowComplexityStandards_Test({Email=autogenerate, ExpectedResult=Success, Description=PWD Entered ::  All Numbers, Telephone=1.23...) -->
                  <span class="method-name">verifyPassWordFieldFollowComplexityStandards_Test</span>
                  <span class="parameters">({Email=autogenerate, ExpectedResult=Success, Description=PWD Entered ::  All Numbers, Telephone=1.23456789E9, FirstName=Pawan, PasswordConfirm=1.23456789E9, Runmode=Y, LastName=Paw, Password=1.23456789E9})</span>
                  <div class="stack-trace">java.lang.AssertionError: did not expect [Your Account Has Been Created!] but found [Your Account Has Been Created!]
	at org.testng.Assert.fail(Assert.java:111)
	at org.testng.Assert.failEquals(Assert.java:1582)
	at org.testng.Assert.assertNotEqualsImpl(Assert.java:157)
	at org.testng.Assert.assertNotEquals(Assert.java:2201)
	at org.testng.Assert.assertNotEquals(Assert.java:2223)
	at tests.RegisterTest.verifyPassWordFieldFollowComplexityStandards_Test(RegisterTest.java:167)
	at java.base/jdk.internal.reflect.DirectMethodHandleAccessor.invoke(DirectMethodHandleAccessor.java:103)
	at java.base/java.lang.reflect.Method.invoke(Method.java:580)
	at org.testng.internal.invokers.MethodInvocationHelper.invokeMethod(MethodInvocationHelper.java:141)
	at org.testng.internal.invokers.TestInvoker.invokeMethod(TestInvoker.java:686)
	at org.testng.internal.invokers.TestInvoker.invokeTestMethod(TestInvoker.java:230)
	at org.testng.internal.invokers.MethodRunner.runInSequence(MethodRunner.java:63)
	at org.testng.internal.invokers.TestInvoker$MethodInvocationAgent.invoke(TestInvoker.java:992)
	at org.testng.internal.invokers.TestInvoker.invokeTestMethods(TestInvoker.java:203)
	at org.testng.internal.invokers.TestMethodWorker.invokeTestMethods(TestMethodWorker.java:154)
	at org.testng.internal.invokers.TestMethodWorker.run(TestMethodWorker.java:134)
	at java.base/java.util.ArrayList.forEach(ArrayList.java:1596)
	at org.testng.TestRunner.privateRun(TestRunner.java:739)
	at org.testng.TestRunner.run(TestRunner.java:614)
	at org.testng.SuiteRunner.runTest(SuiteRunner.java:421)
	at org.testng.SuiteRunner.runSequentially(SuiteRunner.java:413)
	at org.testng.SuiteRunner.privateRun(SuiteRunner.java:373)
	at org.testng.SuiteRunner.run(SuiteRunner.java:312)
	at org.testng.SuiteRunnerWorker.runSuite(SuiteRunnerWorker.java:52)
	at org.testng.SuiteRunnerWorker.run(SuiteRunnerWorker.java:95)
	at org.testng.TestNG.runSuitesSequentially(TestNG.java:1274)
	at org.testng.TestNG.runSuitesLocally(TestNG.java:1208)
	at org.testng.TestNG.runSuites(TestNG.java:1112)
	at org.testng.TestNG.run(TestNG.java:1079)
	at org.testng.remote.AbstractRemoteTestNG.run(AbstractRemoteTestNG.java:115)
	at org.testng.remote.RemoteTestNG.initAndRun(RemoteTestNG.java:293)
	at org.testng.remote.RemoteTestNG.main(RemoteTestNG.java:91)

</div> <!-- stack-trace -->
                </div> <!-- method-content -->
              </div> <!-- method -->
              <div class="method">
                <div class="method-content">
                  <a name="verifyPassWordFieldFollowComplexityStandards_Test({Email=autogenerate, ExpectedResult=Success, Description=PWD Entered ::  All Special Characters, Tel...)">
                  </a> <!-- verifyPassWordFieldFollowComplexityStandards_Test({Email=autogenerate, ExpectedResult=Success, Description=PWD Entered ::  All Special Characters, Tel...) -->
                  <span class="method-name">verifyPassWordFieldFollowComplexityStandards_Test</span>
                  <span class="parameters">({Email=autogenerate, ExpectedResult=Success, Description=PWD Entered ::  All Special Characters, Telephone=1.23456789E9, FirstName=Shyam, PasswordConfirm=^$^*^$*^*$, Runmode=Y, LastName=Shy, Password=^$^*^$*^*$})</span>
                  <div class="stack-trace">java.lang.AssertionError: did not expect [Your Account Has Been Created!] but found [Your Account Has Been Created!]
	at org.testng.Assert.fail(Assert.java:111)
	at org.testng.Assert.failEquals(Assert.java:1582)
	at org.testng.Assert.assertNotEqualsImpl(Assert.java:157)
	at org.testng.Assert.assertNotEquals(Assert.java:2201)
	at org.testng.Assert.assertNotEquals(Assert.java:2223)
	at tests.RegisterTest.verifyPassWordFieldFollowComplexityStandards_Test(RegisterTest.java:167)
	at java.base/jdk.internal.reflect.DirectMethodHandleAccessor.invoke(DirectMethodHandleAccessor.java:103)
	at java.base/java.lang.reflect.Method.invoke(Method.java:580)
	at org.testng.internal.invokers.MethodInvocationHelper.invokeMethod(MethodInvocationHelper.java:141)
	at org.testng.internal.invokers.TestInvoker.invokeMethod(TestInvoker.java:686)
	at org.testng.internal.invokers.TestInvoker.invokeTestMethod(TestInvoker.java:230)
	at org.testng.internal.invokers.MethodRunner.runInSequence(MethodRunner.java:63)
	at org.testng.internal.invokers.TestInvoker$MethodInvocationAgent.invoke(TestInvoker.java:992)
	at org.testng.internal.invokers.TestInvoker.invokeTestMethods(TestInvoker.java:203)
	at org.testng.internal.invokers.TestMethodWorker.invokeTestMethods(TestMethodWorker.java:154)
	at org.testng.internal.invokers.TestMethodWorker.run(TestMethodWorker.java:134)
	at java.base/java.util.ArrayList.forEach(ArrayList.java:1596)
	at org.testng.TestRunner.privateRun(TestRunner.java:739)
	at org.testng.TestRunner.run(TestRunner.java:614)
	at org.testng.SuiteRunner.runTest(SuiteRunner.java:421)
	at org.testng.SuiteRunner.runSequentially(SuiteRunner.java:413)
	at org.testng.SuiteRunner.privateRun(SuiteRunner.java:373)
	at org.testng.SuiteRunner.run(SuiteRunner.java:312)
	at org.testng.SuiteRunnerWorker.runSuite(SuiteRunnerWorker.java:52)
	at org.testng.SuiteRunnerWorker.run(SuiteRunnerWorker.java:95)
	at org.testng.TestNG.runSuitesSequentially(TestNG.java:1274)
	at org.testng.TestNG.runSuitesLocally(TestNG.java:1208)
	at org.testng.TestNG.runSuites(TestNG.java:1112)
	at org.testng.TestNG.run(TestNG.java:1079)
	at org.testng.remote.AbstractRemoteTestNG.run(AbstractRemoteTestNG.java:115)
	at org.testng.remote.RemoteTestNG.initAndRun(RemoteTestNG.java:293)
	at org.testng.remote.RemoteTestNG.main(RemoteTestNG.java:91)

</div> <!-- stack-trace -->
                </div> <!-- method-content -->
              </div> <!-- method -->
              <div class="method">
                <div class="method-content">
                  <a name="verifyPassWordFieldFollowComplexityStandards_Test({Email=autogenerate, ExpectedResult=Success, Description=PWD Entered ::  All Lowercase, Telephone=1....)">
                  </a> <!-- verifyPassWordFieldFollowComplexityStandards_Test({Email=autogenerate, ExpectedResult=Success, Description=PWD Entered ::  All Lowercase, Telephone=1....) -->
                  <span class="method-name">verifyPassWordFieldFollowComplexityStandards_Test</span>
                  <span class="parameters">({Email=autogenerate, ExpectedResult=Success, Description=PWD Entered ::  All Lowercase, Telephone=1.23456789E9, FirstName=Trevor, PasswordConfirm=PASSWORD123!, Runmode=Y, LastName=Tre, Password=PASSWORD123!})</span>
                  <div class="stack-trace">java.lang.AssertionError: did not expect [Your Account Has Been Created!] but found [Your Account Has Been Created!]
	at org.testng.Assert.fail(Assert.java:111)
	at org.testng.Assert.failEquals(Assert.java:1582)
	at org.testng.Assert.assertNotEqualsImpl(Assert.java:157)
	at org.testng.Assert.assertNotEquals(Assert.java:2201)
	at org.testng.Assert.assertNotEquals(Assert.java:2223)
	at tests.RegisterTest.verifyPassWordFieldFollowComplexityStandards_Test(RegisterTest.java:167)
	at java.base/jdk.internal.reflect.DirectMethodHandleAccessor.invoke(DirectMethodHandleAccessor.java:103)
	at java.base/java.lang.reflect.Method.invoke(Method.java:580)
	at org.testng.internal.invokers.MethodInvocationHelper.invokeMethod(MethodInvocationHelper.java:141)
	at org.testng.internal.invokers.TestInvoker.invokeMethod(TestInvoker.java:686)
	at org.testng.internal.invokers.TestInvoker.invokeTestMethod(TestInvoker.java:230)
	at org.testng.internal.invokers.MethodRunner.runInSequence(MethodRunner.java:63)
	at org.testng.internal.invokers.TestInvoker$MethodInvocationAgent.invoke(TestInvoker.java:992)
	at org.testng.internal.invokers.TestInvoker.invokeTestMethods(TestInvoker.java:203)
	at org.testng.internal.invokers.TestMethodWorker.invokeTestMethods(TestMethodWorker.java:154)
	at org.testng.internal.invokers.TestMethodWorker.run(TestMethodWorker.java:134)
	at java.base/java.util.ArrayList.forEach(ArrayList.java:1596)
	at org.testng.TestRunner.privateRun(TestRunner.java:739)
	at org.testng.TestRunner.run(TestRunner.java:614)
	at org.testng.SuiteRunner.runTest(SuiteRunner.java:421)
	at org.testng.SuiteRunner.runSequentially(SuiteRunner.java:413)
	at org.testng.SuiteRunner.privateRun(SuiteRunner.java:373)
	at org.testng.SuiteRunner.run(SuiteRunner.java:312)
	at org.testng.SuiteRunnerWorker.runSuite(SuiteRunnerWorker.java:52)
	at org.testng.SuiteRunnerWorker.run(SuiteRunnerWorker.java:95)
	at org.testng.TestNG.runSuitesSequentially(TestNG.java:1274)
	at org.testng.TestNG.runSuitesLocally(TestNG.java:1208)
	at org.testng.TestNG.runSuites(TestNG.java:1112)
	at org.testng.TestNG.run(TestNG.java:1079)
	at org.testng.remote.AbstractRemoteTestNG.run(AbstractRemoteTestNG.java:115)
	at org.testng.remote.RemoteTestNG.initAndRun(RemoteTestNG.java:293)
	at org.testng.remote.RemoteTestNG.main(RemoteTestNG.java:91)

</div> <!-- stack-trace -->
                </div> <!-- method-content -->
              </div> <!-- method -->
              <div class="method">
                <div class="method-content">
                  <a name="verifyPassWordFieldFollowComplexityStandards_Test({Email=autogenerate, ExpectedResult=Success, Description=PWD Entered ::  With Spaces, Telephone=1.23...)">
                  </a> <!-- verifyPassWordFieldFollowComplexityStandards_Test({Email=autogenerate, ExpectedResult=Success, Description=PWD Entered ::  With Spaces, Telephone=1.23...) -->
                  <span class="method-name">verifyPassWordFieldFollowComplexityStandards_Test</span>
                  <span class="parameters">({Email=autogenerate, ExpectedResult=Success, Description=PWD Entered ::  With Spaces, Telephone=1.23456789E9, FirstName=Lawren, PasswordConfirm=Pass word 123!, Runmode=Y, LastName=Law, Password=Pass word 123!})</span>
                  <div class="stack-trace">java.lang.AssertionError: did not expect [Your Account Has Been Created!] but found [Your Account Has Been Created!]
	at org.testng.Assert.fail(Assert.java:111)
	at org.testng.Assert.failEquals(Assert.java:1582)
	at org.testng.Assert.assertNotEqualsImpl(Assert.java:157)
	at org.testng.Assert.assertNotEquals(Assert.java:2201)
	at org.testng.Assert.assertNotEquals(Assert.java:2223)
	at tests.RegisterTest.verifyPassWordFieldFollowComplexityStandards_Test(RegisterTest.java:167)
	at java.base/jdk.internal.reflect.DirectMethodHandleAccessor.invoke(DirectMethodHandleAccessor.java:103)
	at java.base/java.lang.reflect.Method.invoke(Method.java:580)
	at org.testng.internal.invokers.MethodInvocationHelper.invokeMethod(MethodInvocationHelper.java:141)
	at org.testng.internal.invokers.TestInvoker.invokeMethod(TestInvoker.java:686)
	at org.testng.internal.invokers.TestInvoker.invokeTestMethod(TestInvoker.java:230)
	at org.testng.internal.invokers.MethodRunner.runInSequence(MethodRunner.java:63)
	at org.testng.internal.invokers.TestInvoker$MethodInvocationAgent.invoke(TestInvoker.java:992)
	at org.testng.internal.invokers.TestInvoker.invokeTestMethods(TestInvoker.java:203)
	at org.testng.internal.invokers.TestMethodWorker.invokeTestMethods(TestMethodWorker.java:154)
	at org.testng.internal.invokers.TestMethodWorker.run(TestMethodWorker.java:134)
	at java.base/java.util.ArrayList.forEach(ArrayList.java:1596)
	at org.testng.TestRunner.privateRun(TestRunner.java:739)
	at org.testng.TestRunner.run(TestRunner.java:614)
	at org.testng.SuiteRunner.runTest(SuiteRunner.java:421)
	at org.testng.SuiteRunner.runSequentially(SuiteRunner.java:413)
	at org.testng.SuiteRunner.privateRun(SuiteRunner.java:373)
	at org.testng.SuiteRunner.run(SuiteRunner.java:312)
	at org.testng.SuiteRunnerWorker.runSuite(SuiteRunnerWorker.java:52)
	at org.testng.SuiteRunnerWorker.run(SuiteRunnerWorker.java:95)
	at org.testng.TestNG.runSuitesSequentially(TestNG.java:1274)
	at org.testng.TestNG.runSuitesLocally(TestNG.java:1208)
	at org.testng.TestNG.runSuites(TestNG.java:1112)
	at org.testng.TestNG.run(TestNG.java:1079)
	at org.testng.remote.AbstractRemoteTestNG.run(AbstractRemoteTestNG.java:115)
	at org.testng.remote.RemoteTestNG.initAndRun(RemoteTestNG.java:293)
	at org.testng.remote.RemoteTestNG.main(RemoteTestNG.java:91)

</div> <!-- stack-trace -->
                </div> <!-- method-content -->
              </div> <!-- method -->
              <div class="method">
                <div class="method-content">
                  <a name="verifyUserCannotuseInvalidPhoneNumber_Test({Email=autogenerate, ExpectedResult=Success, Description= Phone Text Entered :: With Spaces, Telepho...)">
                  </a> <!-- verifyUserCannotuseInvalidPhoneNumber_Test({Email=autogenerate, ExpectedResult=Success, Description= Phone Text Entered :: With Spaces, Telepho...) -->
                  <span class="method-name">verifyUserCannotuseInvalidPhoneNumber_Test</span>
                  <span class="parameters">({Email=autogenerate, ExpectedResult=Success, Description= Phone Text Entered :: With Spaces, Telephone=1234 67 90, FirstName=Cohen, PasswordConfirm=Valid1Password!, Runmode=Y, LastName=Coh, Password=Valid1Password!})</span>
                  <div class="stack-trace">java.lang.AssertionError: did not expect [Your Account Has Been Created!] but found [Your Account Has Been Created!]
	at org.testng.Assert.fail(Assert.java:111)
	at org.testng.Assert.failEquals(Assert.java:1582)
	at org.testng.Assert.assertNotEqualsImpl(Assert.java:157)
	at org.testng.Assert.assertNotEquals(Assert.java:2201)
	at org.testng.Assert.assertNotEquals(Assert.java:2223)
	at tests.RegisterTest.verifyUserCannotuseInvalidPhoneNumber_Test(RegisterTest.java:127)
	at java.base/jdk.internal.reflect.DirectMethodHandleAccessor.invoke(DirectMethodHandleAccessor.java:103)
	at java.base/java.lang.reflect.Method.invoke(Method.java:580)
	at org.testng.internal.invokers.MethodInvocationHelper.invokeMethod(MethodInvocationHelper.java:141)
	at org.testng.internal.invokers.TestInvoker.invokeMethod(TestInvoker.java:686)
	at org.testng.internal.invokers.TestInvoker.invokeTestMethod(TestInvoker.java:230)
	at org.testng.internal.invokers.MethodRunner.runInSequence(MethodRunner.java:63)
	at org.testng.internal.invokers.TestInvoker$MethodInvocationAgent.invoke(TestInvoker.java:992)
	at org.testng.internal.invokers.TestInvoker.invokeTestMethods(TestInvoker.java:203)
	at org.testng.internal.invokers.TestMethodWorker.invokeTestMethods(TestMethodWorker.java:154)
	at org.testng.internal.invokers.TestMethodWorker.run(TestMethodWorker.java:134)
	at java.base/java.util.ArrayList.forEach(ArrayList.java:1596)
	at org.testng.TestRunner.privateRun(TestRunner.java:739)
	at org.testng.TestRunner.run(TestRunner.java:614)
	at org.testng.SuiteRunner.runTest(SuiteRunner.java:421)
	at org.testng.SuiteRunner.runSequentially(SuiteRunner.java:413)
	at org.testng.SuiteRunner.privateRun(SuiteRunner.java:373)
	at org.testng.SuiteRunner.run(SuiteRunner.java:312)
	at org.testng.SuiteRunnerWorker.runSuite(SuiteRunnerWorker.java:52)
	at org.testng.SuiteRunnerWorker.run(SuiteRunnerWorker.java:95)
	at org.testng.TestNG.runSuitesSequentially(TestNG.java:1274)
	at org.testng.TestNG.runSuitesLocally(TestNG.java:1208)
	at org.testng.TestNG.runSuites(TestNG.java:1112)
	at org.testng.TestNG.run(TestNG.java:1079)
	at org.testng.remote.AbstractRemoteTestNG.run(AbstractRemoteTestNG.java:115)
	at org.testng.remote.RemoteTestNG.initAndRun(RemoteTestNG.java:293)
	at org.testng.remote.RemoteTestNG.main(RemoteTestNG.java:91)

</div> <!-- stack-trace -->
                </div> <!-- method-content -->
              </div> <!-- method -->
              <div class="method">
                <div class="method-content">
                  <a name="verifyUserCannotuseInvalidPhoneNumber_Test({Email=autogenerate, ExpectedResult=Success, Description=Phone Text Entered :: Non Numeric, Telephon...)">
                  </a> <!-- verifyUserCannotuseInvalidPhoneNumber_Test({Email=autogenerate, ExpectedResult=Success, Description=Phone Text Entered :: Non Numeric, Telephon...) -->
                  <span class="method-name">verifyUserCannotuseInvalidPhoneNumber_Test</span>
                  <span class="parameters">({Email=autogenerate, ExpectedResult=Success, Description=Phone Text Entered :: Non Numeric, Telephone=abcdefghij, FirstName=Pawan, PasswordConfirm=Valid1Password!, Runmode=Y, LastName=Paw, Password=Valid1Password!})</span>
                  <div class="stack-trace">java.lang.AssertionError: did not expect [Your Account Has Been Created!] but found [Your Account Has Been Created!]
	at org.testng.Assert.fail(Assert.java:111)
	at org.testng.Assert.failEquals(Assert.java:1582)
	at org.testng.Assert.assertNotEqualsImpl(Assert.java:157)
	at org.testng.Assert.assertNotEquals(Assert.java:2201)
	at org.testng.Assert.assertNotEquals(Assert.java:2223)
	at tests.RegisterTest.verifyUserCannotuseInvalidPhoneNumber_Test(RegisterTest.java:127)
	at java.base/jdk.internal.reflect.DirectMethodHandleAccessor.invoke(DirectMethodHandleAccessor.java:103)
	at java.base/java.lang.reflect.Method.invoke(Method.java:580)
	at org.testng.internal.invokers.MethodInvocationHelper.invokeMethod(MethodInvocationHelper.java:141)
	at org.testng.internal.invokers.TestInvoker.invokeMethod(TestInvoker.java:686)
	at org.testng.internal.invokers.TestInvoker.invokeTestMethod(TestInvoker.java:230)
	at org.testng.internal.invokers.MethodRunner.runInSequence(MethodRunner.java:63)
	at org.testng.internal.invokers.TestInvoker$MethodInvocationAgent.invoke(TestInvoker.java:992)
	at org.testng.internal.invokers.TestInvoker.invokeTestMethods(TestInvoker.java:203)
	at org.testng.internal.invokers.TestMethodWorker.invokeTestMethods(TestMethodWorker.java:154)
	at org.testng.internal.invokers.TestMethodWorker.run(TestMethodWorker.java:134)
	at java.base/java.util.ArrayList.forEach(ArrayList.java:1596)
	at org.testng.TestRunner.privateRun(TestRunner.java:739)
	at org.testng.TestRunner.run(TestRunner.java:614)
	at org.testng.SuiteRunner.runTest(SuiteRunner.java:421)
	at org.testng.SuiteRunner.runSequentially(SuiteRunner.java:413)
	at org.testng.SuiteRunner.privateRun(SuiteRunner.java:373)
	at org.testng.SuiteRunner.run(SuiteRunner.java:312)
	at org.testng.SuiteRunnerWorker.runSuite(SuiteRunnerWorker.java:52)
	at org.testng.SuiteRunnerWorker.run(SuiteRunnerWorker.java:95)
	at org.testng.TestNG.runSuitesSequentially(TestNG.java:1274)
	at org.testng.TestNG.runSuitesLocally(TestNG.java:1208)
	at org.testng.TestNG.runSuites(TestNG.java:1112)
	at org.testng.TestNG.run(TestNG.java:1079)
	at org.testng.remote.AbstractRemoteTestNG.run(AbstractRemoteTestNG.java:115)
	at org.testng.remote.RemoteTestNG.initAndRun(RemoteTestNG.java:293)
	at org.testng.remote.RemoteTestNG.main(RemoteTestNG.java:91)

</div> <!-- stack-trace -->
                </div> <!-- method-content -->
              </div> <!-- method -->
              <div class="method">
                <div class="method-content">
                  <a name="verifyUserCannotuseInvalidPhoneNumber_Test({Email=autogenerate, ExpectedResult=Success, Description=Phone Text Entered ::  Nine Digits, Telepho...)">
                  </a> <!-- verifyUserCannotuseInvalidPhoneNumber_Test({Email=autogenerate, ExpectedResult=Success, Description=Phone Text Entered ::  Nine Digits, Telepho...) -->
                  <span class="method-name">verifyUserCannotuseInvalidPhoneNumber_Test</span>
                  <span class="parameters">({Email=autogenerate, ExpectedResult=Success, Description=Phone Text Entered ::  Nine Digits, Telephone=1.23456789E8, FirstName=Abhi, PasswordConfirm=Valid1Password!, Runmode=Y, LastName=Abhi, Password=Valid1Password!})</span>
                  <div class="stack-trace">java.lang.AssertionError: did not expect [Your Account Has Been Created!] but found [Your Account Has Been Created!]
	at org.testng.Assert.fail(Assert.java:111)
	at org.testng.Assert.failEquals(Assert.java:1582)
	at org.testng.Assert.assertNotEqualsImpl(Assert.java:157)
	at org.testng.Assert.assertNotEquals(Assert.java:2201)
	at org.testng.Assert.assertNotEquals(Assert.java:2223)
	at tests.RegisterTest.verifyUserCannotuseInvalidPhoneNumber_Test(RegisterTest.java:127)
	at java.base/jdk.internal.reflect.DirectMethodHandleAccessor.invoke(DirectMethodHandleAccessor.java:103)
	at java.base/java.lang.reflect.Method.invoke(Method.java:580)
	at org.testng.internal.invokers.MethodInvocationHelper.invokeMethod(MethodInvocationHelper.java:141)
	at org.testng.internal.invokers.TestInvoker.invokeMethod(TestInvoker.java:686)
	at org.testng.internal.invokers.TestInvoker.invokeTestMethod(TestInvoker.java:230)
	at org.testng.internal.invokers.MethodRunner.runInSequence(MethodRunner.java:63)
	at org.testng.internal.invokers.TestInvoker$MethodInvocationAgent.invoke(TestInvoker.java:992)
	at org.testng.internal.invokers.TestInvoker.invokeTestMethods(TestInvoker.java:203)
	at org.testng.internal.invokers.TestMethodWorker.invokeTestMethods(TestMethodWorker.java:154)
	at org.testng.internal.invokers.TestMethodWorker.run(TestMethodWorker.java:134)
	at java.base/java.util.ArrayList.forEach(ArrayList.java:1596)
	at org.testng.TestRunner.privateRun(TestRunner.java:739)
	at org.testng.TestRunner.run(TestRunner.java:614)
	at org.testng.SuiteRunner.runTest(SuiteRunner.java:421)
	at org.testng.SuiteRunner.runSequentially(SuiteRunner.java:413)
	at org.testng.SuiteRunner.privateRun(SuiteRunner.java:373)
	at org.testng.SuiteRunner.run(SuiteRunner.java:312)
	at org.testng.SuiteRunnerWorker.runSuite(SuiteRunnerWorker.java:52)
	at org.testng.SuiteRunnerWorker.run(SuiteRunnerWorker.java:95)
	at org.testng.TestNG.runSuitesSequentially(TestNG.java:1274)
	at org.testng.TestNG.runSuitesLocally(TestNG.java:1208)
	at org.testng.TestNG.runSuites(TestNG.java:1112)
	at org.testng.TestNG.run(TestNG.java:1079)
	at org.testng.remote.AbstractRemoteTestNG.run(AbstractRemoteTestNG.java:115)
	at org.testng.remote.RemoteTestNG.initAndRun(RemoteTestNG.java:293)
	at org.testng.remote.RemoteTestNG.main(RemoteTestNG.java:91)

</div> <!-- stack-trace -->
                </div> <!-- method-content -->
              </div> <!-- method -->
              <div class="method">
                <div class="method-content">
                  <a name="verifyUserCannotuseInvalidPhoneNumber_Test({Email=autogenerate, ExpectedResult=Success, Description=Phone Text Entered ::   All Special Charact...)">
                  </a> <!-- verifyUserCannotuseInvalidPhoneNumber_Test({Email=autogenerate, ExpectedResult=Success, Description=Phone Text Entered ::   All Special Charact...) -->
                  <span class="method-name">verifyUserCannotuseInvalidPhoneNumber_Test</span>
                  <span class="parameters">({Email=autogenerate, ExpectedResult=Success, Description=Phone Text Entered ::   All Special Characters, Telephone=!@#$%^&*(), FirstName=Rahul, PasswordConfirm=Valid1Password!, Runmode=Y, LastName=Rah, Password=Valid1Password!})</span>
                  <div class="stack-trace">java.lang.AssertionError: did not expect [Your Account Has Been Created!] but found [Your Account Has Been Created!]
	at org.testng.Assert.fail(Assert.java:111)
	at org.testng.Assert.failEquals(Assert.java:1582)
	at org.testng.Assert.assertNotEqualsImpl(Assert.java:157)
	at org.testng.Assert.assertNotEquals(Assert.java:2201)
	at org.testng.Assert.assertNotEquals(Assert.java:2223)
	at tests.RegisterTest.verifyUserCannotuseInvalidPhoneNumber_Test(RegisterTest.java:127)
	at java.base/jdk.internal.reflect.DirectMethodHandleAccessor.invoke(DirectMethodHandleAccessor.java:103)
	at java.base/java.lang.reflect.Method.invoke(Method.java:580)
	at org.testng.internal.invokers.MethodInvocationHelper.invokeMethod(MethodInvocationHelper.java:141)
	at org.testng.internal.invokers.TestInvoker.invokeMethod(TestInvoker.java:686)
	at org.testng.internal.invokers.TestInvoker.invokeTestMethod(TestInvoker.java:230)
	at org.testng.internal.invokers.MethodRunner.runInSequence(MethodRunner.java:63)
	at org.testng.internal.invokers.TestInvoker$MethodInvocationAgent.invoke(TestInvoker.java:992)
	at org.testng.internal.invokers.TestInvoker.invokeTestMethods(TestInvoker.java:203)
	at org.testng.internal.invokers.TestMethodWorker.invokeTestMethods(TestMethodWorker.java:154)
	at org.testng.internal.invokers.TestMethodWorker.run(TestMethodWorker.java:134)
	at java.base/java.util.ArrayList.forEach(ArrayList.java:1596)
	at org.testng.TestRunner.privateRun(TestRunner.java:739)
	at org.testng.TestRunner.run(TestRunner.java:614)
	at org.testng.SuiteRunner.runTest(SuiteRunner.java:421)
	at org.testng.SuiteRunner.runSequentially(SuiteRunner.java:413)
	at org.testng.SuiteRunner.privateRun(SuiteRunner.java:373)
	at org.testng.SuiteRunner.run(SuiteRunner.java:312)
	at org.testng.SuiteRunnerWorker.runSuite(SuiteRunnerWorker.java:52)
	at org.testng.SuiteRunnerWorker.run(SuiteRunnerWorker.java:95)
	at org.testng.TestNG.runSuitesSequentially(TestNG.java:1274)
	at org.testng.TestNG.runSuitesLocally(TestNG.java:1208)
	at org.testng.TestNG.runSuites(TestNG.java:1112)
	at org.testng.TestNG.run(TestNG.java:1079)
	at org.testng.remote.AbstractRemoteTestNG.run(AbstractRemoteTestNG.java:115)
	at org.testng.remote.RemoteTestNG.initAndRun(RemoteTestNG.java:293)
	at org.testng.remote.RemoteTestNG.main(RemoteTestNG.java:91)

</div> <!-- stack-trace -->
                </div> <!-- method-content -->
              </div> <!-- method -->
              <div class="method">
                <div class="method-content">
                  <a name="verifyUserCannotuseInvalidPhoneNumber_Test({Email=autogenerate, ExpectedResult=Success, Description=Phone Text Entered ::  Eleven Digits, Telep...)">
                  </a> <!-- verifyUserCannotuseInvalidPhoneNumber_Test({Email=autogenerate, ExpectedResult=Success, Description=Phone Text Entered ::  Eleven Digits, Telep...) -->
                  <span class="method-name">verifyUserCannotuseInvalidPhoneNumber_Test</span>
                  <span class="parameters">({Email=autogenerate, ExpectedResult=Success, Description=Phone Text Entered ::  Eleven Digits, Telephone=1.2345678901E10, FirstName=Trevor, PasswordConfirm=Valid1Password!, Runmode=Y, LastName=Tre, Password=Valid1Password!})</span>
                  <div class="stack-trace">java.lang.AssertionError: did not expect [Your Account Has Been Created!] but found [Your Account Has Been Created!]
	at org.testng.Assert.fail(Assert.java:111)
	at org.testng.Assert.failEquals(Assert.java:1582)
	at org.testng.Assert.assertNotEqualsImpl(Assert.java:157)
	at org.testng.Assert.assertNotEquals(Assert.java:2201)
	at org.testng.Assert.assertNotEquals(Assert.java:2223)
	at tests.RegisterTest.verifyUserCannotuseInvalidPhoneNumber_Test(RegisterTest.java:127)
	at java.base/jdk.internal.reflect.DirectMethodHandleAccessor.invoke(DirectMethodHandleAccessor.java:103)
	at java.base/java.lang.reflect.Method.invoke(Method.java:580)
	at org.testng.internal.invokers.MethodInvocationHelper.invokeMethod(MethodInvocationHelper.java:141)
	at org.testng.internal.invokers.TestInvoker.invokeMethod(TestInvoker.java:686)
	at org.testng.internal.invokers.TestInvoker.invokeTestMethod(TestInvoker.java:230)
	at org.testng.internal.invokers.MethodRunner.runInSequence(MethodRunner.java:63)
	at org.testng.internal.invokers.TestInvoker$MethodInvocationAgent.invoke(TestInvoker.java:992)
	at org.testng.internal.invokers.TestInvoker.invokeTestMethods(TestInvoker.java:203)
	at org.testng.internal.invokers.TestMethodWorker.invokeTestMethods(TestMethodWorker.java:154)
	at org.testng.internal.invokers.TestMethodWorker.run(TestMethodWorker.java:134)
	at java.base/java.util.ArrayList.forEach(ArrayList.java:1596)
	at org.testng.TestRunner.privateRun(TestRunner.java:739)
	at org.testng.TestRunner.run(TestRunner.java:614)
	at org.testng.SuiteRunner.runTest(SuiteRunner.java:421)
	at org.testng.SuiteRunner.runSequentially(SuiteRunner.java:413)
	at org.testng.SuiteRunner.privateRun(SuiteRunner.java:373)
	at org.testng.SuiteRunner.run(SuiteRunner.java:312)
	at org.testng.SuiteRunnerWorker.runSuite(SuiteRunnerWorker.java:52)
	at org.testng.SuiteRunnerWorker.run(SuiteRunnerWorker.java:95)
	at org.testng.TestNG.runSuitesSequentially(TestNG.java:1274)
	at org.testng.TestNG.runSuitesLocally(TestNG.java:1208)
	at org.testng.TestNG.runSuites(TestNG.java:1112)
	at org.testng.TestNG.run(TestNG.java:1079)
	at org.testng.remote.AbstractRemoteTestNG.run(AbstractRemoteTestNG.java:115)
	at org.testng.remote.RemoteTestNG.initAndRun(RemoteTestNG.java:293)
	at org.testng.remote.RemoteTestNG.main(RemoteTestNG.java:91)

</div> <!-- stack-trace -->
                </div> <!-- method-content -->
              </div> <!-- method -->
            </div> <!-- main-panel-content rounded-window-bottom -->
          </div> <!-- suite-Grouping_Suite-class-skipped -->
          <div class="suite-Grouping_Suite-class-passed">
            <div class="main-panel-header rounded-window-top">
              <img src="passed.png"/>
              <span class="class-name">tests.LoginTest</span>
            </div> <!-- main-panel-header rounded-window-top -->
            <div class="main-panel-content rounded-window-bottom">
              <div class="method">
                <div class="method-content">
                  <a name="verifyForgotPasswordLink_Test">
                  </a> <!-- verifyForgotPasswordLink_Test -->
                  <span class="method-name">verifyForgotPasswordLink_Test</span>
                </div> <!-- method-content -->
              </div> <!-- method -->
              <div class="method">
                <div class="method-content">
                  <a name="verifyLoggingAfterchangingPassword_Test">
                  </a> <!-- verifyLoggingAfterchangingPassword_Test -->
                  <span class="method-name">verifyLoggingAfterchangingPassword_Test</span>
                </div> <!-- method-content -->
              </div> <!-- method -->
              <div class="method">
                <div class="method-content">
                  <a name="verifyLoginToApplicationUsingInvalidCredentials_Test({Runmode=Y, Description=ValidEmail &amp; InvalidPass, Username=vishnu.71883@gmail.com, Expected Result=S...)">
                  </a> <!-- verifyLoginToApplicationUsingInvalidCredentials_Test({Runmode=Y, Description=ValidEmail & InvalidPass, Username=vishnu.71883@gmail.com, Expected Result=S...) -->
                  <span class="method-name">verifyLoginToApplicationUsingInvalidCredentials_Test</span>
                  <span class="parameters">({Runmode=Y, Description=ValidEmail & InvalidPass, Username=vishnu.71883@gmail.com, Expected Result=Success, Password=Vishnu12})</span>
                </div> <!-- method-content -->
              </div> <!-- method -->
              <div class="method">
                <div class="method-content">
                  <a name="verifyLoginToApplicationUsingInvalidCredentials_Test({Runmode=Y, Description=NoCredentilals, Username= , Expected Result=Success, Password= })">
                  </a> <!-- verifyLoginToApplicationUsingInvalidCredentials_Test({Runmode=Y, Description=NoCredentilals, Username= , Expected Result=Success, Password= }) -->
                  <span class="method-name">verifyLoginToApplicationUsingInvalidCredentials_Test</span>
                  <span class="parameters">({Runmode=Y, Description=NoCredentilals, Username= , Expected Result=Success, Password= })</span>
                </div> <!-- method-content -->
              </div> <!-- method -->
              <div class="method">
                <div class="method-content">
                  <a name="verifyLoginToApplicationUsingInvalidCredentials_Test({Runmode=Y, Description=Both Email &amp;Pass In-Valid , Username=vishnu.1123@gmail, Expected Result=Succ...)">
                  </a> <!-- verifyLoginToApplicationUsingInvalidCredentials_Test({Runmode=Y, Description=Both Email &Pass In-Valid , Username=vishnu.1123@gmail, Expected Result=Succ...) -->
                  <span class="method-name">verifyLoginToApplicationUsingInvalidCredentials_Test</span>
                  <span class="parameters">({Runmode=Y, Description=Both Email &Pass In-Valid , Username=vishnu.1123@gmail, Expected Result=Success, Password=Vish})</span>
                </div> <!-- method-content -->
              </div> <!-- method -->
              <div class="method">
                <div class="method-content">
                  <a name="verifyLoginToApplicationUsingInvalidCredentials_Test({Runmode=Y, Description=InvalidEmail &amp; ValidPass, Username=vishnu.1123@gmail, Expected Result=Succes...)">
                  </a> <!-- verifyLoginToApplicationUsingInvalidCredentials_Test({Runmode=Y, Description=InvalidEmail & ValidPass, Username=vishnu.1123@gmail, Expected Result=Succes...) -->
                  <span class="method-name">verifyLoginToApplicationUsingInvalidCredentials_Test</span>
                  <span class="parameters">({Runmode=Y, Description=InvalidEmail & ValidPass, Username=vishnu.1123@gmail, Expected Result=Success, Password=Vishnu123})</span>
                </div> <!-- method-content -->
              </div> <!-- method -->
              <div class="method">
                <div class="method-content">
                  <a name="verifyLoginToApplicationUsingvalidCredentials_Test({Runmode=Y, Description=Admin Login, Username=vishnu.71881@gmail.com, Expected Result=Success, Passw...)">
                  </a> <!-- verifyLoginToApplicationUsingvalidCredentials_Test({Runmode=Y, Description=Admin Login, Username=vishnu.71881@gmail.com, Expected Result=Success, Passw...) -->
                  <span class="method-name">verifyLoginToApplicationUsingvalidCredentials_Test</span>
                  <span class="parameters">({Runmode=Y, Description=Admin Login, Username=vishnu.71881@gmail.com, Expected Result=Success, Password=Vishnu123})</span>
                </div> <!-- method-content -->
              </div> <!-- method -->
              <div class="method">
                <div class="method-content">
                  <a name="verifyLoginToApplicationUsingvalidCredentials_Test({Runmode=Y, Description=Team Member Login, Username=vishnu.71883@gmail.com, Expected Result=Success,...)">
                  </a> <!-- verifyLoginToApplicationUsingvalidCredentials_Test({Runmode=Y, Description=Team Member Login, Username=vishnu.71883@gmail.com, Expected Result=Success,...) -->
                  <span class="method-name">verifyLoginToApplicationUsingvalidCredentials_Test</span>
                  <span class="parameters">({Runmode=Y, Description=Team Member Login, Username=vishnu.71883@gmail.com, Expected Result=Success, Password=Vishnu123})</span>
                </div> <!-- method-content -->
              </div> <!-- method -->
              <div class="method">
                <div class="method-content">
                  <a name="verifyLoginToApplicationUsingvalidCredentials_Test({Runmode=Y, Description=Supervisor Login, Username=vishnu.71882@gmail.com, Expected Result=Success, ...)">
                  </a> <!-- verifyLoginToApplicationUsingvalidCredentials_Test({Runmode=Y, Description=Supervisor Login, Username=vishnu.71882@gmail.com, Expected Result=Success, ...) -->
                  <span class="method-name">verifyLoginToApplicationUsingvalidCredentials_Test</span>
                  <span class="parameters">({Runmode=Y, Description=Supervisor Login, Username=vishnu.71882@gmail.com, Expected Result=Success, Password=Vishnu123})</span>
                </div> <!-- method-content -->
              </div> <!-- method -->
              <div class="method">
                <div class="method-content">
                  <a name="verifyLoginToApplicationUsingvalidCredentials_Test({Runmode=Y, Description=Trainee Login, Username=vishnu.71884@gmail.com, Expected Result=Success, Pas...)">
                  </a> <!-- verifyLoginToApplicationUsingvalidCredentials_Test({Runmode=Y, Description=Trainee Login, Username=vishnu.71884@gmail.com, Expected Result=Success, Pas...) -->
                  <span class="method-name">verifyLoginToApplicationUsingvalidCredentials_Test</span>
                  <span class="parameters">({Runmode=Y, Description=Trainee Login, Username=vishnu.71884@gmail.com, Expected Result=Success, Password=Vishnu123})</span>
                </div> <!-- method-content -->
              </div> <!-- method -->
              <div class="method">
                <div class="method-content">
                  <a name="verifyMaxLoginAttempts_Test">
                  </a> <!-- verifyMaxLoginAttempts_Test -->
                  <span class="method-name">verifyMaxLoginAttempts_Test</span>
                </div> <!-- method-content -->
              </div> <!-- method -->
              <div class="method">
                <div class="method-content">
                  <a name="verifyPasswordCannotCopied_Test">
                  </a> <!-- verifyPasswordCannotCopied_Test -->
                  <span class="method-name">verifyPasswordCannotCopied_Test</span>
                </div> <!-- method-content -->
              </div> <!-- method -->
              <div class="method">
                <div class="method-content">
                  <a name="verifyPasswordFieldToggleToHide_Test">
                  </a> <!-- verifyPasswordFieldToggleToHide_Test -->
                  <span class="method-name">verifyPasswordFieldToggleToHide_Test</span>
                </div> <!-- method-content -->
              </div> <!-- method -->
              <div class="method">
                <div class="method-content">
                  <a name="verifyPasswordNotVisibleInPageSource_Test">
                  </a> <!-- verifyPasswordNotVisibleInPageSource_Test -->
                  <span class="method-name">verifyPasswordNotVisibleInPageSource_Test</span>
                </div> <!-- method-content -->
              </div> <!-- method -->
              <div class="method">
                <div class="method-content">
                  <a name="verifyPlaceholdersOnLoginPage_Test">
                  </a> <!-- verifyPlaceholdersOnLoginPage_Test -->
                  <span class="method-name">verifyPlaceholdersOnLoginPage_Test</span>
                </div> <!-- method-content -->
              </div> <!-- method -->
            </div> <!-- main-panel-content rounded-window-bottom -->
          </div> <!-- suite-Grouping_Suite-class-passed -->
          <div class="suite-Grouping_Suite-class-passed">
            <div class="main-panel-header rounded-window-top">
              <img src="passed.png"/>
              <span class="class-name">tests.LogoutTest</span>
            </div> <!-- main-panel-header rounded-window-top -->
            <div class="main-panel-content rounded-window-bottom">
              <div class="method">
                <div class="method-content">
                  <a name="verifyLogoutFromRightColumnOption_Test">
                  </a> <!-- verifyLogoutFromRightColumnOption_Test -->
                  <span class="method-name">verifyLogoutFromRightColumnOption_Test</span>
                </div> <!-- method-content -->
              </div> <!-- method -->
              <div class="method">
                <div class="method-content">
                  <a name="verifylogoutFromMyAccountDropMenu_Test">
                  </a> <!-- verifylogoutFromMyAccountDropMenu_Test -->
                  <span class="method-name">verifylogoutFromMyAccountDropMenu_Test</span>
                </div> <!-- method-content -->
              </div> <!-- method -->
            </div> <!-- main-panel-content rounded-window-bottom -->
          </div> <!-- suite-Grouping_Suite-class-passed -->
          <div class="suite-Grouping_Suite-class-passed">
            <div class="main-panel-header rounded-window-top">
              <img src="passed.png"/>
              <span class="class-name">tests.RegisterTest</span>
            </div> <!-- main-panel-header rounded-window-top -->
            <div class="main-panel-content rounded-window-bottom">
              <div class="method">
                <div class="method-content">
                  <a name="verifyAsterickSymbolForMandatoryFields_Test">
                  </a> <!-- verifyAsterickSymbolForMandatoryFields_Test -->
                  <span class="method-name">verifyAsterickSymbolForMandatoryFields_Test</span>
                </div> <!-- method-content -->
              </div> <!-- method -->
              <div class="method">
                <div class="method-content">
                  <a name="verifyCheckboxNotCheckedByDefault_Test">
                  </a> <!-- verifyCheckboxNotCheckedByDefault_Test -->
                  <span class="method-name">verifyCheckboxNotCheckedByDefault_Test</span>
                </div> <!-- method-content -->
              </div> <!-- method -->
              <div class="method">
                <div class="method-content">
                  <a name="verifyConfirmationEmailSendForSuccessfullRegistration_Test">
                  </a> <!-- verifyConfirmationEmailSendForSuccessfullRegistration_Test -->
                  <span class="method-name">verifyConfirmationEmailSendForSuccessfullRegistration_Test</span>
                </div> <!-- method-content -->
              </div> <!-- method -->
              <div class="method">
                <div class="method-content">
                  <a name="verifyDiffWayNavigatingToRegisterAccount_Test">
                  </a> <!-- verifyDiffWayNavigatingToRegisterAccount_Test -->
                  <span class="method-name">verifyDiffWayNavigatingToRegisterAccount_Test</span>
                </div> <!-- method-content -->
              </div> <!-- method -->
              <div class="method">
                <div class="method-content">
                  <a name="verifyInvalidEmailTooltipMsg_Test">
                  </a> <!-- verifyInvalidEmailTooltipMsg_Test -->
                  <span class="method-name">verifyInvalidEmailTooltipMsg_Test</span>
                </div> <!-- method-content -->
              </div> <!-- method -->
              <div class="method">
                <div class="method-content">
                  <a name="verifyPasswordAndConfirmPasswordToggledToHide_Test">
                  </a> <!-- verifyPasswordAndConfirmPasswordToggledToHide_Test -->
                  <span class="method-name">verifyPasswordAndConfirmPasswordToggledToHide_Test</span>
                </div> <!-- method-content -->
              </div> <!-- method -->
              <div class="method">
                <div class="method-content">
                  <a name="verifyRegisterAccountNoSelectedForNewsletter_Test">
                  </a> <!-- verifyRegisterAccountNoSelectedForNewsletter_Test -->
                  <span class="method-name">verifyRegisterAccountNoSelectedForNewsletter_Test</span>
                </div> <!-- method-content -->
              </div> <!-- method -->
              <div class="method">
                <div class="method-content">
                  <a name="verifyRegisterAccountUsingAllFields_Test">
                  </a> <!-- verifyRegisterAccountUsingAllFields_Test -->
                  <span class="method-name">verifyRegisterAccountUsingAllFields_Test</span>
                </div> <!-- method-content -->
              </div> <!-- method -->
              <div class="method">
                <div class="method-content">
                  <a name="verifyRegisterAccountUsingMandatoryFields_Test">
                  </a> <!-- verifyRegisterAccountUsingMandatoryFields_Test -->
                  <span class="method-name">verifyRegisterAccountUsingMandatoryFields_Test</span>
                </div> <!-- method-content -->
              </div> <!-- method -->
              <div class="method">
                <div class="method-content">
                  <a name="verifyRegisterAccountWithoutanyDetails_Test">
                  </a> <!-- verifyRegisterAccountWithoutanyDetails_Test -->
                  <span class="method-name">verifyRegisterAccountWithoutanyDetails_Test</span>
                </div> <!-- method-content -->
              </div> <!-- method -->
              <div class="method">
                <div class="method-content">
                  <a name="verifyRegisterAccountYesSelectedForNewsletter_Test">
                  </a> <!-- verifyRegisterAccountYesSelectedForNewsletter_Test -->
                  <span class="method-name">verifyRegisterAccountYesSelectedForNewsletter_Test</span>
                </div> <!-- method-content -->
              </div> <!-- method -->
              <div class="method">
                <div class="method-content">
                  <a name="verifyRegisterPagePlaceholders_Test">
                  </a> <!-- verifyRegisterPagePlaceholders_Test -->
                  <span class="method-name">verifyRegisterPagePlaceholders_Test</span>
                </div> <!-- method-content -->
              </div> <!-- method -->
              <div class="method">
                <div class="method-content">
                  <a name="verifyRegisteringWithDifferentPassAndConfirmPass_Test">
                  </a> <!-- verifyRegisteringWithDifferentPassAndConfirmPass_Test -->
                  <span class="method-name">verifyRegisteringWithDifferentPassAndConfirmPass_Test</span>
                </div> <!-- method-content -->
              </div> <!-- method -->
              <div class="method">
                <div class="method-content">
                  <a name="verifyRegisteringWithExistingDetails_Test">
                  </a> <!-- verifyRegisteringWithExistingDetails_Test -->
                  <span class="method-name">verifyRegisteringWithExistingDetails_Test</span>
                </div> <!-- method-content -->
              </div> <!-- method -->
              <div class="method">
                <div class="method-content">
                  <a name="verifyRegisteringWithNotEnteringPassConfirm_Test">
                  </a> <!-- verifyRegisteringWithNotEnteringPassConfirm_Test -->
                  <span class="method-name">verifyRegisteringWithNotEnteringPassConfirm_Test</span>
                </div> <!-- method-content -->
              </div> <!-- method -->
              <div class="method">
                <div class="method-content">
                  <a name="verifyRegisteringWithNotSelectingPrivacyPolicy_Test">
                  </a> <!-- verifyRegisteringWithNotSelectingPrivacyPolicy_Test -->
                  <span class="method-name">verifyRegisteringWithNotSelectingPrivacyPolicy_Test</span>
                </div> <!-- method-content -->
              </div> <!-- method -->
            </div> <!-- main-panel-content rounded-window-bottom -->
          </div> <!-- suite-Grouping_Suite-class-passed -->
        </div> <!-- panel Grouping_Suite -->
        <div panel-name="test-xml-Grouping_Suite" class="panel">
          <div class="main-panel-header rounded-window-top">
            <span class="header-content">C:\Users\Vishnu\FrameworkConcepts\OpenCart\grouping.xml</span>
          </div> <!-- main-panel-header rounded-window-top -->
          <div class="main-panel-content rounded-window-bottom">
            <pre>
&lt;?xml version=&quot;1.0&quot; encoding=&quot;UTF-8&quot;?&gt;
&lt;!DOCTYPE suite SYSTEM &quot;https://testng.org/testng-1.0.dtd&quot;&gt;
&lt;suite name=&quot;Grouping-Suite&quot; guice-stage=&quot;DEVELOPMENT&quot; verbose=&quot;6&quot;&gt;
  &lt;groups&gt;
    &lt;run&gt;
      &lt;include name=&quot;Master&quot;/&gt;
    &lt;/run&gt;
  &lt;/groups&gt;
  &lt;groups&gt;
    &lt;run&gt;
      &lt;include name=&quot;Master&quot;/&gt;
    &lt;/run&gt;
  &lt;/groups&gt;
  &lt;listeners&gt;
    &lt;listener class-name=&quot;utils.ReportUtil&quot;/&gt;
    &lt;listener class-name=&quot;utils.RetryUtil&quot;/&gt;
  &lt;/listeners&gt;
  &lt;test thread-count=&quot;5&quot; name=&quot;Test&quot; verbose=&quot;6&quot;&gt;
    &lt;classes&gt;
      &lt;class name=&quot;tests.LoginTest&quot;/&gt;
      &lt;class name=&quot;tests.RegisterTest&quot;/&gt;
      &lt;class name=&quot;tests.LogoutTest&quot;/&gt;
    &lt;/classes&gt;
  &lt;/test&gt; &lt;!-- Test --&gt;
&lt;/suite&gt; &lt;!-- Grouping-Suite --&gt;
            </pre>
          </div> <!-- main-panel-content rounded-window-bottom -->
        </div> <!-- panel -->
        <div panel-name="testlist-Grouping_Suite" class="panel">
          <div class="main-panel-header rounded-window-top">
            <span class="header-content">Tests for Grouping-Suite</span>
          </div> <!-- main-panel-header rounded-window-top -->
          <div class="main-panel-content rounded-window-bottom">
            <ul>
              <li>
                <span class="test-name">Test (3 classes)</span>
              </li>
            </ul>
          </div> <!-- main-panel-content rounded-window-bottom -->
        </div> <!-- panel -->
        <div panel-name="group-Grouping_Suite" class="panel">
          <div class="main-panel-header rounded-window-top">
            <span class="header-content">Groups for Grouping-Suite</span>
          </div> <!-- main-panel-header rounded-window-top -->
          <div class="main-panel-content rounded-window-bottom">
            <div class="test-group">
              <span class="test-group-name">DataDriven</span>
              <br/>
              <div class="method-in-group">
                <span class="method-in-group-name">verifyLoginToApplicationUsingInvalidCredentials_Test</span>
                <br/>
              </div> <!-- method-in-group -->
              <div class="method-in-group">
                <span class="method-in-group-name">verifyLoginToApplicationUsingvalidCredentials_Test</span>
                <br/>
              </div> <!-- method-in-group -->
              <div class="method-in-group">
                <span class="method-in-group-name">verifyPassWordFieldFollowComplexityStandards_Test</span>
                <br/>
              </div> <!-- method-in-group -->
              <div class="method-in-group">
                <span class="method-in-group-name">verifyUserCannotuseInvalidPhoneNumber_Test</span>
                <br/>
              </div> <!-- method-in-group -->
            </div> <!-- test-group -->
            <div class="test-group">
              <span class="test-group-name">Master</span>
              <br/>
              <div class="method-in-group">
                <span class="method-in-group-name">verifyAsterickSymbolForMandatoryFields_Test</span>
                <br/>
              </div> <!-- method-in-group -->
              <div class="method-in-group">
                <span class="method-in-group-name">verifyCheckboxNotCheckedByDefault_Test</span>
                <br/>
              </div> <!-- method-in-group -->
              <div class="method-in-group">
                <span class="method-in-group-name">verifyConfirmationEmailSendForSuccessfullRegistration_Test</span>
                <br/>
              </div> <!-- method-in-group -->
              <div class="method-in-group">
                <span class="method-in-group-name">verifyDiffWayNavigatingToRegisterAccount_Test</span>
                <br/>
              </div> <!-- method-in-group -->
              <div class="method-in-group">
                <span class="method-in-group-name">verifyForgotPasswordLink_Test</span>
                <br/>
              </div> <!-- method-in-group -->
              <div class="method-in-group">
                <span class="method-in-group-name">verifyInvalidEmailTooltipMsg_Test</span>
                <br/>
              </div> <!-- method-in-group -->
              <div class="method-in-group">
                <span class="method-in-group-name">verifyLoggingAfterchangingPassword_Test</span>
                <br/>
              </div> <!-- method-in-group -->
              <div class="method-in-group">
                <span class="method-in-group-name">verifyLoginToApplicationUsingInvalidCredentials_Test</span>
                <br/>
              </div> <!-- method-in-group -->
              <div class="method-in-group">
                <span class="method-in-group-name">verifyLoginToApplicationUsingvalidCredentials_Test</span>
                <br/>
              </div> <!-- method-in-group -->
              <div class="method-in-group">
                <span class="method-in-group-name">verifyLogoutFromRightColumnOption_Test</span>
                <br/>
              </div> <!-- method-in-group -->
              <div class="method-in-group">
                <span class="method-in-group-name">verifyMaxLoginAttempts_Test</span>
                <br/>
              </div> <!-- method-in-group -->
              <div class="method-in-group">
                <span class="method-in-group-name">verifyNavigatingBackAfterLogout_Test</span>
                <br/>
              </div> <!-- method-in-group -->
              <div class="method-in-group">
                <span class="method-in-group-name">verifyNavigatingBackAfterSuccessfullLogin_Test</span>
                <br/>
              </div> <!-- method-in-group -->
              <div class="method-in-group">
                <span class="method-in-group-name">verifyPassWordFieldFollowComplexityStandards_Test</span>
                <br/>
              </div> <!-- method-in-group -->
              <div class="method-in-group">
                <span class="method-in-group-name">verifyPasswordAndConfirmPasswordToggledToHide_Test</span>
                <br/>
              </div> <!-- method-in-group -->
              <div class="method-in-group">
                <span class="method-in-group-name">verifyPasswordCannotCopied_Test</span>
                <br/>
              </div> <!-- method-in-group -->
              <div class="method-in-group">
                <span class="method-in-group-name">verifyPasswordFieldToggleToHide_Test</span>
                <br/>
              </div> <!-- method-in-group -->
              <div class="method-in-group">
                <span class="method-in-group-name">verifyPasswordNotVisibleInPageSource_Test</span>
                <br/>
              </div> <!-- method-in-group -->
              <div class="method-in-group">
                <span class="method-in-group-name">verifyPlaceholdersOnLoginPage_Test</span>
                <br/>
              </div> <!-- method-in-group -->
              <div class="method-in-group">
                <span class="method-in-group-name">verifyRegisterAccountNoSelectedForNewsletter_Test</span>
                <br/>
              </div> <!-- method-in-group -->
              <div class="method-in-group">
                <span class="method-in-group-name">verifyRegisterAccountUsingAllFields_Test</span>
                <br/>
              </div> <!-- method-in-group -->
              <div class="method-in-group">
                <span class="method-in-group-name">verifyRegisterAccountUsingMandatoryFields_Test</span>
                <br/>
              </div> <!-- method-in-group -->
              <div class="method-in-group">
                <span class="method-in-group-name">verifyRegisterAccountWithoutanyDetails_Test</span>
                <br/>
              </div> <!-- method-in-group -->
              <div class="method-in-group">
                <span class="method-in-group-name">verifyRegisterAccountYesSelectedForNewsletter_Test</span>
                <br/>
              </div> <!-- method-in-group -->
              <div class="method-in-group">
                <span class="method-in-group-name">verifyRegisterPagePlaceholders_Test</span>
                <br/>
              </div> <!-- method-in-group -->
              <div class="method-in-group">
                <span class="method-in-group-name">verifyRegisteringWithDifferentPassAndConfirmPass_Test</span>
                <br/>
              </div> <!-- method-in-group -->
              <div class="method-in-group">
                <span class="method-in-group-name">verifyRegisteringWithExistingDetails_Test</span>
                <br/>
              </div> <!-- method-in-group -->
              <div class="method-in-group">
                <span class="method-in-group-name">verifyRegisteringWithNotEnteringPassConfirm_Test</span>
                <br/>
              </div> <!-- method-in-group -->
              <div class="method-in-group">
                <span class="method-in-group-name">verifyRegisteringWithNotSelectingPrivacyPolicy_Test</span>
                <br/>
              </div> <!-- method-in-group -->
              <div class="method-in-group">
                <span class="method-in-group-name">verifyUserCannotuseInvalidPhoneNumber_Test</span>
                <br/>
              </div> <!-- method-in-group -->
              <div class="method-in-group">
                <span class="method-in-group-name">verifylogoutFromMyAccountDropMenu_Test</span>
                <br/>
              </div> <!-- method-in-group -->
            </div> <!-- test-group -->
            <div class="test-group">
              <span class="test-group-name">Regression</span>
              <br/>
              <div class="method-in-group">
                <span class="method-in-group-name">verifyAsterickSymbolForMandatoryFields_Test</span>
                <br/>
              </div> <!-- method-in-group -->
              <div class="method-in-group">
                <span class="method-in-group-name">verifyCheckboxNotCheckedByDefault_Test</span>
                <br/>
              </div> <!-- method-in-group -->
              <div class="method-in-group">
                <span class="method-in-group-name">verifyConfirmationEmailSendForSuccessfullRegistration_Test</span>
                <br/>
              </div> <!-- method-in-group -->
              <div class="method-in-group">
                <span class="method-in-group-name">verifyDiffWayNavigatingToRegisterAccount_Test</span>
                <br/>
              </div> <!-- method-in-group -->
              <div class="method-in-group">
                <span class="method-in-group-name">verifyForgotPasswordLink_Test</span>
                <br/>
              </div> <!-- method-in-group -->
              <div class="method-in-group">
                <span class="method-in-group-name">verifyInvalidEmailTooltipMsg_Test</span>
                <br/>
              </div> <!-- method-in-group -->
              <div class="method-in-group">
                <span class="method-in-group-name">verifyLoggingAfterchangingPassword_Test</span>
                <br/>
              </div> <!-- method-in-group -->
              <div class="method-in-group">
                <span class="method-in-group-name">verifyLoginToApplicationUsingInvalidCredentials_Test</span>
                <br/>
              </div> <!-- method-in-group -->
              <div class="method-in-group">
                <span class="method-in-group-name">verifyLoginToApplicationUsingvalidCredentials_Test</span>
                <br/>
              </div> <!-- method-in-group -->
              <div class="method-in-group">
                <span class="method-in-group-name">verifyLogoutFromRightColumnOption_Test</span>
                <br/>
              </div> <!-- method-in-group -->
              <div class="method-in-group">
                <span class="method-in-group-name">verifyMaxLoginAttempts_Test</span>
                <br/>
              </div> <!-- method-in-group -->
              <div class="method-in-group">
                <span class="method-in-group-name">verifyNavigatingBackAfterLogout_Test</span>
                <br/>
              </div> <!-- method-in-group -->
              <div class="method-in-group">
                <span class="method-in-group-name">verifyNavigatingBackAfterSuccessfullLogin_Test</span>
                <br/>
              </div> <!-- method-in-group -->
              <div class="method-in-group">
                <span class="method-in-group-name">verifyPassWordFieldFollowComplexityStandards_Test</span>
                <br/>
              </div> <!-- method-in-group -->
              <div class="method-in-group">
                <span class="method-in-group-name">verifyPasswordAndConfirmPasswordToggledToHide_Test</span>
                <br/>
              </div> <!-- method-in-group -->
              <div class="method-in-group">
                <span class="method-in-group-name">verifyPasswordCannotCopied_Test</span>
                <br/>
              </div> <!-- method-in-group -->
              <div class="method-in-group">
                <span class="method-in-group-name">verifyPasswordFieldToggleToHide_Test</span>
                <br/>
              </div> <!-- method-in-group -->
              <div class="method-in-group">
                <span class="method-in-group-name">verifyPasswordNotVisibleInPageSource_Test</span>
                <br/>
              </div> <!-- method-in-group -->
              <div class="method-in-group">
                <span class="method-in-group-name">verifyPlaceholdersOnLoginPage_Test</span>
                <br/>
              </div> <!-- method-in-group -->
              <div class="method-in-group">
                <span class="method-in-group-name">verifyRegisterAccountNoSelectedForNewsletter_Test</span>
                <br/>
              </div> <!-- method-in-group -->
              <div class="method-in-group">
                <span class="method-in-group-name">verifyRegisterAccountUsingAllFields_Test</span>
                <br/>
              </div> <!-- method-in-group -->
              <div class="method-in-group">
                <span class="method-in-group-name">verifyRegisterAccountUsingMandatoryFields_Test</span>
                <br/>
              </div> <!-- method-in-group -->
              <div class="method-in-group">
                <span class="method-in-group-name">verifyRegisterAccountWithoutanyDetails_Test</span>
                <br/>
              </div> <!-- method-in-group -->
              <div class="method-in-group">
                <span class="method-in-group-name">verifyRegisterAccountYesSelectedForNewsletter_Test</span>
                <br/>
              </div> <!-- method-in-group -->
              <div class="method-in-group">
                <span class="method-in-group-name">verifyRegisterPagePlaceholders_Test</span>
                <br/>
              </div> <!-- method-in-group -->
              <div class="method-in-group">
                <span class="method-in-group-name">verifyRegisteringWithDifferentPassAndConfirmPass_Test</span>
                <br/>
              </div> <!-- method-in-group -->
              <div class="method-in-group">
                <span class="method-in-group-name">verifyRegisteringWithExistingDetails_Test</span>
                <br/>
              </div> <!-- method-in-group -->
              <div class="method-in-group">
                <span class="method-in-group-name">verifyRegisteringWithNotEnteringPassConfirm_Test</span>
                <br/>
              </div> <!-- method-in-group -->
              <div class="method-in-group">
                <span class="method-in-group-name">verifyRegisteringWithNotSelectingPrivacyPolicy_Test</span>
                <br/>
              </div> <!-- method-in-group -->
              <div class="method-in-group">
                <span class="method-in-group-name">verifyUserCannotuseInvalidPhoneNumber_Test</span>
                <br/>
              </div> <!-- method-in-group -->
              <div class="method-in-group">
                <span class="method-in-group-name">verifylogoutFromMyAccountDropMenu_Test</span>
                <br/>
              </div> <!-- method-in-group -->
            </div> <!-- test-group -->
            <div class="test-group">
              <span class="test-group-name">test</span>
              <br/>
              <div class="method-in-group">
                <span class="method-in-group-name">verifyLoginToApplicationUsingvalidCredentials_Test</span>
                <br/>
              </div> <!-- method-in-group -->
            </div> <!-- test-group -->
          </div> <!-- main-panel-content rounded-window-bottom -->
        </div> <!-- panel -->
        <div panel-name="times-Grouping_Suite" class="panel">
          <div class="main-panel-header rounded-window-top">
            <span class="header-content">Times for Grouping-Suite</span>
          </div> <!-- main-panel-header rounded-window-top -->
          <div class="main-panel-content rounded-window-bottom">
            <div class="times-div">
              <script type="text/javascript">
suiteTableInitFunctions.push('tableData_Grouping_Suite');
function tableData_Grouping_Suite() {
var data = new google.visualization.DataTable();
data.addColumn('number', 'Number');
data.addColumn('string', 'Method');
data.addColumn('string', 'Class');
data.addColumn('number', 'Time (ms)');
data.addRows(62);
data.setCell(0, 0, 0)
data.setCell(0, 1, 'verifyLoggingAfterchangingPassword_Test')
data.setCell(0, 2, 'tests.LoginTest')
data.setCell(0, 3, 15470);
data.setCell(1, 0, 1)
data.setCell(1, 1, 'verifyNavigatingBackAfterSuccessfullLogin_Test')
data.setCell(1, 2, 'tests.LoginTest')
data.setCell(1, 3, 13570);
data.setCell(2, 0, 2)
data.setCell(2, 1, 'verifyNavigatingBackAfterLogout_Test')
data.setCell(2, 2, 'tests.LoginTest')
data.setCell(2, 3, 13224);
data.setCell(3, 0, 3)
data.setCell(3, 1, 'verifyLoggingAfterchangingPassword_Test')
data.setCell(3, 2, 'tests.LoginTest')
data.setCell(3, 3, 12688);
data.setCell(4, 0, 4)
data.setCell(4, 1, 'verifyNavigatingBackAfterLogout_Test')
data.setCell(4, 2, 'tests.LoginTest')
data.setCell(4, 3, 12459);
data.setCell(5, 0, 5)
data.setCell(5, 1, 'verifyNavigatingBackAfterSuccessfullLogin_Test')
data.setCell(5, 2, 'tests.LoginTest')
data.setCell(5, 3, 12270);
data.setCell(6, 0, 6)
data.setCell(6, 1, 'verifyInvalidEmailTooltipMsg_Test')
data.setCell(6, 2, 'tests.RegisterTest')
data.setCell(6, 3, 4682);
data.setCell(7, 0, 7)
data.setCell(7, 1, 'verifyMaxLoginAttempts_Test')
data.setCell(7, 2, 'tests.LoginTest')
data.setCell(7, 3, 4438);
data.setCell(8, 0, 8)
data.setCell(8, 1, 'verifyPassWordFieldFollowComplexityStandards_Test')
data.setCell(8, 2, 'tests.RegisterTest')
data.setCell(8, 3, 4146);
data.setCell(9, 0, 9)
data.setCell(9, 1, 'verifyUserCannotuseInvalidPhoneNumber_Test')
data.setCell(9, 2, 'tests.RegisterTest')
data.setCell(9, 3, 3760);
data.setCell(10, 0, 10)
data.setCell(10, 1, 'verifyUserCannotuseInvalidPhoneNumber_Test')
data.setCell(10, 2, 'tests.RegisterTest')
data.setCell(10, 3, 3327);
data.setCell(11, 0, 11)
data.setCell(11, 1, 'verifyRegisterAccountNoSelectedForNewsletter_Test')
data.setCell(11, 2, 'tests.RegisterTest')
data.setCell(11, 3, 3231);
data.setCell(12, 0, 12)
data.setCell(12, 1, 'verifyPassWordFieldFollowComplexityStandards_Test')
data.setCell(12, 2, 'tests.RegisterTest')
data.setCell(12, 3, 3185);
data.setCell(13, 0, 13)
data.setCell(13, 1, 'verifyPassWordFieldFollowComplexityStandards_Test')
data.setCell(13, 2, 'tests.RegisterTest')
data.setCell(13, 3, 3141);
data.setCell(14, 0, 14)
data.setCell(14, 1, 'verifyUserCannotuseInvalidPhoneNumber_Test')
data.setCell(14, 2, 'tests.RegisterTest')
data.setCell(14, 3, 2882);
data.setCell(15, 0, 15)
data.setCell(15, 1, 'verifyRegisterAccountUsingAllFields_Test')
data.setCell(15, 2, 'tests.RegisterTest')
data.setCell(15, 3, 2813);
data.setCell(16, 0, 16)
data.setCell(16, 1, 'verifyDiffWayNavigatingToRegisterAccount_Test')
data.setCell(16, 2, 'tests.RegisterTest')
data.setCell(16, 3, 2752);
data.setCell(17, 0, 17)
data.setCell(17, 1, 'verifyLoginToApplicationUsingvalidCredentials_Test')
data.setCell(17, 2, 'tests.LoginTest')
data.setCell(17, 3, 2724);
data.setCell(18, 0, 18)
data.setCell(18, 1, 'verifyRegisterAccountYesSelectedForNewsletter_Test')
data.setCell(18, 2, 'tests.RegisterTest')
data.setCell(18, 3, 2717);
data.setCell(19, 0, 19)
data.setCell(19, 1, 'verifyConfirmationEmailSendForSuccessfullRegistration_Test')
data.setCell(19, 2, 'tests.RegisterTest')
data.setCell(19, 3, 2673);
data.setCell(20, 0, 20)
data.setCell(20, 1, 'verifyPassWordFieldFollowComplexityStandards_Test')
data.setCell(20, 2, 'tests.RegisterTest')
data.setCell(20, 3, 2617);
data.setCell(21, 0, 21)
data.setCell(21, 1, 'verifyUserCannotuseInvalidPhoneNumber_Test')
data.setCell(21, 2, 'tests.RegisterTest')
data.setCell(21, 3, 2599);
data.setCell(22, 0, 22)
data.setCell(22, 1, 'verifyUserCannotuseInvalidPhoneNumber_Test')
data.setCell(22, 2, 'tests.RegisterTest')
data.setCell(22, 3, 2594);
data.setCell(23, 0, 23)
data.setCell(23, 1, 'verifyRegisterAccountUsingMandatoryFields_Test')
data.setCell(23, 2, 'tests.RegisterTest')
data.setCell(23, 3, 2577);
data.setCell(24, 0, 24)
data.setCell(24, 1, 'verifylogoutFromMyAccountDropMenu_Test')
data.setCell(24, 2, 'tests.LogoutTest')
data.setCell(24, 3, 2570);
data.setCell(25, 0, 25)
data.setCell(25, 1, 'verifyPassWordFieldFollowComplexityStandards_Test')
data.setCell(25, 2, 'tests.RegisterTest')
data.setCell(25, 3, 2559);
data.setCell(26, 0, 26)
data.setCell(26, 1, 'verifyUserCannotuseInvalidPhoneNumber_Test')
data.setCell(26, 2, 'tests.RegisterTest')
data.setCell(26, 3, 2540);
data.setCell(27, 0, 27)
data.setCell(27, 1, 'verifyPassWordFieldFollowComplexityStandards_Test')
data.setCell(27, 2, 'tests.RegisterTest')
data.setCell(27, 3, 2539);
data.setCell(28, 0, 28)
data.setCell(28, 1, 'verifyPassWordFieldFollowComplexityStandards_Test')
data.setCell(28, 2, 'tests.RegisterTest')
data.setCell(28, 3, 2533);
data.setCell(29, 0, 29)
data.setCell(29, 1, 'verifyUserCannotuseInvalidPhoneNumber_Test')
data.setCell(29, 2, 'tests.RegisterTest')
data.setCell(29, 3, 2529);
data.setCell(30, 0, 30)
data.setCell(30, 1, 'verifyPassWordFieldFollowComplexityStandards_Test')
data.setCell(30, 2, 'tests.RegisterTest')
data.setCell(30, 3, 2519);
data.setCell(31, 0, 31)
data.setCell(31, 1, 'verifyUserCannotuseInvalidPhoneNumber_Test')
data.setCell(31, 2, 'tests.RegisterTest')
data.setCell(31, 3, 2519);
data.setCell(32, 0, 32)
data.setCell(32, 1, 'verifyPassWordFieldFollowComplexityStandards_Test')
data.setCell(32, 2, 'tests.RegisterTest')
data.setCell(32, 3, 2510);
data.setCell(33, 0, 33)
data.setCell(33, 1, 'verifyUserCannotuseInvalidPhoneNumber_Test')
data.setCell(33, 2, 'tests.RegisterTest')
data.setCell(33, 3, 2494);
data.setCell(34, 0, 34)
data.setCell(34, 1, 'verifyPassWordFieldFollowComplexityStandards_Test')
data.setCell(34, 2, 'tests.RegisterTest')
data.setCell(34, 3, 2486);
data.setCell(35, 0, 35)
data.setCell(35, 1, 'verifyUserCannotuseInvalidPhoneNumber_Test')
data.setCell(35, 2, 'tests.RegisterTest')
data.setCell(35, 3, 2470);
data.setCell(36, 0, 36)
data.setCell(36, 1, 'verifyPassWordFieldFollowComplexityStandards_Test')
data.setCell(36, 2, 'tests.RegisterTest')
data.setCell(36, 3, 2470);
data.setCell(37, 0, 37)
data.setCell(37, 1, 'verifyPassWordFieldFollowComplexityStandards_Test')
data.setCell(37, 2, 'tests.RegisterTest')
data.setCell(37, 3, 2465);
data.setCell(38, 0, 38)
data.setCell(38, 1, 'verifyPassWordFieldFollowComplexityStandards_Test')
data.setCell(38, 2, 'tests.RegisterTest')
data.setCell(38, 3, 2461);
data.setCell(39, 0, 39)
data.setCell(39, 1, 'verifyPassWordFieldFollowComplexityStandards_Test')
data.setCell(39, 2, 'tests.RegisterTest')
data.setCell(39, 3, 2440);
data.setCell(40, 0, 40)
data.setCell(40, 1, 'verifyLogoutFromRightColumnOption_Test')
data.setCell(40, 2, 'tests.LogoutTest')
data.setCell(40, 3, 2417);
data.setCell(41, 0, 41)
data.setCell(41, 1, 'verifyLoginToApplicationUsingvalidCredentials_Test')
data.setCell(41, 2, 'tests.LoginTest')
data.setCell(41, 3, 2334);
data.setCell(42, 0, 42)
data.setCell(42, 1, 'verifyRegisteringWithDifferentPassAndConfirmPass_Test')
data.setCell(42, 2, 'tests.RegisterTest')
data.setCell(42, 3, 2267);
data.setCell(43, 0, 43)
data.setCell(43, 1, 'verifyRegisteringWithNotEnteringPassConfirm_Test')
data.setCell(43, 2, 'tests.RegisterTest')
data.setCell(43, 3, 2221);
data.setCell(44, 0, 44)
data.setCell(44, 1, 'verifyRegisteringWithExistingDetails_Test')
data.setCell(44, 2, 'tests.RegisterTest')
data.setCell(44, 3, 2170);
data.setCell(45, 0, 45)
data.setCell(45, 1, 'verifyRegisteringWithNotSelectingPrivacyPolicy_Test')
data.setCell(45, 2, 'tests.RegisterTest')
data.setCell(45, 3, 2097);
data.setCell(46, 0, 46)
data.setCell(46, 1, 'verifyLoginToApplicationUsingvalidCredentials_Test')
data.setCell(46, 2, 'tests.LoginTest')
data.setCell(46, 3, 1794);
data.setCell(47, 0, 47)
data.setCell(47, 1, 'verifyRegisterAccountWithoutanyDetails_Test')
data.setCell(47, 2, 'tests.RegisterTest')
data.setCell(47, 3, 1764);
data.setCell(48, 0, 48)
data.setCell(48, 1, 'verifyLoginToApplicationUsingInvalidCredentials_Test')
data.setCell(48, 2, 'tests.LoginTest')
data.setCell(48, 3, 1633);
data.setCell(49, 0, 49)
data.setCell(49, 1, 'verifyLoginToApplicationUsingInvalidCredentials_Test')
data.setCell(49, 2, 'tests.LoginTest')
data.setCell(49, 3, 1629);
data.setCell(50, 0, 50)
data.setCell(50, 1, 'verifyLoginToApplicationUsingvalidCredentials_Test')
data.setCell(50, 2, 'tests.LoginTest')
data.setCell(50, 3, 1589);
data.setCell(51, 0, 51)
data.setCell(51, 1, 'verifyLoginToApplicationUsingInvalidCredentials_Test')
data.setCell(51, 2, 'tests.LoginTest')
data.setCell(51, 3, 1058);
data.setCell(52, 0, 52)
data.setCell(52, 1, 'verifyLoginToApplicationUsingInvalidCredentials_Test')
data.setCell(52, 2, 'tests.LoginTest')
data.setCell(52, 3, 1031);
data.setCell(53, 0, 53)
data.setCell(53, 1, 'verifyForgotPasswordLink_Test')
data.setCell(53, 2, 'tests.LoginTest')
data.setCell(53, 3, 621);
data.setCell(54, 0, 54)
data.setCell(54, 1, 'verifyPasswordCannotCopied_Test')
data.setCell(54, 2, 'tests.LoginTest')
data.setCell(54, 3, 509);
data.setCell(55, 0, 55)
data.setCell(55, 1, 'verifyPasswordAndConfirmPasswordToggledToHide_Test')
data.setCell(55, 2, 'tests.RegisterTest')
data.setCell(55, 3, 439);
data.setCell(56, 0, 56)
data.setCell(56, 1, 'verifyAsterickSymbolForMandatoryFields_Test')
data.setCell(56, 2, 'tests.RegisterTest')
data.setCell(56, 3, 389);
data.setCell(57, 0, 57)
data.setCell(57, 1, 'verifyPasswordFieldToggleToHide_Test')
data.setCell(57, 2, 'tests.LoginTest')
data.setCell(57, 3, 348);
data.setCell(58, 0, 58)
data.setCell(58, 1, 'verifyPasswordNotVisibleInPageSource_Test')
data.setCell(58, 2, 'tests.LoginTest')
data.setCell(58, 3, 295);
data.setCell(59, 0, 59)
data.setCell(59, 1, 'verifyRegisterPagePlaceholders_Test')
data.setCell(59, 2, 'tests.RegisterTest')
data.setCell(59, 3, 284);
data.setCell(60, 0, 60)
data.setCell(60, 1, 'verifyPlaceholdersOnLoginPage_Test')
data.setCell(60, 2, 'tests.LoginTest')
data.setCell(60, 3, 100);
data.setCell(61, 0, 61)
data.setCell(61, 1, 'verifyCheckboxNotCheckedByDefault_Test')
data.setCell(61, 2, 'tests.RegisterTest')
data.setCell(61, 3, 37);
window.suiteTableData['Grouping_Suite']= { tableData: data, tableDiv: 'times-div-Grouping_Suite'}
return data;
}
              </script>
              <span class="suite-total-time">Total running time: 3 minutes</span>
              <div id="times-div-Grouping_Suite">
              </div> <!-- times-div-Grouping_Suite -->
            </div> <!-- times-div -->
          </div> <!-- main-panel-content rounded-window-bottom -->
        </div> <!-- panel -->
        <div panel-name="reporter-Grouping_Suite" class="panel">
          <div class="main-panel-header rounded-window-top">
            <span class="header-content">Reporter output for Grouping-Suite</span>
          </div> <!-- main-panel-header rounded-window-top -->
          <div class="main-panel-content rounded-window-bottom">
          </div> <!-- main-panel-content rounded-window-bottom -->
        </div> <!-- panel -->
        <div panel-name="ignored-methods-Grouping_Suite" class="panel">
          <div class="main-panel-header rounded-window-top">
            <span class="header-content">0 ignored methods</span>
          </div> <!-- main-panel-header rounded-window-top -->
          <div class="main-panel-content rounded-window-bottom">
          </div> <!-- main-panel-content rounded-window-bottom -->
        </div> <!-- panel -->
        <div panel-name="chronological-Grouping_Suite" class="panel">
          <div class="main-panel-header rounded-window-top">
            <span class="header-content">Methods in chronological order</span>
          </div> <!-- main-panel-header rounded-window-top -->
          <div class="main-panel-content rounded-window-bottom">
            <div class="chronological-class">
              <div class="chronological-class-name">tests.LoginTest</div> <!-- chronological-class-name -->
              <div class="configuration-method before">
                <span class="method-name">SetUp</span>
                <span class="method-start">0 ms</span>
              </div> <!-- configuration-method before -->
              <div class="test-method">
                <span class="method-name">verifyLoginToApplicationUsingvalidCredentials_Test({Runmode=Y, Description=Admin Login, Username=vishnu.71881@gmail.com, Expected Result=Success, Passw...)</span>
                <span class="method-start">8057 ms</span>
              </div> <!-- test-method -->
              <div class="configuration-method after">
                <span class="method-name">tearDown</span>
                <span class="method-start">9859 ms</span>
              </div> <!-- configuration-method after -->
              <div class="configuration-method before">
                <span class="method-name">SetUp</span>
                <span class="method-start">10007 ms</span>
              </div> <!-- configuration-method before -->
              <div class="test-method">
                <span class="method-name">verifyLoginToApplicationUsingvalidCredentials_Test({Runmode=Y, Description=Supervisor Login, Username=vishnu.71882@gmail.com, Expected Result=Success, ...)</span>
                <span class="method-start">15601 ms</span>
              </div> <!-- test-method -->
              <div class="configuration-method after">
                <span class="method-name">tearDown</span>
                <span class="method-start">17937 ms</span>
              </div> <!-- configuration-method after -->
              <div class="configuration-method before">
                <span class="method-name">SetUp</span>
                <span class="method-start">18047 ms</span>
              </div> <!-- configuration-method before -->
              <div class="test-method">
                <span class="method-name">verifyLoginToApplicationUsingvalidCredentials_Test({Runmode=Y, Description=Team Member Login, Username=vishnu.71883@gmail.com, Expected Result=Success,...)</span>
                <span class="method-start">23517 ms</span>
              </div> <!-- test-method -->
              <div class="configuration-method after">
                <span class="method-name">tearDown</span>
                <span class="method-start">26243 ms</span>
              </div> <!-- configuration-method after -->
              <div class="configuration-method before">
                <span class="method-name">SetUp</span>
                <span class="method-start">26344 ms</span>
              </div> <!-- configuration-method before -->
              <div class="test-method">
                <span class="method-name">verifyLoginToApplicationUsingvalidCredentials_Test({Runmode=Y, Description=Trainee Login, Username=vishnu.71884@gmail.com, Expected Result=Success, Pas...)</span>
                <span class="method-start">31640 ms</span>
              </div> <!-- test-method -->
              <div class="configuration-method after">
                <span class="method-name">tearDown</span>
                <span class="method-start">33231 ms</span>
              </div> <!-- configuration-method after -->
              <div class="configuration-method before">
                <span class="method-name">SetUp</span>
                <span class="method-start">33456 ms</span>
              </div> <!-- configuration-method before -->
              <div class="test-method">
                <span class="method-name">verifyLoginToApplicationUsingInvalidCredentials_Test({Runmode=Y, Description=Both Email &Pass In-Valid , Username=vishnu.1123@gmail, Expected Result=Succ...)</span>
                <span class="method-start">38887 ms</span>
              </div> <!-- test-method -->
              <div class="configuration-method after">
                <span class="method-name">tearDown</span>
                <span class="method-start">39947 ms</span>
              </div> <!-- configuration-method after -->
              <div class="configuration-method before">
                <span class="method-name">SetUp</span>
                <span class="method-start">40079 ms</span>
              </div> <!-- configuration-method before -->
              <div class="test-method">
                <span class="method-name">verifyLoginToApplicationUsingInvalidCredentials_Test({Runmode=Y, Description=InvalidEmail & ValidPass, Username=vishnu.1123@gmail, Expected Result=Succes...)</span>
                <span class="method-start">45785 ms</span>
              </div> <!-- test-method -->
              <div class="configuration-method after">
                <span class="method-name">tearDown</span>
                <span class="method-start">47416 ms</span>
              </div> <!-- configuration-method after -->
              <div class="configuration-method before">
                <span class="method-name">SetUp</span>
                <span class="method-start">47546 ms</span>
              </div> <!-- configuration-method before -->
              <div class="test-method">
                <span class="method-name">verifyLoginToApplicationUsingInvalidCredentials_Test({Runmode=Y, Description=ValidEmail & InvalidPass, Username=vishnu.71883@gmail.com, Expected Result=S...)</span>
                <span class="method-start">53137 ms</span>
              </div> <!-- test-method -->
              <div class="configuration-method after">
                <span class="method-name">tearDown</span>
                <span class="method-start">54771 ms</span>
              </div> <!-- configuration-method after -->
              <div class="configuration-method before">
                <span class="method-name">SetUp</span>
                <span class="method-start">54890 ms</span>
              </div> <!-- configuration-method before -->
              <div class="test-method">
                <span class="method-name">verifyLoginToApplicationUsingInvalidCredentials_Test({Runmode=Y, Description=NoCredentilals, Username= , Expected Result=Success, Password= })</span>
                <span class="method-start">60399 ms</span>
              </div> <!-- test-method -->
              <div class="configuration-method after">
                <span class="method-name">tearDown</span>
                <span class="method-start">61431 ms</span>
              </div> <!-- configuration-method after -->
              <div class="configuration-method before">
                <span class="method-name">SetUp</span>
                <span class="method-start">61542 ms</span>
              </div> <!-- configuration-method before -->
              <div class="test-method">
                <span class="method-name">verifyForgotPasswordLink_Test</span>
                <span class="method-start">67100 ms</span>
              </div> <!-- test-method -->
              <div class="configuration-method after">
                <span class="method-name">tearDown</span>
                <span class="method-start">67723 ms</span>
              </div> <!-- configuration-method after -->
              <div class="configuration-method before">
                <span class="method-name">SetUp</span>
                <span class="method-start">67890 ms</span>
              </div> <!-- configuration-method before -->
              <div class="test-method">
                <span class="method-name">verifyPlaceholdersOnLoginPage_Test</span>
                <span class="method-start">74837 ms</span>
              </div> <!-- test-method -->
              <div class="configuration-method after">
                <span class="method-name">tearDown</span>
                <span class="method-start">74937 ms</span>
              </div> <!-- configuration-method after -->
              <div class="configuration-method before">
                <span class="method-name">SetUp</span>
                <span class="method-start">75058 ms</span>
              </div> <!-- configuration-method before -->
              <div class="test-method">
                <span class="method-name">verifyNavigatingBackAfterSuccessfullLogin_Test</span>
                <span class="method-start">80992 ms</span>
              </div> <!-- test-method -->
              <div class="configuration-method after">
                <span class="method-name">tearDown</span>
                <span class="method-start">94566 ms</span>
              </div> <!-- configuration-method after -->
              <div class="configuration-method before">
                <span class="method-name">SetUp</span>
                <span class="method-start">94734 ms</span>
              </div> <!-- configuration-method before -->
              <div class="test-method">
                <img src="failed.png">
                </img>
                <span class="method-name">verifyNavigatingBackAfterSuccessfullLogin_Test</span>
                <span class="method-start">100255 ms</span>
              </div> <!-- test-method -->
              <div class="configuration-method after">
                <span class="method-name">tearDown</span>
                <span class="method-start">112700 ms</span>
              </div> <!-- configuration-method after -->
              <div class="configuration-method before">
                <span class="method-name">SetUp</span>
                <span class="method-start">112879 ms</span>
              </div> <!-- configuration-method before -->
              <div class="test-method">
                <span class="method-name">verifyNavigatingBackAfterLogout_Test</span>
                <span class="method-start">118131 ms</span>
              </div> <!-- test-method -->
              <div class="configuration-method after">
                <span class="method-name">tearDown</span>
                <span class="method-start">130593 ms</span>
              </div> <!-- configuration-method after -->
              <div class="configuration-method before">
                <span class="method-name">SetUp</span>
                <span class="method-start">131324 ms</span>
              </div> <!-- configuration-method before -->
              <div class="test-method">
                <img src="failed.png">
                </img>
                <span class="method-name">verifyNavigatingBackAfterLogout_Test</span>
                <span class="method-start">136832 ms</span>
              </div> <!-- test-method -->
              <div class="configuration-method after">
                <span class="method-name">tearDown</span>
                <span class="method-start">150172 ms</span>
              </div> <!-- configuration-method after -->
              <div class="configuration-method before">
                <span class="method-name">SetUp</span>
                <span class="method-start">150328 ms</span>
              </div> <!-- configuration-method before -->
              <div class="test-method">
                <span class="method-name">verifyMaxLoginAttempts_Test</span>
                <span class="method-start">155430 ms</span>
              </div> <!-- test-method -->
              <div class="configuration-method after">
                <span class="method-name">tearDown</span>
                <span class="method-start">159870 ms</span>
              </div> <!-- configuration-method after -->
              <div class="configuration-method before">
                <span class="method-name">SetUp</span>
                <span class="method-start">160005 ms</span>
              </div> <!-- configuration-method before -->
              <div class="test-method">
                <span class="method-name">verifyPasswordFieldToggleToHide_Test</span>
                <span class="method-start">165388 ms</span>
              </div> <!-- test-method -->
              <div class="configuration-method after">
                <span class="method-name">tearDown</span>
                <span class="method-start">165737 ms</span>
              </div> <!-- configuration-method after -->
              <div class="configuration-method before">
                <span class="method-name">SetUp</span>
                <span class="method-start">165880 ms</span>
              </div> <!-- configuration-method before -->
              <div class="test-method">
                <span class="method-name">verifyPasswordCannotCopied_Test</span>
                <span class="method-start">171421 ms</span>
              </div> <!-- test-method -->
              <div class="configuration-method after">
                <span class="method-name">tearDown</span>
                <span class="method-start">171933 ms</span>
              </div> <!-- configuration-method after -->
              <div class="configuration-method before">
                <span class="method-name">SetUp</span>
                <span class="method-start">172157 ms</span>
              </div> <!-- configuration-method before -->
              <div class="test-method">
                <span class="method-name">verifyPasswordNotVisibleInPageSource_Test</span>
                <span class="method-start">177815 ms</span>
              </div> <!-- test-method -->
              <div class="configuration-method after">
                <span class="method-name">tearDown</span>
                <span class="method-start">178114 ms</span>
              </div> <!-- configuration-method after -->
              <div class="configuration-method before">
                <span class="method-name">SetUp</span>
                <span class="method-start">178227 ms</span>
              </div> <!-- configuration-method before -->
              <div class="test-method">
                <span class="method-name">verifyLoggingAfterchangingPassword_Test</span>
                <span class="method-start">183851 ms</span>
              </div> <!-- test-method -->
              <div class="configuration-method after">
                <span class="method-name">tearDown</span>
                <span class="method-start">199323 ms</span>
              </div> <!-- configuration-method after -->
              <div class="configuration-method before">
                <span class="method-name">SetUp</span>
                <span class="method-start">199463 ms</span>
              </div> <!-- configuration-method before -->
              <div class="test-method">
                <span class="method-name">verifyLoggingAfterchangingPassword_Test</span>
                <span class="method-start">204694 ms</span>
              </div> <!-- test-method -->
              <div class="configuration-method after">
                <span class="method-name">tearDown</span>
                <span class="method-start">217384 ms</span>
              </div> <!-- configuration-method after -->
            </div> <!-- chronological-class -->
            <div class="chronological-class">
              <div class="chronological-class-name">tests.RegisterTest</div> <!-- chronological-class-name -->
              <div class="configuration-method before">
                <span class="method-name">SetUp</span>
                <span class="method-start">217524 ms</span>
              </div> <!-- configuration-method before -->
              <div class="test-method">
                <span class="method-name">verifyRegisterAccountUsingMandatoryFields_Test</span>
                <span class="method-start">223156 ms</span>
              </div> <!-- test-method -->
              <div class="configuration-method after">
                <span class="method-name">tearDown</span>
                <span class="method-start">225735 ms</span>
              </div> <!-- configuration-method after -->
              <div class="configuration-method before">
                <span class="method-name">SetUp</span>
                <span class="method-start">225840 ms</span>
              </div> <!-- configuration-method before -->
              <div class="test-method">
                <span class="method-name">verifyRegisterAccountUsingAllFields_Test</span>
                <span class="method-start">231991 ms</span>
              </div> <!-- test-method -->
              <div class="configuration-method after">
                <span class="method-name">tearDown</span>
                <span class="method-start">234805 ms</span>
              </div> <!-- configuration-method after -->
              <div class="configuration-method before">
                <span class="method-name">SetUp</span>
                <span class="method-start">234924 ms</span>
              </div> <!-- configuration-method before -->
              <div class="test-method">
                <span class="method-name">verifyRegisterAccountWithoutanyDetails_Test</span>
                <span class="method-start">240736 ms</span>
              </div> <!-- test-method -->
              <div class="configuration-method after">
                <span class="method-name">tearDown</span>
                <span class="method-start">242502 ms</span>
              </div> <!-- configuration-method after -->
              <div class="configuration-method before">
                <span class="method-name">SetUp</span>
                <span class="method-start">242615 ms</span>
              </div> <!-- configuration-method before -->
              <div class="test-method">
                <span class="method-name">verifyRegisterAccountYesSelectedForNewsletter_Test</span>
                <span class="method-start">248303 ms</span>
              </div> <!-- test-method -->
              <div class="configuration-method after">
                <span class="method-name">tearDown</span>
                <span class="method-start">251023 ms</span>
              </div> <!-- configuration-method after -->
              <div class="configuration-method before">
                <span class="method-name">SetUp</span>
                <span class="method-start">251135 ms</span>
              </div> <!-- configuration-method before -->
              <div class="test-method">
                <span class="method-name">verifyRegisterAccountNoSelectedForNewsletter_Test</span>
                <span class="method-start">256782 ms</span>
              </div> <!-- test-method -->
              <div class="configuration-method after">
                <span class="method-name">tearDown</span>
                <span class="method-start">260016 ms</span>
              </div> <!-- configuration-method after -->
              <div class="configuration-method before">
                <span class="method-name">SetUp</span>
                <span class="method-start">260131 ms</span>
              </div> <!-- configuration-method before -->
              <div class="test-method">
                <span class="method-name">verifyDiffWayNavigatingToRegisterAccount_Test</span>
                <span class="method-start">266045 ms</span>
              </div> <!-- test-method -->
              <div class="configuration-method after">
                <span class="method-name">tearDown</span>
                <span class="method-start">268798 ms</span>
              </div> <!-- configuration-method after -->
              <div class="configuration-method before">
                <span class="method-name">SetUp</span>
                <span class="method-start">268950 ms</span>
              </div> <!-- configuration-method before -->
              <div class="test-method">
                <span class="method-name">verifyRegisteringWithDifferentPassAndConfirmPass_Test</span>
                <span class="method-start">274531 ms</span>
              </div> <!-- test-method -->
              <div class="configuration-method after">
                <span class="method-name">tearDown</span>
                <span class="method-start">276800 ms</span>
              </div> <!-- configuration-method after -->
              <div class="configuration-method before">
                <span class="method-name">SetUp</span>
                <span class="method-start">276951 ms</span>
              </div> <!-- configuration-method before -->
              <div class="test-method">
                <span class="method-name">verifyRegisteringWithExistingDetails_Test</span>
                <span class="method-start">282709 ms</span>
              </div> <!-- test-method -->
              <div class="configuration-method after">
                <span class="method-name">tearDown</span>
                <span class="method-start">284881 ms</span>
              </div> <!-- configuration-method after -->
              <div class="configuration-method before">
                <span class="method-name">SetUp</span>
                <span class="method-start">284982 ms</span>
              </div> <!-- configuration-method before -->
              <div class="test-method">
                <span class="method-name">verifyInvalidEmailTooltipMsg_Test</span>
                <span class="method-start">290754 ms</span>
              </div> <!-- test-method -->
              <div class="configuration-method after">
                <span class="method-name">tearDown</span>
                <span class="method-start">295437 ms</span>
              </div> <!-- configuration-method after -->
              <div class="configuration-method before">
                <span class="method-name">SetUp</span>
                <span class="method-start">295745 ms</span>
              </div> <!-- configuration-method before -->
              <div class="test-method">
                <span class="method-name">verifyUserCannotuseInvalidPhoneNumber_Test({Email=autogenerate, ExpectedResult=Success, Description=Phone Text Entered ::  Nine Digits, Telepho...)</span>
                <span class="method-start">301472 ms</span>
              </div> <!-- test-method -->
              <div class="configuration-method after">
                <span class="method-name">tearDown</span>
                <span class="method-start">304801 ms</span>
              </div> <!-- configuration-method after -->
              <div class="configuration-method before">
                <span class="method-name">SetUp</span>
                <span class="method-start">304918 ms</span>
              </div> <!-- configuration-method before -->
              <div class="test-method">
                <img src="failed.png">
                </img>
                <span class="method-name">verifyUserCannotuseInvalidPhoneNumber_Test({Email=autogenerate, ExpectedResult=Success, Description=Phone Text Entered ::  Nine Digits, Telepho...)</span>
                <span class="method-start">310553 ms</span>
              </div> <!-- test-method -->
              <div class="configuration-method after">
                <span class="method-name">tearDown</span>
                <span class="method-start">313204 ms</span>
              </div> <!-- configuration-method after -->
              <div class="configuration-method before">
                <span class="method-name">SetUp</span>
                <span class="method-start">313321 ms</span>
              </div> <!-- configuration-method before -->
              <div class="test-method">
                <span class="method-name">verifyUserCannotuseInvalidPhoneNumber_Test({Email=autogenerate, ExpectedResult=Success, Description=Phone Text Entered ::  Eleven Digits, Telep...)</span>
                <span class="method-start">319002 ms</span>
              </div> <!-- test-method -->
              <div class="configuration-method after">
                <span class="method-name">tearDown</span>
                <span class="method-start">321886 ms</span>
              </div> <!-- configuration-method after -->
              <div class="configuration-method before">
                <span class="method-name">SetUp</span>
                <span class="method-start">322001 ms</span>
              </div> <!-- configuration-method before -->
              <div class="test-method">
                <img src="failed.png">
                </img>
                <span class="method-name">verifyUserCannotuseInvalidPhoneNumber_Test({Email=autogenerate, ExpectedResult=Success, Description=Phone Text Entered ::  Eleven Digits, Telep...)</span>
                <span class="method-start">327881 ms</span>
              </div> <!-- test-method -->
              <div class="configuration-method after">
                <span class="method-name">tearDown</span>
                <span class="method-start">330620 ms</span>
              </div> <!-- configuration-method after -->
              <div class="configuration-method before">
                <span class="method-name">SetUp</span>
                <span class="method-start">330756 ms</span>
              </div> <!-- configuration-method before -->
              <div class="test-method">
                <span class="method-name">verifyUserCannotuseInvalidPhoneNumber_Test({Email=autogenerate, ExpectedResult=Success, Description=Phone Text Entered :: Non Numeric, Telephon...)</span>
                <span class="method-start">336444 ms</span>
              </div> <!-- test-method -->
              <div class="configuration-method after">
                <span class="method-name">tearDown</span>
                <span class="method-start">338976 ms</span>
              </div> <!-- configuration-method after -->
              <div class="configuration-method before">
                <span class="method-name">SetUp</span>
                <span class="method-start">339095 ms</span>
              </div> <!-- configuration-method before -->
              <div class="test-method">
                <img src="failed.png">
                </img>
                <span class="method-name">verifyUserCannotuseInvalidPhoneNumber_Test({Email=autogenerate, ExpectedResult=Success, Description=Phone Text Entered :: Non Numeric, Telephon...)</span>
                <span class="method-start">344806 ms</span>
              </div> <!-- test-method -->
              <div class="configuration-method after">
                <span class="method-name">tearDown</span>
                <span class="method-start">347435 ms</span>
              </div> <!-- configuration-method after -->
              <div class="configuration-method before">
                <span class="method-name">SetUp</span>
                <span class="method-start">347559 ms</span>
              </div> <!-- configuration-method before -->
              <div class="test-method">
                <span class="method-name">verifyUserCannotuseInvalidPhoneNumber_Test({Email=autogenerate, ExpectedResult=Success, Description=Phone Text Entered ::   All Special Charact...)</span>
                <span class="method-start">353384 ms</span>
              </div> <!-- test-method -->
              <div class="configuration-method after">
                <span class="method-name">tearDown</span>
                <span class="method-start">355928 ms</span>
              </div> <!-- configuration-method after -->
              <div class="configuration-method before">
                <span class="method-name">SetUp</span>
                <span class="method-start">356035 ms</span>
              </div> <!-- configuration-method before -->
              <div class="test-method">
                <img src="failed.png">
                </img>
                <span class="method-name">verifyUserCannotuseInvalidPhoneNumber_Test({Email=autogenerate, ExpectedResult=Success, Description=Phone Text Entered ::   All Special Charact...)</span>
                <span class="method-start">361702 ms</span>
              </div> <!-- test-method -->
              <div class="configuration-method after">
                <span class="method-name">tearDown</span>
                <span class="method-start">364298 ms</span>
              </div> <!-- configuration-method after -->
              <div class="configuration-method before">
                <span class="method-name">SetUp</span>
                <span class="method-start">364397 ms</span>
              </div> <!-- configuration-method before -->
              <div class="test-method">
                <span class="method-name">verifyUserCannotuseInvalidPhoneNumber_Test({Email=autogenerate, ExpectedResult=Success, Description= Phone Text Entered :: With Spaces, Telepho...)</span>
                <span class="method-start">370159 ms</span>
              </div> <!-- test-method -->
              <div class="configuration-method after">
                <span class="method-name">tearDown</span>
                <span class="method-start">373920 ms</span>
              </div> <!-- configuration-method after -->
              <div class="configuration-method before">
                <span class="method-name">SetUp</span>
                <span class="method-start">374056 ms</span>
              </div> <!-- configuration-method before -->
              <div class="test-method">
                <img src="failed.png">
                </img>
                <span class="method-name">verifyUserCannotuseInvalidPhoneNumber_Test({Email=autogenerate, ExpectedResult=Success, Description= Phone Text Entered :: With Spaces, Telepho...)</span>
                <span class="method-start">379770 ms</span>
              </div> <!-- test-method -->
              <div class="configuration-method after">
                <span class="method-name">tearDown</span>
                <span class="method-start">382529 ms</span>
              </div> <!-- configuration-method after -->
              <div class="configuration-method before">
                <span class="method-name">SetUp</span>
                <span class="method-start">382653 ms</span>
              </div> <!-- configuration-method before -->
              <div class="test-method">
                <span class="method-name">verifyRegisterPagePlaceholders_Test</span>
                <span class="method-start">388364 ms</span>
              </div> <!-- test-method -->
              <div class="configuration-method after">
                <span class="method-name">tearDown</span>
                <span class="method-start">388649 ms</span>
              </div> <!-- configuration-method after -->
              <div class="configuration-method before">
                <span class="method-name">SetUp</span>
                <span class="method-start">388779 ms</span>
              </div> <!-- configuration-method before -->
              <div class="test-method">
                <span class="method-name">verifyAsterickSymbolForMandatoryFields_Test</span>
                <span class="method-start">394638 ms</span>
              </div> <!-- test-method -->
              <div class="configuration-method after">
                <span class="method-name">tearDown</span>
                <span class="method-start">395028 ms</span>
              </div> <!-- configuration-method after -->
              <div class="configuration-method before">
                <span class="method-name">SetUp</span>
                <span class="method-start">395269 ms</span>
              </div> <!-- configuration-method before -->
              <div class="test-method">
                <span class="method-name">verifyPassWordFieldFollowComplexityStandards_Test({Email=autogenerate, ExpectedResult=Success, Description=PWD Entered ::  All Uppercase, Telephone=1....)</span>
                <span class="method-start">401166 ms</span>
              </div> <!-- test-method -->
              <div class="configuration-method after">
                <span class="method-name">tearDown</span>
                <span class="method-start">403637 ms</span>
              </div> <!-- configuration-method after -->
              <div class="configuration-method before">
                <span class="method-name">SetUp</span>
                <span class="method-start">403753 ms</span>
              </div> <!-- configuration-method before -->
              <div class="test-method">
                <img src="failed.png">
                </img>
                <span class="method-name">verifyPassWordFieldFollowComplexityStandards_Test({Email=autogenerate, ExpectedResult=Success, Description=PWD Entered ::  All Uppercase, Telephone=1....)</span>
                <span class="method-start">409522 ms</span>
              </div> <!-- test-method -->
              <div class="configuration-method after">
                <span class="method-name">tearDown</span>
                <span class="method-start">412113 ms</span>
              </div> <!-- configuration-method after -->
              <div class="configuration-method before">
                <span class="method-name">SetUp</span>
                <span class="method-start">412223 ms</span>
              </div> <!-- configuration-method before -->
              <div class="test-method">
                <span class="method-name">verifyPassWordFieldFollowComplexityStandards_Test({Email=autogenerate, ExpectedResult=Success, Description=PWD Entered ::  All Lowercase, Telephone=1....)</span>
                <span class="method-start">417952 ms</span>
              </div> <!-- test-method -->
              <div class="configuration-method after">
                <span class="method-name">tearDown</span>
                <span class="method-start">420442 ms</span>
              </div> <!-- configuration-method after -->
              <div class="configuration-method before">
                <span class="method-name">SetUp</span>
                <span class="method-start">420606 ms</span>
              </div> <!-- configuration-method before -->
              <div class="test-method">
                <img src="failed.png">
                </img>
                <span class="method-name">verifyPassWordFieldFollowComplexityStandards_Test({Email=autogenerate, ExpectedResult=Success, Description=PWD Entered ::  All Lowercase, Telephone=1....)</span>
                <span class="method-start">426411 ms</span>
              </div> <!-- test-method -->
              <div class="configuration-method after">
                <span class="method-name">tearDown</span>
                <span class="method-start">429111 ms</span>
              </div> <!-- configuration-method after -->
              <div class="configuration-method before">
                <span class="method-name">SetUp</span>
                <span class="method-start">429280 ms</span>
              </div> <!-- configuration-method before -->
              <div class="test-method">
                <span class="method-name">verifyPassWordFieldFollowComplexityStandards_Test({Email=autogenerate, ExpectedResult=Success, Description=PWD Entered ::  All Numbers, Telephone=1.23...)</span>
                <span class="method-start">435022 ms</span>
              </div> <!-- test-method -->
              <div class="configuration-method after">
                <span class="method-name">tearDown</span>
                <span class="method-start">437643 ms</span>
              </div> <!-- configuration-method after -->
              <div class="configuration-method before">
                <span class="method-name">SetUp</span>
                <span class="method-start">437761 ms</span>
              </div> <!-- configuration-method before -->
              <div class="test-method">
                <img src="failed.png">
                </img>
                <span class="method-name">verifyPassWordFieldFollowComplexityStandards_Test({Email=autogenerate, ExpectedResult=Success, Description=PWD Entered ::  All Numbers, Telephone=1.23...)</span>
                <span class="method-start">443663 ms</span>
              </div> <!-- test-method -->
              <div class="configuration-method after">
                <span class="method-name">tearDown</span>
                <span class="method-start">446300 ms</span>
              </div> <!-- configuration-method after -->
              <div class="configuration-method before">
                <span class="method-name">SetUp</span>
                <span class="method-start">446413 ms</span>
              </div> <!-- configuration-method before -->
              <div class="test-method">
                <span class="method-name">verifyPassWordFieldFollowComplexityStandards_Test({Email=autogenerate, ExpectedResult=Success, Description=PWD Entered ::  No Numbers, Telephone=1.234...)</span>
                <span class="method-start">452452 ms</span>
              </div> <!-- test-method -->
              <div class="configuration-method after">
                <span class="method-name">tearDown</span>
                <span class="method-start">454895 ms</span>
              </div> <!-- configuration-method after -->
              <div class="configuration-method before">
                <span class="method-name">SetUp</span>
                <span class="method-start">454995 ms</span>
              </div> <!-- configuration-method before -->
              <div class="test-method">
                <img src="failed.png">
                </img>
                <span class="method-name">verifyPassWordFieldFollowComplexityStandards_Test({Email=autogenerate, ExpectedResult=Success, Description=PWD Entered ::  No Numbers, Telephone=1.234...)</span>
                <span class="method-start">460467 ms</span>
              </div> <!-- test-method -->
              <div class="configuration-method after">
                <span class="method-name">tearDown</span>
                <span class="method-start">464748 ms</span>
              </div> <!-- configuration-method after -->
              <div class="configuration-method before">
                <span class="method-name">SetUp</span>
                <span class="method-start">464864 ms</span>
              </div> <!-- configuration-method before -->
              <div class="test-method">
                <span class="method-name">verifyPassWordFieldFollowComplexityStandards_Test({Email=autogenerate, ExpectedResult=Success, Description=PWD Entered ::  All Special Characters, Tel...)</span>
                <span class="method-start">470284 ms</span>
              </div> <!-- test-method -->
              <div class="configuration-method after">
                <span class="method-name">tearDown</span>
                <span class="method-start">473470 ms</span>
              </div> <!-- configuration-method after -->
              <div class="configuration-method before">
                <span class="method-name">SetUp</span>
                <span class="method-start">473584 ms</span>
              </div> <!-- configuration-method before -->
              <div class="test-method">
                <img src="failed.png">
                </img>
                <span class="method-name">verifyPassWordFieldFollowComplexityStandards_Test({Email=autogenerate, ExpectedResult=Success, Description=PWD Entered ::  All Special Characters, Tel...)</span>
                <span class="method-start">479584 ms</span>
              </div> <!-- test-method -->
              <div class="configuration-method after">
                <span class="method-name">tearDown</span>
                <span class="method-start">482215 ms</span>
              </div> <!-- configuration-method after -->
              <div class="configuration-method before">
                <span class="method-name">SetUp</span>
                <span class="method-start">482320 ms</span>
              </div> <!-- configuration-method before -->
              <div class="test-method">
                <span class="method-name">verifyPassWordFieldFollowComplexityStandards_Test({Email=autogenerate, ExpectedResult=Success, Description=PWD Entered ::  No Special Characters, Tele...)</span>
                <span class="method-start">488062 ms</span>
              </div> <!-- test-method -->
              <div class="configuration-method after">
                <span class="method-name">tearDown</span>
                <span class="method-start">491206 ms</span>
              </div> <!-- configuration-method after -->
              <div class="configuration-method before">
                <span class="method-name">SetUp</span>
                <span class="method-start">491319 ms</span>
              </div> <!-- configuration-method before -->
              <div class="test-method">
                <img src="failed.png">
                </img>
                <span class="method-name">verifyPassWordFieldFollowComplexityStandards_Test({Email=autogenerate, ExpectedResult=Success, Description=PWD Entered ::  No Special Characters, Tele...)</span>
                <span class="method-start">497080 ms</span>
              </div> <!-- test-method -->
              <div class="configuration-method after">
                <span class="method-name">tearDown</span>
                <span class="method-start">499678 ms</span>
              </div> <!-- configuration-method after -->
              <div class="configuration-method before">
                <span class="method-name">SetUp</span>
                <span class="method-start">499795 ms</span>
              </div> <!-- configuration-method before -->
              <div class="test-method">
                <span class="method-name">verifyPassWordFieldFollowComplexityStandards_Test({Email=autogenerate, ExpectedResult=Success, Description=PWD Entered ::  With Spaces, Telephone=1.23...)</span>
                <span class="method-start">505652 ms</span>
              </div> <!-- test-method -->
              <div class="configuration-method after">
                <span class="method-name">tearDown</span>
                <span class="method-start">508187 ms</span>
              </div> <!-- configuration-method after -->
              <div class="configuration-method before">
                <span class="method-name">SetUp</span>
                <span class="method-start">508307 ms</span>
              </div> <!-- configuration-method before -->
              <div class="test-method">
                <img src="failed.png">
                </img>
                <span class="method-name">verifyPassWordFieldFollowComplexityStandards_Test({Email=autogenerate, ExpectedResult=Success, Description=PWD Entered ::  With Spaces, Telephone=1.23...)</span>
                <span class="method-start">514086 ms</span>
              </div> <!-- test-method -->
              <div class="configuration-method after">
                <span class="method-name">tearDown</span>
                <span class="method-start">516745 ms</span>
              </div> <!-- configuration-method after -->
              <div class="configuration-method before">
                <span class="method-name">SetUp</span>
                <span class="method-start">516859 ms</span>
              </div> <!-- configuration-method before -->
              <div class="test-method">
                <span class="method-name">verifyCheckboxNotCheckedByDefault_Test</span>
                <span class="method-start">522756 ms</span>
              </div> <!-- test-method -->
              <div class="configuration-method after">
                <span class="method-name">tearDown</span>
                <span class="method-start">522794 ms</span>
              </div> <!-- configuration-method after -->
              <div class="configuration-method before">
                <span class="method-name">SetUp</span>
                <span class="method-start">522926 ms</span>
              </div> <!-- configuration-method before -->
              <div class="test-method">
                <span class="method-name">verifyRegisteringWithNotSelectingPrivacyPolicy_Test</span>
                <span class="method-start">528868 ms</span>
              </div> <!-- test-method -->
              <div class="configuration-method after">
                <span class="method-name">tearDown</span>
                <span class="method-start">530967 ms</span>
              </div> <!-- configuration-method after -->
              <div class="configuration-method before">
                <span class="method-name">SetUp</span>
                <span class="method-start">531106 ms</span>
              </div> <!-- configuration-method before -->
              <div class="test-method">
                <span class="method-name">verifyPasswordAndConfirmPasswordToggledToHide_Test</span>
                <span class="method-start">536857 ms</span>
              </div> <!-- test-method -->
              <div class="configuration-method after">
                <span class="method-name">tearDown</span>
                <span class="method-start">537297 ms</span>
              </div> <!-- configuration-method after -->
              <div class="configuration-method before">
                <span class="method-name">SetUp</span>
                <span class="method-start">537434 ms</span>
              </div> <!-- configuration-method before -->
              <div class="test-method">
                <span class="method-name">verifyRegisteringWithNotEnteringPassConfirm_Test</span>
                <span class="method-start">543367 ms</span>
              </div> <!-- test-method -->
              <div class="configuration-method after">
                <span class="method-name">tearDown</span>
                <span class="method-start">545591 ms</span>
              </div> <!-- configuration-method after -->
              <div class="configuration-method before">
                <span class="method-name">SetUp</span>
                <span class="method-start">545712 ms</span>
              </div> <!-- configuration-method before -->
              <div class="test-method">
                <span class="method-name">verifyConfirmationEmailSendForSuccessfullRegistration_Test</span>
                <span class="method-start">551603 ms</span>
              </div> <!-- test-method -->
              <div class="configuration-method after">
                <span class="method-name">tearDown</span>
                <span class="method-start">554277 ms</span>
              </div> <!-- configuration-method after -->
            </div> <!-- chronological-class -->
            <div class="chronological-class">
              <div class="chronological-class-name">tests.LogoutTest</div> <!-- chronological-class-name -->
              <div class="configuration-method before">
                <span class="method-name">SetUp</span>
                <span class="method-start">554399 ms</span>
              </div> <!-- configuration-method before -->
              <div class="test-method">
                <span class="method-name">verifylogoutFromMyAccountDropMenu_Test</span>
                <span class="method-start">559835 ms</span>
              </div> <!-- test-method -->
              <div class="configuration-method after">
                <span class="method-name">tearDown</span>
                <span class="method-start">562406 ms</span>
              </div> <!-- configuration-method after -->
              <div class="configuration-method before">
                <span class="method-name">SetUp</span>
                <span class="method-start">562517 ms</span>
              </div> <!-- configuration-method before -->
              <div class="test-method">
                <span class="method-name">verifyLogoutFromRightColumnOption_Test</span>
                <span class="method-start">567968 ms</span>
              </div> <!-- test-method -->
              <div class="configuration-method after">
                <span class="method-name">tearDown</span>
                <span class="method-start">570386 ms</span>
              </div> <!-- configuration-method after -->
          </div> <!-- main-panel-content rounded-window-bottom -->
        </div> <!-- panel -->
      </div> <!-- main-panel-root -->
    </div> <!-- wrapper -->
  </body>
<script type="text/javascript" src="testng-reports2.js"></script>
</html>
